2021-06-14 14:49:42.080 INFO  org.hibernate.validator.internal.util.Version     :21   [32m        [0;39m HV000001: Hibernate Validator 6.1.6.Final
2021-06-14 14:49:42.191 INFO  o.s.b.d.env.DevToolsPropertyDefaultsPostProcessor :225  [32m        [0;39m Devtools property defaults active! Set 'spring.devtools.add-properties' to 'false' to disable
2021-06-14 14:49:44.707 INFO  com.company.gateway.gatewayApplication            :651  [32m        [0;39m No active profile set, falling back to default profiles: default
2021-06-14 14:49:45.962 INFO  o.springframework.cloud.context.scope.GenericScope:295  [32m        [0;39m BeanFactory id=426d2911-9084-3af3-8476-343743d8e14c
2021-06-14 14:49:46.066 INFO  o.s.c.s.PostProcessorRegistrationDelegate$BeanPostProcessorChecker:335  [32m        [0;39m Bean 'org.springframework.cloud.client.loadbalancer.reactive.LoadBalancerBeanPostProcessorAutoConfiguration' of type [org.springframework.cloud.client.loadbalancer.reactive.LoadBalancerBeanPostProcessorAutoConfiguration] is not eligible for getting processed by all BeanPostProcessors (for example: not eligible for auto-proxying)
2021-06-14 14:49:46.069 INFO  o.s.c.s.PostProcessorRegistrationDelegate$BeanPostProcessorChecker:335  [32m        [0;39m Bean 'org.springframework.cloud.client.loadbalancer.reactive.LoadBalancerBeanPostProcessorAutoConfiguration$ReactiveLoadBalancerConfig' of type [org.springframework.cloud.client.loadbalancer.reactive.LoadBalancerBeanPostProcessorAutoConfiguration$ReactiveLoadBalancerConfig] is not eligible for getting processed by all BeanPostProcessors (for example: not eligible for auto-proxying)
2021-06-14 14:49:46.072 INFO  o.s.c.s.PostProcessorRegistrationDelegate$BeanPostProcessorChecker:335  [32m        [0;39m Bean 'deferringLoadBalancerExchangeFilterFunction' of type [org.springframework.cloud.client.loadbalancer.reactive.DeferringLoadBalancerExchangeFilterFunction] is not eligible for getting processed by all BeanPostProcessors (for example: not eligible for auto-proxying)
2021-06-14 14:49:46.463 WARN  com.netflix.config.sources.URLConfigurationSource :121  [32m        [0;39m No URLs will be polled as dynamic configuration sources.
2021-06-14 14:49:46.464 INFO  com.netflix.config.sources.URLConfigurationSource :122  [32m        [0;39m To enable URLs as dynamic configuration sources, define System property archaius.configurationSource.additionalUrls or make config.properties available on classpath.
2021-06-14 14:49:46.528 WARN  com.netflix.config.sources.URLConfigurationSource :121  [32m        [0;39m No URLs will be polled as dynamic configuration sources.
2021-06-14 14:49:46.529 INFO  com.netflix.config.sources.URLConfigurationSource :122  [32m        [0;39m To enable URLs as dynamic configuration sources, define System property archaius.configurationSource.additionalUrls or make config.properties available on classpath.
2021-06-14 14:49:46.662 INFO  o.s.c.n.e.c.DiscoveryClientOptionalArgsConfiguration:78   [32m        [0;39m Eureka HTTP Client uses Jersey
2021-06-14 14:49:48.496 INFO  org.springframework.cloud.commons.util.InetUtils  :170  [32m        [0;39m Cannot determine local hostname
2021-06-14 14:49:50.152 INFO  org.springframework.cloud.commons.util.InetUtils  :170  [32m        [0;39m Cannot determine local hostname
2021-06-14 14:49:51.736 INFO  org.springframework.cloud.commons.util.InetUtils  :170  [32m        [0;39m Cannot determine local hostname
2021-06-14 14:49:53.181 INFO  o.s.c.gateway.route.RouteDefinitionRouteLocator   :139  [32m        [0;39m Loaded RoutePredicateFactory [After]
2021-06-14 14:49:53.183 INFO  o.s.c.gateway.route.RouteDefinitionRouteLocator   :139  [32m        [0;39m Loaded RoutePredicateFactory [Before]
2021-06-14 14:49:53.183 INFO  o.s.c.gateway.route.RouteDefinitionRouteLocator   :139  [32m        [0;39m Loaded RoutePredicateFactory [Between]
2021-06-14 14:49:53.183 INFO  o.s.c.gateway.route.RouteDefinitionRouteLocator   :139  [32m        [0;39m Loaded RoutePredicateFactory [Cookie]
2021-06-14 14:49:53.183 INFO  o.s.c.gateway.route.RouteDefinitionRouteLocator   :139  [32m        [0;39m Loaded RoutePredicateFactory [Header]
2021-06-14 14:49:53.183 INFO  o.s.c.gateway.route.RouteDefinitionRouteLocator   :139  [32m        [0;39m Loaded RoutePredicateFactory [Host]
2021-06-14 14:49:53.184 INFO  o.s.c.gateway.route.RouteDefinitionRouteLocator   :139  [32m        [0;39m Loaded RoutePredicateFactory [Method]
2021-06-14 14:49:53.184 INFO  o.s.c.gateway.route.RouteDefinitionRouteLocator   :139  [32m        [0;39m Loaded RoutePredicateFactory [Path]
2021-06-14 14:49:53.184 INFO  o.s.c.gateway.route.RouteDefinitionRouteLocator   :139  [32m        [0;39m Loaded RoutePredicateFactory [Query]
2021-06-14 14:49:53.184 INFO  o.s.c.gateway.route.RouteDefinitionRouteLocator   :139  [32m        [0;39m Loaded RoutePredicateFactory [ReadBody]
2021-06-14 14:49:53.184 INFO  o.s.c.gateway.route.RouteDefinitionRouteLocator   :139  [32m        [0;39m Loaded RoutePredicateFactory [RemoteAddr]
2021-06-14 14:49:53.184 INFO  o.s.c.gateway.route.RouteDefinitionRouteLocator   :139  [32m        [0;39m Loaded RoutePredicateFactory [Weight]
2021-06-14 14:49:53.184 INFO  o.s.c.gateway.route.RouteDefinitionRouteLocator   :139  [32m        [0;39m Loaded RoutePredicateFactory [CloudFoundryRouteService]
2021-06-14 14:49:53.529 WARN  o.s.b.d.autoconfigure.OptionalLiveReloadServer    :61   [32m        [0;39m Unable to start LiveReload server
2021-06-14 14:49:53.532 WARN  o.s.c.l.c.BlockingLoadBalancerClientAutoConfiguration$BlockingLoadBalancerClientRibbonWarnLogger:106  [32m        [0;39m You already have RibbonLoadBalancerClient on your classpath. It will be used by default. As Spring Cloud Ribbon is in maintenance mode. We recommend switching to BlockingLoadBalancerClient instead. In order to use it, set the value of `spring.cloud.loadbalancer.ribbon.enabled` to `false` or remove spring-cloud-starter-netflix-ribbon from your project.
2021-06-14 14:49:53.539 WARN  o.s.c.c.l.r.ReactorLoadBalancerClientAutoConfiguration$ReactorLoadBalancerClientRibbonWarnLogger:83   [32m        [0;39m You have RibbonLoadBalancerClient on your classpath. LoadBalancerExchangeFilterFunction that uses it under the hood will be used by default. Spring Cloud Ribbon is now in maintenance mode, so we suggest switching to ReactorLoadBalancerExchangeFilterFunction instead. In order to use it, set the value of `spring.cloud.loadbalancer.ribbon.enabled` to `false` or remove spring-cloud-starter-netflix-ribbon from your project.
2021-06-14 14:49:53.882 INFO  o.s.cloud.netflix.eureka.InstanceInfoFactory      :72   [32m        [0;39m Setting initial instance status as: STARTING
2021-06-14 14:49:54.037 INFO  com.netflix.discovery.DiscoveryClient             :372  [32m        [0;39m Initializing Eureka in region us-east-1
2021-06-14 14:49:56.742 INFO  c.n.discovery.provider.DiscoveryJerseyProvider    :70   [32m        [0;39m Using JSON encoding codec LegacyJacksonJson
2021-06-14 14:49:56.743 INFO  c.n.discovery.provider.DiscoveryJerseyProvider    :71   [32m        [0;39m Using JSON decoding codec LegacyJacksonJson
2021-06-14 14:49:56.828 INFO  c.n.discovery.provider.DiscoveryJerseyProvider    :80   [32m        [0;39m Using XML encoding codec XStreamXml
2021-06-14 14:49:56.829 INFO  c.n.discovery.provider.DiscoveryJerseyProvider    :81   [32m        [0;39m Using XML decoding codec XStreamXml
2021-06-14 14:49:56.968 INFO  c.n.d.shared.resolver.aws.ConfigClusterResolver   :43   [32m        [0;39m Resolving eureka endpoints via configuration
2021-06-14 14:49:57.631 INFO  com.netflix.discovery.DiscoveryClient             :1007 [32m        [0;39m Disable delta property : false
2021-06-14 14:49:57.632 INFO  com.netflix.discovery.DiscoveryClient             :1008 [32m        [0;39m Single vip registry refresh property : null
2021-06-14 14:49:57.632 INFO  com.netflix.discovery.DiscoveryClient             :1009 [32m        [0;39m Force full registry fetch : false
2021-06-14 14:49:57.632 INFO  com.netflix.discovery.DiscoveryClient             :1010 [32m        [0;39m Application is null : false
2021-06-14 14:49:57.632 INFO  com.netflix.discovery.DiscoveryClient             :1011 [32m        [0;39m Registered Applications size is zero : true
2021-06-14 14:49:57.632 INFO  com.netflix.discovery.DiscoveryClient             :1013 [32m        [0;39m Application version is -1: true
2021-06-14 14:49:57.632 INFO  com.netflix.discovery.DiscoveryClient             :1097 [32m        [0;39m Getting all instance registry info from the eureka server
2021-06-14 14:50:00.246 INFO  com.netflix.discovery.DiscoveryClient             :1106 [32m        [0;39m The response status is 200
2021-06-14 14:50:00.249 INFO  com.netflix.discovery.DiscoveryClient             :1321 [32m        [0;39m Starting heartbeat executor: renew interval is: 30
2021-06-14 14:50:00.251 INFO  com.netflix.discovery.InstanceInfoReplicator      :60   [32m        [0;39m InstanceInfoReplicator onDemand update allowed rate per min is 4
2021-06-14 14:50:00.255 INFO  com.netflix.discovery.DiscoveryClient             :492  [32m        [0;39m Discovery Client initialized at timestamp 1623653400254 with initial instances count: 0
2021-06-14 14:50:00.256 INFO  o.s.c.n.e.serviceregistry.EurekaServiceRegistry   :41   [32m        [0;39m Registering application GATEWAY-CLIENT with eureka with status UP
2021-06-14 14:50:00.257 INFO  com.netflix.discovery.DiscoveryClient             :1352 [32m        [0;39m Saw local status change event StatusChangeEvent [timestamp=1623653400257, current=UP, previous=STARTING]
2021-06-14 14:50:00.259 INFO  com.netflix.discovery.DiscoveryClient             :873  [32m        [0;39m DiscoveryClient_GATEWAY-CLIENT/gateway-9000: registering service...
2021-06-14 14:50:00.514 INFO  com.netflix.discovery.DiscoveryClient             :882  [32m        [0;39m DiscoveryClient_GATEWAY-CLIENT/gateway-9000 - registration status: 204
2021-06-14 14:50:01.375 INFO  o.s.boot.web.embedded.netty.NettyWebServer        :109  [32m        [0;39m Netty started on port(s): 9000
2021-06-14 14:50:01.393 INFO  o.s.c.n.e.s.EurekaAutoServiceRegistration         :145  [32m        [0;39m Updating port to 9000
2021-06-14 14:50:03.091 INFO  org.springframework.cloud.commons.util.InetUtils  :170  [32m        [0;39m Cannot determine local hostname
2021-06-14 14:50:04.641 INFO  org.springframework.cloud.commons.util.InetUtils  :170  [32m        [0;39m Cannot determine local hostname
2021-06-14 14:50:04.651 INFO  com.company.gateway.gatewayApplication            :61   [32m        [0;39m Started gatewayApplication in 25.001 seconds (JVM running for 28.13)
2021-06-14 14:50:04.653 INFO  com.company.gateway.gatewayApplication            :22   [32m        [0;39m 启动成功
2021-06-14 14:50:04.653 INFO  com.company.gateway.gatewayApplication            :23   [32m        [0;39m gateway地址:	http://127.0.0.1:9000
2021-06-14 14:50:30.262 INFO  com.netflix.discovery.DiscoveryClient             :1007 [32m        [0;39m Disable delta property : false
2021-06-14 14:50:30.262 INFO  com.netflix.discovery.DiscoveryClient             :1008 [32m        [0;39m Single vip registry refresh property : null
2021-06-14 14:50:30.264 INFO  com.netflix.discovery.DiscoveryClient             :1009 [32m        [0;39m Force full registry fetch : false
2021-06-14 14:50:30.264 INFO  com.netflix.discovery.DiscoveryClient             :1010 [32m        [0;39m Application is null : false
2021-06-14 14:50:30.264 INFO  com.netflix.discovery.DiscoveryClient             :1011 [32m        [0;39m Registered Applications size is zero : true
2021-06-14 14:50:30.264 INFO  com.netflix.discovery.DiscoveryClient             :1013 [32m        [0;39m Application version is -1: false
2021-06-14 14:50:30.265 INFO  com.netflix.discovery.DiscoveryClient             :1097 [32m        [0;39m Getting all instance registry info from the eureka server
2021-06-14 14:50:30.296 INFO  com.netflix.discovery.DiscoveryClient             :1106 [32m        [0;39m The response status is 200
2021-06-14 14:50:36.120 INFO  com.netflix.config.ChainedDynamicProperty         :115  [32m        [0;39m Flipping property: business-client.ribbon.ActiveConnectionsLimit to use NEXT property: niws.loadbalancer.availabilityFilteringRule.activeConnectionsLimit = 2147483647
2021-06-14 14:50:36.138 INFO  com.netflix.util.concurrent.ShutdownEnabledTimer  :58   [32m        [0;39m Shutdown hook installed for: NFLoadBalancer-PingTimer-business-client
2021-06-14 14:50:36.139 INFO  com.netflix.loadbalancer.BaseLoadBalancer         :197  [32m        [0;39m Client: business-client instantiated a LoadBalancer: DynamicServerListLoadBalancer:{NFLoadBalancer:name=business-client,current list of Servers=[],Load balancer stats=Zone stats: {},Server stats: []}ServerList:null
2021-06-14 14:50:36.145 INFO  c.n.loadbalancer.DynamicServerListLoadBalancer    :222  [32m        [0;39m Using serverListUpdater PollingServerListUpdater
2021-06-14 14:50:36.163 INFO  com.netflix.config.ChainedDynamicProperty         :115  [32m        [0;39m Flipping property: business-client.ribbon.ActiveConnectionsLimit to use NEXT property: niws.loadbalancer.availabilityFilteringRule.activeConnectionsLimit = 2147483647
2021-06-14 14:50:36.164 INFO  c.n.loadbalancer.DynamicServerListLoadBalancer    :150  [32m        [0;39m DynamicServerListLoadBalancer for client business-client initialized: DynamicServerListLoadBalancer:{NFLoadBalancer:name=business-client,current list of Servers=[192.168.200.1:9002],Load balancer stats=Zone stats: {defaultzone=[Zone:defaultzone;	Instance count:1;	Active connections count: 0;	Circuit breaker tripped count: 0;	Active connections per server: 0.0;]
},Server stats: [[Server:192.168.200.1:9002;	Zone:defaultZone;	Total Requests:0;	Successive connection failure:0;	Total blackout seconds:0;	Last connection made:Thu Jan 01 08:00:00 CST 1970;	First connection made: Thu Jan 01 08:00:00 CST 1970;	Active Connections:0;	total failure count in last (1000) msecs:0;	average resp time:0.0;	90 percentile resp time:0.0;	95 percentile resp time:0.0;	min resp time:0.0;	max resp time:0.0;	stddev resp time:0.0]
]}ServerList:org.springframework.cloud.netflix.ribbon.eureka.DomainExtractingServerList@33091a9a
2021-06-14 14:50:37.152 INFO  com.netflix.config.ChainedDynamicProperty         :115  [32m        [0;39m Flipping property: business-client.ribbon.ActiveConnectionsLimit to use NEXT property: niws.loadbalancer.availabilityFilteringRule.activeConnectionsLimit = 2147483647
2021-06-14 14:54:57.649 INFO  c.n.d.shared.resolver.aws.ConfigClusterResolver   :43   [32m        [0;39m Resolving eureka endpoints via configuration
2021-06-14 14:59:57.658 INFO  c.n.d.shared.resolver.aws.ConfigClusterResolver   :43   [32m        [0;39m Resolving eureka endpoints via configuration
2021-06-14 15:04:57.671 INFO  c.n.d.shared.resolver.aws.ConfigClusterResolver   :43   [32m        [0;39m Resolving eureka endpoints via configuration
2021-06-14 15:09:57.684 INFO  c.n.d.shared.resolver.aws.ConfigClusterResolver   :43   [32m        [0;39m Resolving eureka endpoints via configuration
2021-06-14 15:14:57.690 INFO  c.n.d.shared.resolver.aws.ConfigClusterResolver   :43   [32m        [0;39m Resolving eureka endpoints via configuration
2021-06-14 15:19:57.705 INFO  c.n.d.shared.resolver.aws.ConfigClusterResolver   :43   [32m        [0;39m Resolving eureka endpoints via configuration
2021-06-14 15:24:57.713 INFO  c.n.d.shared.resolver.aws.ConfigClusterResolver   :43   [32m        [0;39m Resolving eureka endpoints via configuration
2021-06-14 15:29:57.715 INFO  c.n.d.shared.resolver.aws.ConfigClusterResolver   :43   [32m        [0;39m Resolving eureka endpoints via configuration
2021-06-14 15:34:57.720 INFO  c.n.d.shared.resolver.aws.ConfigClusterResolver   :43   [32m        [0;39m Resolving eureka endpoints via configuration
2021-06-14 15:39:57.725 INFO  c.n.d.shared.resolver.aws.ConfigClusterResolver   :43   [32m        [0;39m Resolving eureka endpoints via configuration
2021-06-14 15:44:57.730 INFO  c.n.d.shared.resolver.aws.ConfigClusterResolver   :43   [32m        [0;39m Resolving eureka endpoints via configuration
2021-06-14 15:49:57.732 INFO  c.n.d.shared.resolver.aws.ConfigClusterResolver   :43   [32m        [0;39m Resolving eureka endpoints via configuration
2021-06-14 15:54:57.740 INFO  c.n.d.shared.resolver.aws.ConfigClusterResolver   :43   [32m        [0;39m Resolving eureka endpoints via configuration
2021-06-14 15:59:57.761 INFO  c.n.d.shared.resolver.aws.ConfigClusterResolver   :43   [32m        [0;39m Resolving eureka endpoints via configuration
2021-06-14 16:04:57.762 INFO  c.n.d.shared.resolver.aws.ConfigClusterResolver   :43   [32m        [0;39m Resolving eureka endpoints via configuration
2021-06-14 16:09:57.777 INFO  c.n.d.shared.resolver.aws.ConfigClusterResolver   :43   [32m        [0;39m Resolving eureka endpoints via configuration
2021-06-14 16:37:58.194 INFO  c.n.d.shared.resolver.aws.ConfigClusterResolver   :43   [32m        [0;39m Resolving eureka endpoints via configuration
2021-06-14 16:42:58.197 INFO  c.n.d.shared.resolver.aws.ConfigClusterResolver   :43   [32m        [0;39m Resolving eureka endpoints via configuration
2021-06-14 16:47:58.206 INFO  c.n.d.shared.resolver.aws.ConfigClusterResolver   :43   [32m        [0;39m Resolving eureka endpoints via configuration
2021-06-14 16:52:58.223 INFO  c.n.d.shared.resolver.aws.ConfigClusterResolver   :43   [32m        [0;39m Resolving eureka endpoints via configuration
2021-06-14 16:57:58.236 INFO  c.n.d.shared.resolver.aws.ConfigClusterResolver   :43   [32m        [0;39m Resolving eureka endpoints via configuration
2021-06-14 17:02:58.248 INFO  c.n.d.shared.resolver.aws.ConfigClusterResolver   :43   [32m        [0;39m Resolving eureka endpoints via configuration
2021-06-14 17:07:58.263 INFO  c.n.d.shared.resolver.aws.ConfigClusterResolver   :43   [32m        [0;39m Resolving eureka endpoints via configuration
2021-06-14 17:12:58.279 INFO  c.n.d.shared.resolver.aws.ConfigClusterResolver   :43   [32m        [0;39m Resolving eureka endpoints via configuration
2021-06-14 21:07:07.725 INFO  org.hibernate.validator.internal.util.Version     :21   [32m        [0;39m HV000001: Hibernate Validator 6.1.6.Final
2021-06-14 21:07:07.807 INFO  o.s.b.d.env.DevToolsPropertyDefaultsPostProcessor :225  [32m        [0;39m Devtools property defaults active! Set 'spring.devtools.add-properties' to 'false' to disable
2021-06-14 21:07:10.161 INFO  com.company.gateway.gatewayApplication            :651  [32m        [0;39m No active profile set, falling back to default profiles: default
2021-06-14 21:07:16.186 INFO  o.springframework.cloud.context.scope.GenericScope:295  [32m        [0;39m BeanFactory id=426d2911-9084-3af3-8476-343743d8e14c
2021-06-14 21:07:16.260 INFO  o.s.c.s.PostProcessorRegistrationDelegate$BeanPostProcessorChecker:335  [32m        [0;39m Bean 'org.springframework.cloud.client.loadbalancer.reactive.LoadBalancerBeanPostProcessorAutoConfiguration' of type [org.springframework.cloud.client.loadbalancer.reactive.LoadBalancerBeanPostProcessorAutoConfiguration] is not eligible for getting processed by all BeanPostProcessors (for example: not eligible for auto-proxying)
2021-06-14 21:07:16.261 INFO  o.s.c.s.PostProcessorRegistrationDelegate$BeanPostProcessorChecker:335  [32m        [0;39m Bean 'org.springframework.cloud.client.loadbalancer.reactive.LoadBalancerBeanPostProcessorAutoConfiguration$ReactiveLoadBalancerConfig' of type [org.springframework.cloud.client.loadbalancer.reactive.LoadBalancerBeanPostProcessorAutoConfiguration$ReactiveLoadBalancerConfig] is not eligible for getting processed by all BeanPostProcessors (for example: not eligible for auto-proxying)
2021-06-14 21:07:16.264 INFO  o.s.c.s.PostProcessorRegistrationDelegate$BeanPostProcessorChecker:335  [32m        [0;39m Bean 'deferringLoadBalancerExchangeFilterFunction' of type [org.springframework.cloud.client.loadbalancer.reactive.DeferringLoadBalancerExchangeFilterFunction] is not eligible for getting processed by all BeanPostProcessors (for example: not eligible for auto-proxying)
2021-06-14 21:07:16.734 WARN  com.netflix.config.sources.URLConfigurationSource :121  [32m        [0;39m No URLs will be polled as dynamic configuration sources.
2021-06-14 21:07:16.734 INFO  com.netflix.config.sources.URLConfigurationSource :122  [32m        [0;39m To enable URLs as dynamic configuration sources, define System property archaius.configurationSource.additionalUrls or make config.properties available on classpath.
2021-06-14 21:07:16.761 WARN  com.netflix.config.sources.URLConfigurationSource :121  [32m        [0;39m No URLs will be polled as dynamic configuration sources.
2021-06-14 21:07:16.761 INFO  com.netflix.config.sources.URLConfigurationSource :122  [32m        [0;39m To enable URLs as dynamic configuration sources, define System property archaius.configurationSource.additionalUrls or make config.properties available on classpath.
2021-06-14 21:07:16.938 INFO  o.s.c.n.e.c.DiscoveryClientOptionalArgsConfiguration:78   [32m        [0;39m Eureka HTTP Client uses Jersey
2021-06-14 21:07:21.191 INFO  o.s.c.gateway.route.RouteDefinitionRouteLocator   :139  [32m        [0;39m Loaded RoutePredicateFactory [After]
2021-06-14 21:07:21.191 INFO  o.s.c.gateway.route.RouteDefinitionRouteLocator   :139  [32m        [0;39m Loaded RoutePredicateFactory [Before]
2021-06-14 21:07:21.191 INFO  o.s.c.gateway.route.RouteDefinitionRouteLocator   :139  [32m        [0;39m Loaded RoutePredicateFactory [Between]
2021-06-14 21:07:21.191 INFO  o.s.c.gateway.route.RouteDefinitionRouteLocator   :139  [32m        [0;39m Loaded RoutePredicateFactory [Cookie]
2021-06-14 21:07:21.192 INFO  o.s.c.gateway.route.RouteDefinitionRouteLocator   :139  [32m        [0;39m Loaded RoutePredicateFactory [Header]
2021-06-14 21:07:21.192 INFO  o.s.c.gateway.route.RouteDefinitionRouteLocator   :139  [32m        [0;39m Loaded RoutePredicateFactory [Host]
2021-06-14 21:07:21.192 INFO  o.s.c.gateway.route.RouteDefinitionRouteLocator   :139  [32m        [0;39m Loaded RoutePredicateFactory [Method]
2021-06-14 21:07:21.192 INFO  o.s.c.gateway.route.RouteDefinitionRouteLocator   :139  [32m        [0;39m Loaded RoutePredicateFactory [Path]
2021-06-14 21:07:21.192 INFO  o.s.c.gateway.route.RouteDefinitionRouteLocator   :139  [32m        [0;39m Loaded RoutePredicateFactory [Query]
2021-06-14 21:07:21.193 INFO  o.s.c.gateway.route.RouteDefinitionRouteLocator   :139  [32m        [0;39m Loaded RoutePredicateFactory [ReadBody]
2021-06-14 21:07:21.193 INFO  o.s.c.gateway.route.RouteDefinitionRouteLocator   :139  [32m        [0;39m Loaded RoutePredicateFactory [RemoteAddr]
2021-06-14 21:07:21.193 INFO  o.s.c.gateway.route.RouteDefinitionRouteLocator   :139  [32m        [0;39m Loaded RoutePredicateFactory [Weight]
2021-06-14 21:07:21.193 INFO  o.s.c.gateway.route.RouteDefinitionRouteLocator   :139  [32m        [0;39m Loaded RoutePredicateFactory [CloudFoundryRouteService]
2021-06-14 21:07:21.559 WARN  o.s.b.d.autoconfigure.OptionalLiveReloadServer    :61   [32m        [0;39m Unable to start LiveReload server
2021-06-14 21:07:21.563 WARN  o.s.c.l.c.BlockingLoadBalancerClientAutoConfiguration$BlockingLoadBalancerClientRibbonWarnLogger:106  [32m        [0;39m You already have RibbonLoadBalancerClient on your classpath. It will be used by default. As Spring Cloud Ribbon is in maintenance mode. We recommend switching to BlockingLoadBalancerClient instead. In order to use it, set the value of `spring.cloud.loadbalancer.ribbon.enabled` to `false` or remove spring-cloud-starter-netflix-ribbon from your project.
2021-06-14 21:07:21.571 WARN  o.s.c.c.l.r.ReactorLoadBalancerClientAutoConfiguration$ReactorLoadBalancerClientRibbonWarnLogger:83   [32m        [0;39m You have RibbonLoadBalancerClient on your classpath. LoadBalancerExchangeFilterFunction that uses it under the hood will be used by default. Spring Cloud Ribbon is now in maintenance mode, so we suggest switching to ReactorLoadBalancerExchangeFilterFunction instead. In order to use it, set the value of `spring.cloud.loadbalancer.ribbon.enabled` to `false` or remove spring-cloud-starter-netflix-ribbon from your project.
2021-06-14 21:07:21.839 INFO  o.s.cloud.netflix.eureka.InstanceInfoFactory      :72   [32m        [0;39m Setting initial instance status as: STARTING
2021-06-14 21:07:22.003 INFO  com.netflix.discovery.DiscoveryClient             :372  [32m        [0;39m Initializing Eureka in region us-east-1
2021-06-14 21:07:23.632 INFO  c.n.discovery.provider.DiscoveryJerseyProvider    :70   [32m        [0;39m Using JSON encoding codec LegacyJacksonJson
2021-06-14 21:07:23.632 INFO  c.n.discovery.provider.DiscoveryJerseyProvider    :71   [32m        [0;39m Using JSON decoding codec LegacyJacksonJson
2021-06-14 21:07:23.721 INFO  c.n.discovery.provider.DiscoveryJerseyProvider    :80   [32m        [0;39m Using XML encoding codec XStreamXml
2021-06-14 21:07:23.721 INFO  c.n.discovery.provider.DiscoveryJerseyProvider    :81   [32m        [0;39m Using XML decoding codec XStreamXml
2021-06-14 21:07:23.901 INFO  c.n.d.shared.resolver.aws.ConfigClusterResolver   :43   [32m        [0;39m Resolving eureka endpoints via configuration
2021-06-14 21:07:24.477 INFO  com.netflix.discovery.DiscoveryClient             :1007 [32m        [0;39m Disable delta property : false
2021-06-14 21:07:24.477 INFO  com.netflix.discovery.DiscoveryClient             :1008 [32m        [0;39m Single vip registry refresh property : null
2021-06-14 21:07:24.477 INFO  com.netflix.discovery.DiscoveryClient             :1009 [32m        [0;39m Force full registry fetch : false
2021-06-14 21:07:24.477 INFO  com.netflix.discovery.DiscoveryClient             :1010 [32m        [0;39m Application is null : false
2021-06-14 21:07:24.478 INFO  com.netflix.discovery.DiscoveryClient             :1011 [32m        [0;39m Registered Applications size is zero : true
2021-06-14 21:07:24.478 INFO  com.netflix.discovery.DiscoveryClient             :1013 [32m        [0;39m Application version is -1: true
2021-06-14 21:07:24.478 INFO  com.netflix.discovery.DiscoveryClient             :1097 [32m        [0;39m Getting all instance registry info from the eureka server
2021-06-14 21:07:24.884 INFO  com.netflix.discovery.DiscoveryClient             :1106 [32m        [0;39m The response status is 200
2021-06-14 21:07:24.887 INFO  com.netflix.discovery.DiscoveryClient             :1321 [32m        [0;39m Starting heartbeat executor: renew interval is: 30
2021-06-14 21:07:24.890 INFO  com.netflix.discovery.InstanceInfoReplicator      :60   [32m        [0;39m InstanceInfoReplicator onDemand update allowed rate per min is 4
2021-06-14 21:07:24.894 INFO  com.netflix.discovery.DiscoveryClient             :492  [32m        [0;39m Discovery Client initialized at timestamp 1623676044893 with initial instances count: 0
2021-06-14 21:07:24.895 INFO  o.s.c.n.e.serviceregistry.EurekaServiceRegistry   :41   [32m        [0;39m Registering application GATEWAY-CLIENT with eureka with status UP
2021-06-14 21:07:24.896 INFO  com.netflix.discovery.DiscoveryClient             :1352 [32m        [0;39m Saw local status change event StatusChangeEvent [timestamp=1623676044896, current=UP, previous=STARTING]
2021-06-14 21:07:24.899 INFO  com.netflix.discovery.DiscoveryClient             :873  [32m        [0;39m DiscoveryClient_GATEWAY-CLIENT/gateway-9000: registering service...
2021-06-14 21:07:25.083 INFO  com.netflix.discovery.DiscoveryClient             :882  [32m        [0;39m DiscoveryClient_GATEWAY-CLIENT/gateway-9000 - registration status: 204
2021-06-14 21:07:26.264 INFO  o.s.boot.web.embedded.netty.NettyWebServer        :109  [32m        [0;39m Netty started on port(s): 9000
2021-06-14 21:07:26.291 INFO  o.s.c.n.e.s.EurekaAutoServiceRegistration         :145  [32m        [0;39m Updating port to 9000
2021-06-14 21:07:28.101 INFO  com.company.gateway.gatewayApplication            :61   [32m        [0;39m Started gatewayApplication in 21.998 seconds (JVM running for 24.743)
2021-06-14 21:07:28.104 INFO  com.company.gateway.gatewayApplication            :22   [32m        [0;39m 启动成功
2021-06-14 21:07:28.105 INFO  com.company.gateway.gatewayApplication            :23   [32m        [0;39m gateway地址:	http://127.0.0.1:9000
2021-06-14 21:07:54.889 INFO  com.netflix.discovery.DiscoveryClient             :1007 [32m        [0;39m Disable delta property : false
2021-06-14 21:07:54.889 INFO  com.netflix.discovery.DiscoveryClient             :1008 [32m        [0;39m Single vip registry refresh property : null
2021-06-14 21:07:54.889 INFO  com.netflix.discovery.DiscoveryClient             :1009 [32m        [0;39m Force full registry fetch : false
2021-06-14 21:07:54.889 INFO  com.netflix.discovery.DiscoveryClient             :1010 [32m        [0;39m Application is null : false
2021-06-14 21:07:54.889 INFO  com.netflix.discovery.DiscoveryClient             :1011 [32m        [0;39m Registered Applications size is zero : true
2021-06-14 21:07:54.889 INFO  com.netflix.discovery.DiscoveryClient             :1013 [32m        [0;39m Application version is -1: false
2021-06-14 21:07:54.889 INFO  com.netflix.discovery.DiscoveryClient             :1097 [32m        [0;39m Getting all instance registry info from the eureka server
2021-06-14 21:07:54.930 INFO  com.netflix.discovery.DiscoveryClient             :1106 [32m        [0;39m The response status is 200
