2021-06-08 13:47:43.231 INFO  org.hibernate.validator.internal.util.Version     :21   [32m        [0;39m HV000001: Hibernate Validator 6.1.6.Final
2021-06-08 13:47:43.345 INFO  o.s.b.d.env.DevToolsPropertyDefaultsPostProcessor :225  [32m        [0;39m Devtools property defaults active! Set 'spring.devtools.add-properties' to 'false' to disable
2021-06-08 13:47:45.075 INFO  com.company.eureka.eurekaApplication              :651  [32m        [0;39m No active profile set, falling back to default profiles: default
2021-06-08 13:47:46.360 WARN  o.springframework.boot.actuate.endpoint.EndpointId:155  [32m        [0;39m Endpoint ID 'service-registry' contains invalid characters, please migrate to a valid format.
2021-06-08 13:47:46.533 INFO  o.springframework.cloud.context.scope.GenericScope:295  [32m        [0;39m BeanFactory id=a93d4eea-3d8f-333e-aba9-19fd52c7a74d
2021-06-08 13:47:47.227 INFO  o.s.boot.web.embedded.tomcat.TomcatWebServer      :108  [32m        [0;39m Tomcat initialized with port(s): 8761 (http)
2021-06-08 13:47:47.266 INFO  org.apache.coyote.http11.Http11NioProtocol        :173  [32m        [0;39m Initializing ProtocolHandler ["http-nio-8761"]
2021-06-08 13:47:47.267 INFO  org.apache.catalina.core.StandardService          :173  [32m        [0;39m Starting service [Tomcat]
2021-06-08 13:47:47.267 INFO  org.apache.catalina.core.StandardEngine           :173  [32m        [0;39m Starting Servlet engine: [Apache Tomcat/9.0.39]
2021-06-08 13:47:47.470 INFO  o.a.c.core.ContainerBase.[Tomcat].[localhost].[/] :173  [32m        [0;39m Initializing Spring embedded WebApplicationContext
2021-06-08 13:47:47.470 INFO  o.s.b.w.s.c.ServletWebServerApplicationContext    :285  [32m        [0;39m Root WebApplicationContext: initialization completed in 2380 ms
2021-06-08 13:47:47.567 WARN  com.netflix.config.sources.URLConfigurationSource :126  [32m        [0;39m No URLs will be polled as dynamic configuration sources.
2021-06-08 13:47:47.568 INFO  com.netflix.config.sources.URLConfigurationSource :127  [32m        [0;39m To enable URLs as dynamic configuration sources, define System property archaius.configurationSource.additionalUrls or make config.properties available on classpath.
2021-06-08 13:47:47.576 INFO  com.netflix.config.DynamicPropertyFactory         :281  [32m        [0;39m DynamicPropertyFactory is initialized with configuration sources: com.netflix.config.ConcurrentCompositeConfiguration@2e37d1bc
2021-06-08 13:47:48.010 INFO  c.s.j.server.impl.application.WebApplicationImpl  :815  [32m        [0;39m Initiating Jersey application, version 'Jersey: 1.19.4 05/24/2017 03:20 PM'
2021-06-08 13:47:48.082 INFO  c.n.discovery.provider.DiscoveryJerseyProvider    :70   [32m        [0;39m Using JSON encoding codec LegacyJacksonJson
2021-06-08 13:47:48.082 INFO  c.n.discovery.provider.DiscoveryJerseyProvider    :71   [32m        [0;39m Using JSON decoding codec LegacyJacksonJson
2021-06-08 13:47:48.242 INFO  c.n.discovery.provider.DiscoveryJerseyProvider    :80   [32m        [0;39m Using XML encoding codec XStreamXml
2021-06-08 13:47:48.242 INFO  c.n.discovery.provider.DiscoveryJerseyProvider    :81   [32m        [0;39m Using XML decoding codec XStreamXml
2021-06-08 13:47:48.684 WARN  com.netflix.config.sources.URLConfigurationSource :126  [32m        [0;39m No URLs will be polled as dynamic configuration sources.
2021-06-08 13:47:48.684 INFO  com.netflix.config.sources.URLConfigurationSource :127  [32m        [0;39m To enable URLs as dynamic configuration sources, define System property archaius.configurationSource.additionalUrls or make config.properties available on classpath.
2021-06-08 13:47:48.877 INFO  o.s.scheduling.concurrent.ThreadPoolTaskExecutor  :181  [32m        [0;39m Initializing ExecutorService 'applicationTaskExecutor'
2021-06-08 13:47:49.961 INFO  o.s.b.d.autoconfigure.OptionalLiveReloadServer    :58   [32m        [0;39m LiveReload server is running on port 35729
2021-06-08 13:47:50.547 INFO  o.s.c.n.e.c.DiscoveryClientOptionalArgsConfiguration:78   [32m        [0;39m Eureka HTTP Client uses Jersey
2021-06-08 13:47:50.593 WARN  o.s.c.l.c.BlockingLoadBalancerClientAutoConfiguration$BlockingLoadBalancerClientRibbonWarnLogger:106  [32m        [0;39m You already have RibbonLoadBalancerClient on your classpath. It will be used by default. As Spring Cloud Ribbon is in maintenance mode. We recommend switching to BlockingLoadBalancerClient instead. In order to use it, set the value of `spring.cloud.loadbalancer.ribbon.enabled` to `false` or remove spring-cloud-starter-netflix-ribbon from your project.
2021-06-08 13:47:50.684 INFO  o.s.cloud.netflix.eureka.InstanceInfoFactory      :72   [32m        [0;39m Setting initial instance status as: STARTING
2021-06-08 13:47:50.783 INFO  com.netflix.discovery.DiscoveryClient             :372  [32m        [0;39m Initializing Eureka in region us-east-1
2021-06-08 13:47:50.783 INFO  com.netflix.discovery.DiscoveryClient             :375  [32m        [0;39m Client configured to neither register nor query for data.
2021-06-08 13:47:50.792 INFO  com.netflix.discovery.DiscoveryClient             :390  [32m        [0;39m Discovery Client initialized at timestamp 1623131270791 with initial instances count: 0
2021-06-08 13:47:50.843 INFO  com.netflix.eureka.DefaultEurekaServerContext     :66   [32m        [0;39m Initializing ...
2021-06-08 13:47:50.844 INFO  com.netflix.eureka.cluster.PeerEurekaNodes        :187  [32m        [0;39m Adding new peer nodes [http://localhost:8761/eureka/]
2021-06-08 13:47:51.426 INFO  c.n.discovery.provider.DiscoveryJerseyProvider    :70   [32m        [0;39m Using JSON encoding codec LegacyJacksonJson
2021-06-08 13:47:51.426 INFO  c.n.discovery.provider.DiscoveryJerseyProvider    :71   [32m        [0;39m Using JSON decoding codec LegacyJacksonJson
2021-06-08 13:47:51.426 INFO  c.n.discovery.provider.DiscoveryJerseyProvider    :80   [32m        [0;39m Using XML encoding codec XStreamXml
2021-06-08 13:47:51.426 INFO  c.n.discovery.provider.DiscoveryJerseyProvider    :81   [32m        [0;39m Using XML decoding codec XStreamXml
2021-06-08 13:47:51.523 INFO  com.netflix.eureka.cluster.PeerEurekaNodes        :109  [32m        [0;39m Replica node URL:  http://localhost:8761/eureka/
2021-06-08 13:47:51.546 INFO  c.netflix.eureka.registry.AbstractInstanceRegistry:153  [32m        [0;39m Finished initializing remote region registries. All known remote regions: []
2021-06-08 13:47:51.547 INFO  com.netflix.eureka.DefaultEurekaServerContext     :73   [32m        [0;39m Initialized
2021-06-08 13:47:51.575 INFO  o.s.b.actuate.endpoint.web.EndpointLinksResolver  :58   [32m        [0;39m Exposing 2 endpoint(s) beneath base path '/actuator'
2021-06-08 13:47:51.660 INFO  o.s.c.n.e.serviceregistry.EurekaServiceRegistry   :41   [32m        [0;39m Registering application EUREKA-SERVER with eureka with status UP
2021-06-08 13:47:51.662 INFO  org.apache.coyote.http11.Http11NioProtocol        :173  [32m        [0;39m Starting ProtocolHandler ["http-nio-8761"]
2021-06-08 13:47:51.662 INFO  o.s.c.netflix.eureka.server.EurekaServerBootstrap :110  [32m        [0;39m Setting the eureka configuration..
2021-06-08 13:47:51.663 INFO  o.s.c.netflix.eureka.server.EurekaServerBootstrap :115  [32m        [0;39m Eureka data center value eureka.datacenter is not set, defaulting to default
2021-06-08 13:47:51.664 INFO  o.s.c.netflix.eureka.server.EurekaServerBootstrap :129  [32m        [0;39m Eureka environment value eureka.environment is not set, defaulting to test
2021-06-08 13:47:51.723 INFO  o.s.boot.web.embedded.tomcat.TomcatWebServer      :220  [32m        [0;39m Tomcat started on port(s): 8761 (http) with context path ''
2021-06-08 13:47:51.724 INFO  o.s.c.netflix.eureka.server.EurekaServerBootstrap :188  [32m        [0;39m isAws returned false
2021-06-08 13:47:51.724 INFO  o.s.c.n.e.s.EurekaAutoServiceRegistration         :145  [32m        [0;39m Updating port to 8761
2021-06-08 13:47:51.725 INFO  o.s.c.netflix.eureka.server.EurekaServerBootstrap :153  [32m        [0;39m Initialized server context
2021-06-08 13:47:51.725 INFO  c.n.eureka.registry.PeerAwareInstanceRegistryImpl :244  [32m        [0;39m Got 1 instances from neighboring DS node
2021-06-08 13:47:51.725 INFO  c.n.eureka.registry.PeerAwareInstanceRegistryImpl :245  [32m        [0;39m Renew threshold is: 1
2021-06-08 13:47:51.725 INFO  c.n.eureka.registry.PeerAwareInstanceRegistryImpl :256  [32m        [0;39m Changing status to UP
2021-06-08 13:47:51.734 INFO  o.s.c.n.e.s.EurekaServerInitializerConfiguration  :72   [32m        [0;39m Started Eureka Server
2021-06-08 13:47:52.338 INFO  com.company.eureka.eurekaApplication              :61   [32m        [0;39m Started eurekaApplication in 10.472 seconds (JVM running for 12.892)
2021-06-08 13:47:52.343 INFO  com.company.eureka.eurekaApplication              :17   [32m        [0;39m 启动成功
2021-06-08 13:47:52.343 INFO  com.company.eureka.eurekaApplication              :18   [32m        [0;39m Eureka地址:	http://127.0.0.1:8761
2021-06-08 13:47:52.711 INFO  o.a.c.core.ContainerBase.[Tomcat].[localhost].[/] :173  [32m        [0;39m Initializing Spring DispatcherServlet 'dispatcherServlet'
2021-06-08 13:47:52.711 INFO  org.springframework.web.servlet.DispatcherServlet :525  [32m        [0;39m Initializing Servlet 'dispatcherServlet'
2021-06-08 13:47:52.716 INFO  org.springframework.web.servlet.DispatcherServlet :547  [32m        [0;39m Completed initialization in 5 ms
2021-06-08 13:48:03.976 INFO  c.netflix.eureka.registry.AbstractInstanceRegistry:266  [32m        [0;39m Registered instance GATEWAY-CLIENT/gateway-9000 with status UP (replication=false)
2021-06-08 13:48:04.612 INFO  c.netflix.eureka.registry.AbstractInstanceRegistry:266  [32m        [0;39m Registered instance GATEWAY-CLIENT/gateway-9000 with status UP (replication=true)
2021-06-08 13:48:14.463 INFO  c.netflix.eureka.registry.AbstractInstanceRegistry:266  [32m        [0;39m Registered instance BUSINESS-CLIENT/business-9002 with status UP (replication=false)
2021-06-08 13:48:14.995 INFO  c.netflix.eureka.registry.AbstractInstanceRegistry:266  [32m        [0;39m Registered instance BUSINESS-CLIENT/business-9002 with status UP (replication=true)
