2021-06-11 10:44:29.961 INFO  org.hibernate.validator.internal.util.Version     :21   [32m        [0;39m HV000001: Hibernate Validator 6.1.6.Final
2021-06-11 10:44:30.111 INFO  o.s.b.d.env.DevToolsPropertyDefaultsPostProcessor :225  [32m        [0;39m Devtools property defaults active! Set 'spring.devtools.add-properties' to 'false' to disable
2021-06-11 10:44:33.214 INFO  com.company.eureka.eurekaApplication              :651  [32m        [0;39m No active profile set, falling back to default profiles: default
2021-06-11 10:44:35.581 WARN  o.springframework.boot.actuate.endpoint.EndpointId:155  [32m        [0;39m Endpoint ID 'service-registry' contains invalid characters, please migrate to a valid format.
2021-06-11 10:44:35.962 INFO  o.springframework.cloud.context.scope.GenericScope:295  [32m        [0;39m BeanFactory id=a93d4eea-3d8f-333e-aba9-19fd52c7a74d
2021-06-11 10:44:37.249 INFO  o.s.boot.web.embedded.tomcat.TomcatWebServer      :108  [32m        [0;39m Tomcat initialized with port(s): 8761 (http)
2021-06-11 10:44:37.461 INFO  org.apache.coyote.http11.Http11NioProtocol        :173  [32m        [0;39m Initializing ProtocolHandler ["http-nio-8761"]
2021-06-11 10:44:37.463 INFO  org.apache.catalina.core.StandardService          :173  [32m        [0;39m Starting service [Tomcat]
2021-06-11 10:44:37.464 INFO  org.apache.catalina.core.StandardEngine           :173  [32m        [0;39m Starting Servlet engine: [Apache Tomcat/9.0.39]
2021-06-11 10:44:37.778 INFO  o.a.c.core.ContainerBase.[Tomcat].[localhost].[/] :173  [32m        [0;39m Initializing Spring embedded WebApplicationContext
2021-06-11 10:44:37.779 INFO  o.s.b.w.s.c.ServletWebServerApplicationContext    :285  [32m        [0;39m Root WebApplicationContext: initialization completed in 4518 ms
2021-06-11 10:44:38.108 WARN  com.netflix.config.sources.URLConfigurationSource :126  [32m        [0;39m No URLs will be polled as dynamic configuration sources.
2021-06-11 10:44:38.110 INFO  com.netflix.config.sources.URLConfigurationSource :127  [32m        [0;39m To enable URLs as dynamic configuration sources, define System property archaius.configurationSource.additionalUrls or make config.properties available on classpath.
2021-06-11 10:44:38.135 INFO  com.netflix.config.DynamicPropertyFactory         :281  [32m        [0;39m DynamicPropertyFactory is initialized with configuration sources: com.netflix.config.ConcurrentCompositeConfiguration@22a1fe93
2021-06-11 10:44:40.017 INFO  c.s.j.server.impl.application.WebApplicationImpl  :815  [32m        [0;39m Initiating Jersey application, version 'Jersey: 1.19.4 05/24/2017 03:20 PM'
2021-06-11 10:44:40.362 INFO  c.n.discovery.provider.DiscoveryJerseyProvider    :70   [32m        [0;39m Using JSON encoding codec LegacyJacksonJson
2021-06-11 10:44:40.363 INFO  c.n.discovery.provider.DiscoveryJerseyProvider    :71   [32m        [0;39m Using JSON decoding codec LegacyJacksonJson
2021-06-11 10:44:40.705 INFO  c.n.discovery.provider.DiscoveryJerseyProvider    :80   [32m        [0;39m Using XML encoding codec XStreamXml
2021-06-11 10:44:40.706 INFO  c.n.discovery.provider.DiscoveryJerseyProvider    :81   [32m        [0;39m Using XML decoding codec XStreamXml
2021-06-11 10:44:42.384 WARN  com.netflix.config.sources.URLConfigurationSource :126  [32m        [0;39m No URLs will be polled as dynamic configuration sources.
2021-06-11 10:44:42.384 INFO  com.netflix.config.sources.URLConfigurationSource :127  [32m        [0;39m To enable URLs as dynamic configuration sources, define System property archaius.configurationSource.additionalUrls or make config.properties available on classpath.
2021-06-11 10:44:42.733 INFO  o.s.scheduling.concurrent.ThreadPoolTaskExecutor  :181  [32m        [0;39m Initializing ExecutorService 'applicationTaskExecutor'
2021-06-11 10:44:45.837 WARN  o.s.b.d.autoconfigure.OptionalLiveReloadServer    :61   [32m        [0;39m Unable to start LiveReload server
2021-06-11 10:44:47.850 INFO  o.s.c.n.e.c.DiscoveryClientOptionalArgsConfiguration:78   [32m        [0;39m Eureka HTTP Client uses Jersey
2021-06-11 10:44:47.911 WARN  o.s.c.l.c.BlockingLoadBalancerClientAutoConfiguration$BlockingLoadBalancerClientRibbonWarnLogger:106  [32m        [0;39m You already have RibbonLoadBalancerClient on your classpath. It will be used by default. As Spring Cloud Ribbon is in maintenance mode. We recommend switching to BlockingLoadBalancerClient instead. In order to use it, set the value of `spring.cloud.loadbalancer.ribbon.enabled` to `false` or remove spring-cloud-starter-netflix-ribbon from your project.
2021-06-11 10:44:48.046 INFO  o.s.cloud.netflix.eureka.InstanceInfoFactory      :72   [32m        [0;39m Setting initial instance status as: STARTING
2021-06-11 10:44:48.116 INFO  com.netflix.discovery.DiscoveryClient             :372  [32m        [0;39m Initializing Eureka in region us-east-1
2021-06-11 10:44:48.117 INFO  com.netflix.discovery.DiscoveryClient             :375  [32m        [0;39m Client configured to neither register nor query for data.
2021-06-11 10:44:48.129 INFO  com.netflix.discovery.DiscoveryClient             :390  [32m        [0;39m Discovery Client initialized at timestamp 1623379488127 with initial instances count: 0
2021-06-11 10:44:48.218 INFO  com.netflix.eureka.DefaultEurekaServerContext     :66   [32m        [0;39m Initializing ...
2021-06-11 10:44:48.222 INFO  com.netflix.eureka.cluster.PeerEurekaNodes        :187  [32m        [0;39m Adding new peer nodes [http://localhost:8761/eureka/]
2021-06-11 10:44:50.267 INFO  c.n.discovery.provider.DiscoveryJerseyProvider    :70   [32m        [0;39m Using JSON encoding codec LegacyJacksonJson
2021-06-11 10:44:50.269 INFO  c.n.discovery.provider.DiscoveryJerseyProvider    :71   [32m        [0;39m Using JSON decoding codec LegacyJacksonJson
2021-06-11 10:44:50.270 INFO  c.n.discovery.provider.DiscoveryJerseyProvider    :80   [32m        [0;39m Using XML encoding codec XStreamXml
2021-06-11 10:44:50.271 INFO  c.n.discovery.provider.DiscoveryJerseyProvider    :81   [32m        [0;39m Using XML decoding codec XStreamXml
2021-06-11 10:44:50.574 INFO  com.netflix.eureka.cluster.PeerEurekaNodes        :109  [32m        [0;39m Replica node URL:  http://localhost:8761/eureka/
2021-06-11 10:44:50.612 INFO  c.netflix.eureka.registry.AbstractInstanceRegistry:153  [32m        [0;39m Finished initializing remote region registries. All known remote regions: []
2021-06-11 10:44:50.615 INFO  com.netflix.eureka.DefaultEurekaServerContext     :73   [32m        [0;39m Initialized
2021-06-11 10:44:50.662 INFO  o.s.b.actuate.endpoint.web.EndpointLinksResolver  :58   [32m        [0;39m Exposing 2 endpoint(s) beneath base path '/actuator'
2021-06-11 10:44:50.862 INFO  o.s.c.n.e.serviceregistry.EurekaServiceRegistry   :41   [32m        [0;39m Registering application EUREKA-SERVER with eureka with status UP
2021-06-11 10:44:50.869 INFO  org.apache.coyote.http11.Http11NioProtocol        :173  [32m        [0;39m Starting ProtocolHandler ["http-nio-8761"]
2021-06-11 10:44:50.871 INFO  o.s.c.netflix.eureka.server.EurekaServerBootstrap :110  [32m        [0;39m Setting the eureka configuration..
2021-06-11 10:44:50.873 INFO  o.s.c.netflix.eureka.server.EurekaServerBootstrap :115  [32m        [0;39m Eureka data center value eureka.datacenter is not set, defaulting to default
2021-06-11 10:44:50.875 INFO  o.s.c.netflix.eureka.server.EurekaServerBootstrap :129  [32m        [0;39m Eureka environment value eureka.environment is not set, defaulting to test
2021-06-11 10:44:50.907 INFO  o.s.c.netflix.eureka.server.EurekaServerBootstrap :188  [32m        [0;39m isAws returned false
2021-06-11 10:44:50.908 INFO  o.s.c.netflix.eureka.server.EurekaServerBootstrap :153  [32m        [0;39m Initialized server context
2021-06-11 10:44:50.909 INFO  c.n.eureka.registry.PeerAwareInstanceRegistryImpl :244  [32m        [0;39m Got 1 instances from neighboring DS node
2021-06-11 10:44:50.910 INFO  c.n.eureka.registry.PeerAwareInstanceRegistryImpl :245  [32m        [0;39m Renew threshold is: 1
2021-06-11 10:44:50.910 INFO  c.n.eureka.registry.PeerAwareInstanceRegistryImpl :256  [32m        [0;39m Changing status to UP
2021-06-11 10:44:50.933 INFO  o.s.c.n.e.s.EurekaServerInitializerConfiguration  :72   [32m        [0;39m Started Eureka Server
2021-06-11 10:44:50.947 INFO  o.s.boot.web.embedded.tomcat.TomcatWebServer      :220  [32m        [0;39m Tomcat started on port(s): 8761 (http) with context path ''
2021-06-11 10:44:50.950 INFO  o.s.c.n.e.s.EurekaAutoServiceRegistration         :145  [32m        [0;39m Updating port to 8761
2021-06-11 10:44:51.696 INFO  o.a.c.core.ContainerBase.[Tomcat].[localhost].[/] :173  [32m        [0;39m Initializing Spring DispatcherServlet 'dispatcherServlet'
2021-06-11 10:44:51.697 INFO  org.springframework.web.servlet.DispatcherServlet :525  [32m        [0;39m Initializing Servlet 'dispatcherServlet'
2021-06-11 10:44:51.712 INFO  org.springframework.web.servlet.DispatcherServlet :547  [32m        [0;39m Completed initialization in 14 ms
2021-06-11 10:44:51.992 INFO  c.netflix.eureka.registry.AbstractInstanceRegistry:266  [32m        [0;39m Registered instance BUSINESS-CLIENT/business-9002 with status UP (replication=false)
2021-06-11 10:44:52.828 INFO  c.netflix.eureka.registry.AbstractInstanceRegistry:266  [32m        [0;39m Registered instance BUSINESS-CLIENT/business-9002 with status UP (replication=true)
2021-06-11 10:44:53.642 INFO  com.company.eureka.eurekaApplication              :61   [32m        [0;39m Started eurekaApplication in 27.729 seconds (JVM running for 33.549)
2021-06-11 10:44:53.659 INFO  com.company.eureka.eurekaApplication              :17   [32m        [0;39m 启动成功
2021-06-11 10:44:53.660 INFO  com.company.eureka.eurekaApplication              :18   [32m        [0;39m Eureka地址:	http://127.0.0.1:8761
2021-06-11 10:45:18.321 INFO  c.netflix.eureka.registry.AbstractInstanceRegistry:266  [32m        [0;39m Registered instance GATEWAY-CLIENT/gateway-9000 with status UP (replication=false)
2021-06-11 10:45:18.843 INFO  c.netflix.eureka.registry.AbstractInstanceRegistry:266  [32m        [0;39m Registered instance GATEWAY-CLIENT/gateway-9000 with status UP (replication=true)
2021-06-11 10:45:50.928 INFO  c.netflix.eureka.registry.AbstractInstanceRegistry:1247 [32m        [0;39m Running the evict task with compensationTime 0ms
2021-06-11 10:46:50.943 INFO  c.netflix.eureka.registry.AbstractInstanceRegistry:1247 [32m        [0;39m Running the evict task with compensationTime 15ms
