2021-06-11 10:44:13.655 INFO  org.hibernate.validator.internal.util.Version     :21   [32m        [0;39m HV000001: Hibernate Validator 6.1.6.Final
2021-06-11 10:44:13.895 INFO  o.s.b.d.env.DevToolsPropertyDefaultsPostProcessor :225  [32m        [0;39m Devtools property defaults active! Set 'spring.devtools.add-properties' to 'false' to disable
2021-06-11 10:44:17.681 INFO  com.company.business.BusinessApplication          :651  [32m        [0;39m No active profile set, falling back to default profiles: default
2021-06-11 10:44:22.428 INFO  o.springframework.cloud.context.scope.GenericScope:295  [32m        [0;39m BeanFactory id=9329338b-54af-36c9-95c9-2a8d0008d89f
2021-06-11 10:44:26.159 INFO  o.s.boot.web.embedded.tomcat.TomcatWebServer      :108  [32m        [0;39m Tomcat initialized with port(s): 9002 (http)
2021-06-11 10:44:26.205 INFO  org.apache.coyote.http11.Http11NioProtocol        :173  [32m        [0;39m Initializing ProtocolHandler ["http-nio-9002"]
2021-06-11 10:44:26.207 INFO  org.apache.catalina.core.StandardService          :173  [32m        [0;39m Starting service [Tomcat]
2021-06-11 10:44:26.208 INFO  org.apache.catalina.core.StandardEngine           :173  [32m        [0;39m Starting Servlet engine: [Apache Tomcat/9.0.39]
2021-06-11 10:44:27.025 INFO  o.a.c.c.C.[Tomcat].[localhost].[/business]        :173  [32m        [0;39m Initializing Spring embedded WebApplicationContext
2021-06-11 10:44:27.026 INFO  o.s.b.w.s.c.ServletWebServerApplicationContext    :285  [32m        [0;39m Root WebApplicationContext: initialization completed in 9277 ms
2021-06-11 10:44:29.287 WARN  com.netflix.config.sources.URLConfigurationSource :121  [32m        [0;39m No URLs will be polled as dynamic configuration sources.
2021-06-11 10:44:29.288 INFO  com.netflix.config.sources.URLConfigurationSource :122  [32m        [0;39m To enable URLs as dynamic configuration sources, define System property archaius.configurationSource.additionalUrls or make config.properties available on classpath.
2021-06-11 10:44:29.499 WARN  com.netflix.config.sources.URLConfigurationSource :121  [32m        [0;39m No URLs will be polled as dynamic configuration sources.
2021-06-11 10:44:29.500 INFO  com.netflix.config.sources.URLConfigurationSource :122  [32m        [0;39m To enable URLs as dynamic configuration sources, define System property archaius.configurationSource.additionalUrls or make config.properties available on classpath.
2021-06-11 10:44:30.401 INFO  o.s.scheduling.concurrent.ThreadPoolTaskExecutor  :181  [32m        [0;39m Initializing ExecutorService 'applicationTaskExecutor'
2021-06-11 10:44:31.664 INFO  o.s.b.d.autoconfigure.OptionalLiveReloadServer    :58   [32m        [0;39m LiveReload server is running on port 35729
2021-06-11 10:44:33.821 INFO  o.s.c.n.e.c.DiscoveryClientOptionalArgsConfiguration:78   [32m        [0;39m Eureka HTTP Client uses Jersey
2021-06-11 10:44:35.974 WARN  o.s.c.l.c.BlockingLoadBalancerClientAutoConfiguration$BlockingLoadBalancerClientRibbonWarnLogger:106  [32m        [0;39m You already have RibbonLoadBalancerClient on your classpath. It will be used by default. As Spring Cloud Ribbon is in maintenance mode. We recommend switching to BlockingLoadBalancerClient instead. In order to use it, set the value of `spring.cloud.loadbalancer.ribbon.enabled` to `false` or remove spring-cloud-starter-netflix-ribbon from your project.
2021-06-11 10:44:36.459 INFO  o.s.cloud.netflix.eureka.InstanceInfoFactory      :72   [32m        [0;39m Setting initial instance status as: STARTING
2021-06-11 10:44:36.627 INFO  com.netflix.discovery.DiscoveryClient             :372  [32m        [0;39m Initializing Eureka in region us-east-1
2021-06-11 10:44:39.330 INFO  c.n.discovery.provider.DiscoveryJerseyProvider    :70   [32m        [0;39m Using JSON encoding codec LegacyJacksonJson
2021-06-11 10:44:39.331 INFO  c.n.discovery.provider.DiscoveryJerseyProvider    :71   [32m        [0;39m Using JSON decoding codec LegacyJacksonJson
2021-06-11 10:44:39.783 INFO  c.n.discovery.provider.DiscoveryJerseyProvider    :80   [32m        [0;39m Using XML encoding codec XStreamXml
2021-06-11 10:44:39.784 INFO  c.n.discovery.provider.DiscoveryJerseyProvider    :81   [32m        [0;39m Using XML decoding codec XStreamXml
2021-06-11 10:44:40.873 INFO  c.n.d.shared.resolver.aws.ConfigClusterResolver   :43   [32m        [0;39m Resolving eureka endpoints via configuration
2021-06-11 10:44:42.665 INFO  com.netflix.discovery.DiscoveryClient             :1007 [32m        [0;39m Disable delta property : false
2021-06-11 10:44:42.665 INFO  com.netflix.discovery.DiscoveryClient             :1008 [32m        [0;39m Single vip registry refresh property : null
2021-06-11 10:44:42.666 INFO  com.netflix.discovery.DiscoveryClient             :1009 [32m        [0;39m Force full registry fetch : false
2021-06-11 10:44:42.666 INFO  com.netflix.discovery.DiscoveryClient             :1010 [32m        [0;39m Application is null : false
2021-06-11 10:44:42.666 INFO  com.netflix.discovery.DiscoveryClient             :1011 [32m        [0;39m Registered Applications size is zero : true
2021-06-11 10:44:42.667 INFO  com.netflix.discovery.DiscoveryClient             :1013 [32m        [0;39m Application version is -1: true
2021-06-11 10:44:42.667 INFO  com.netflix.discovery.DiscoveryClient             :1097 [32m        [0;39m Getting all instance registry info from the eureka server
2021-06-11 10:44:47.172 INFO  c.n.d.s.t.decorator.RedirectingEurekaHttpClient   :84   [32m        [0;39m Request execution error. endpoint=DefaultEndpoint{ serviceUrl='http://localhost:8761/eureka/}, exception=java.net.ConnectException: Connection refused: connect stacktrace=com.sun.jersey.api.client.ClientHandlerException: java.net.ConnectException: Connection refused: connect
	at com.sun.jersey.client.apache4.ApacheHttpClient4Handler.handle(ApacheHttpClient4Handler.java:187)
	at com.sun.jersey.api.client.filter.GZIPContentEncodingFilter.handle(GZIPContentEncodingFilter.java:123)
	at com.netflix.discovery.EurekaIdentityHeaderFilter.handle(EurekaIdentityHeaderFilter.java:27)
	at com.sun.jersey.api.client.Client.handle(Client.java:652)
	at com.sun.jersey.api.client.WebResource.handle(WebResource.java:682)
	at com.sun.jersey.api.client.WebResource.access$200(WebResource.java:74)
	at com.sun.jersey.api.client.WebResource$Builder.get(WebResource.java:509)
	at com.netflix.discovery.shared.transport.jersey.AbstractJerseyEurekaHttpClient.getApplicationsInternal(AbstractJerseyEurekaHttpClient.java:196)
	at com.netflix.discovery.shared.transport.jersey.AbstractJerseyEurekaHttpClient.getApplications(AbstractJerseyEurekaHttpClient.java:167)
	at com.netflix.discovery.shared.transport.decorator.EurekaHttpClientDecorator$6.execute(EurekaHttpClientDecorator.java:137)
	at com.netflix.discovery.shared.transport.decorator.MetricsCollectingEurekaHttpClient.execute(MetricsCollectingEurekaHttpClient.java:73)
	at com.netflix.discovery.shared.transport.decorator.EurekaHttpClientDecorator.getApplications(EurekaHttpClientDecorator.java:134)
	at com.netflix.discovery.shared.transport.decorator.EurekaHttpClientDecorator$6.execute(EurekaHttpClientDecorator.java:137)
	at com.netflix.discovery.shared.transport.decorator.RedirectingEurekaHttpClient.executeOnNewServer(RedirectingEurekaHttpClient.java:121)
	at com.netflix.discovery.shared.transport.decorator.RedirectingEurekaHttpClient.execute(RedirectingEurekaHttpClient.java:80)
	at com.netflix.discovery.shared.transport.decorator.EurekaHttpClientDecorator.getApplications(EurekaHttpClientDecorator.java:134)
	at com.netflix.discovery.shared.transport.decorator.EurekaHttpClientDecorator$6.execute(EurekaHttpClientDecorator.java:137)
	at com.netflix.discovery.shared.transport.decorator.RetryableEurekaHttpClient.execute(RetryableEurekaHttpClient.java:120)
	at com.netflix.discovery.shared.transport.decorator.EurekaHttpClientDecorator.getApplications(EurekaHttpClientDecorator.java:134)
	at com.netflix.discovery.shared.transport.decorator.EurekaHttpClientDecorator$6.execute(EurekaHttpClientDecorator.java:137)
	at com.netflix.discovery.shared.transport.decorator.SessionedEurekaHttpClient.execute(SessionedEurekaHttpClient.java:77)
	at com.netflix.discovery.shared.transport.decorator.EurekaHttpClientDecorator.getApplications(EurekaHttpClientDecorator.java:134)
	at com.netflix.discovery.DiscoveryClient.getAndStoreFullRegistry(DiscoveryClient.java:1101)
	at com.netflix.discovery.DiscoveryClient.fetchRegistry(DiscoveryClient.java:1014)
	at com.netflix.discovery.DiscoveryClient.<init>(DiscoveryClient.java:441)
	at com.netflix.discovery.DiscoveryClient.<init>(DiscoveryClient.java:283)
	at com.netflix.discovery.DiscoveryClient.<init>(DiscoveryClient.java:279)
	at org.springframework.cloud.netflix.eureka.CloudEurekaClient.<init>(CloudEurekaClient.java:67)
	at org.springframework.cloud.netflix.eureka.EurekaClientAutoConfiguration$RefreshableEurekaClientConfiguration.eurekaClient(EurekaClientAutoConfiguration.java:316)
	at sun.reflect.NativeMethodAccessorImpl.invoke0(Native Method)
	at sun.reflect.NativeMethodAccessorImpl.invoke(NativeMethodAccessorImpl.java:62)
	at sun.reflect.DelegatingMethodAccessorImpl.invoke(DelegatingMethodAccessorImpl.java:43)
	at java.lang.reflect.Method.invoke(Method.java:498)
	at org.springframework.beans.factory.support.SimpleInstantiationStrategy.instantiate(SimpleInstantiationStrategy.java:154)
	at org.springframework.beans.factory.support.ConstructorResolver.instantiate(ConstructorResolver.java:650)
	at org.springframework.beans.factory.support.ConstructorResolver.instantiateUsingFactoryMethod(ConstructorResolver.java:635)
	at org.springframework.beans.factory.support.AbstractAutowireCapableBeanFactory.instantiateUsingFactoryMethod(AbstractAutowireCapableBeanFactory.java:1336)
	at org.springframework.beans.factory.support.AbstractAutowireCapableBeanFactory.createBeanInstance(AbstractAutowireCapableBeanFactory.java:1176)
	at org.springframework.beans.factory.support.AbstractAutowireCapableBeanFactory.doCreateBean(AbstractAutowireCapableBeanFactory.java:556)
	at org.springframework.beans.factory.support.AbstractAutowireCapableBeanFactory.createBean(AbstractAutowireCapableBeanFactory.java:516)
	at org.springframework.beans.factory.support.AbstractBeanFactory.lambda$doGetBean$1(AbstractBeanFactory.java:363)
	at org.springframework.cloud.context.scope.GenericScope$BeanLifecycleWrapper.getBean(GenericScope.java:389)
	at org.springframework.cloud.context.scope.GenericScope.get(GenericScope.java:186)
	at org.springframework.beans.factory.support.AbstractBeanFactory.doGetBean(AbstractBeanFactory.java:360)
	at org.springframework.beans.factory.support.AbstractBeanFactory.getBean(AbstractBeanFactory.java:202)
	at org.springframework.aop.target.SimpleBeanTargetSource.getTarget(SimpleBeanTargetSource.java:35)
	at org.springframework.cloud.netflix.eureka.serviceregistry.EurekaRegistration.getTargetObject(EurekaRegistration.java:129)
	at org.springframework.cloud.netflix.eureka.serviceregistry.EurekaRegistration.getEurekaClient(EurekaRegistration.java:117)
	at sun.reflect.NativeMethodAccessorImpl.invoke0(Native Method)
	at sun.reflect.NativeMethodAccessorImpl.invoke(NativeMethodAccessorImpl.java:62)
	at sun.reflect.DelegatingMethodAccessorImpl.invoke(DelegatingMethodAccessorImpl.java:43)
	at java.lang.reflect.Method.invoke(Method.java:498)
	at org.springframework.util.ReflectionUtils.invokeMethod(ReflectionUtils.java:282)
	at org.springframework.cloud.context.scope.GenericScope$LockedScopedProxyFactoryBean.invoke(GenericScope.java:499)
	at org.springframework.aop.framework.ReflectiveMethodInvocation.proceed(ReflectiveMethodInvocation.java:186)
	at org.springframework.aop.framework.CglibAopProxy$CglibMethodInvocation.proceed(CglibAopProxy.java:749)
	at org.springframework.aop.framework.CglibAopProxy$DynamicAdvisedInterceptor.intercept(CglibAopProxy.java:691)
	at org.springframework.cloud.netflix.eureka.serviceregistry.EurekaRegistration$$EnhancerBySpringCGLIB$$67997405.getEurekaClient(<generated>)
	at org.springframework.cloud.netflix.eureka.serviceregistry.EurekaServiceRegistry.maybeInitializeClient(EurekaServiceRegistry.java:57)
	at org.springframework.cloud.netflix.eureka.serviceregistry.EurekaServiceRegistry.register(EurekaServiceRegistry.java:38)
	at org.springframework.cloud.netflix.eureka.serviceregistry.EurekaAutoServiceRegistration.start(EurekaAutoServiceRegistration.java:83)
	at org.springframework.context.support.DefaultLifecycleProcessor.doStart(DefaultLifecycleProcessor.java:182)
	at org.springframework.context.support.DefaultLifecycleProcessor.access$200(DefaultLifecycleProcessor.java:53)
	at org.springframework.context.support.DefaultLifecycleProcessor$LifecycleGroup.start(DefaultLifecycleProcessor.java:360)
	at org.springframework.context.support.DefaultLifecycleProcessor.startBeans(DefaultLifecycleProcessor.java:158)
	at org.springframework.context.support.DefaultLifecycleProcessor.onRefresh(DefaultLifecycleProcessor.java:122)
	at org.springframework.context.support.AbstractApplicationContext.finishRefresh(AbstractApplicationContext.java:895)
	at org.springframework.context.support.AbstractApplicationContext.refresh(AbstractApplicationContext.java:554)
	at org.springframework.boot.web.servlet.context.ServletWebServerApplicationContext.refresh(ServletWebServerApplicationContext.java:143)
	at org.springframework.boot.SpringApplication.refresh(SpringApplication.java:758)
	at org.springframework.boot.SpringApplication.refresh(SpringApplication.java:750)
	at org.springframework.boot.SpringApplication.refreshContext(SpringApplication.java:405)
	at org.springframework.boot.SpringApplication.run(SpringApplication.java:315)
	at com.company.business.BusinessApplication.main(BusinessApplication.java:20)
	at sun.reflect.NativeMethodAccessorImpl.invoke0(Native Method)
	at sun.reflect.NativeMethodAccessorImpl.invoke(NativeMethodAccessorImpl.java:62)
	at sun.reflect.DelegatingMethodAccessorImpl.invoke(DelegatingMethodAccessorImpl.java:43)
	at java.lang.reflect.Method.invoke(Method.java:498)
	at org.springframework.boot.devtools.restart.RestartLauncher.run(RestartLauncher.java:49)
Caused by: java.net.ConnectException: Connection refused: connect
	at java.net.DualStackPlainSocketImpl.waitForConnect(Native Method)
	at java.net.DualStackPlainSocketImpl.socketConnect(DualStackPlainSocketImpl.java:81)
	at java.net.AbstractPlainSocketImpl.doConnect(AbstractPlainSocketImpl.java:476)
	at java.net.AbstractPlainSocketImpl.connectToAddress(AbstractPlainSocketImpl.java:218)
	at java.net.AbstractPlainSocketImpl.connect(AbstractPlainSocketImpl.java:200)
	at java.net.PlainSocketImpl.connect(PlainSocketImpl.java:162)
	at java.net.SocksSocketImpl.connect(SocksSocketImpl.java:394)
	at java.net.Socket.connect(Socket.java:606)
	at org.apache.http.conn.scheme.PlainSocketFactory.connectSocket(PlainSocketFactory.java:121)
	at org.apache.http.impl.conn.DefaultClientConnectionOperator.openConnection(DefaultClientConnectionOperator.java:180)
	at org.apache.http.impl.conn.AbstractPoolEntry.open(AbstractPoolEntry.java:144)
	at org.apache.http.impl.conn.AbstractPooledConnAdapter.open(AbstractPooledConnAdapter.java:134)
	at org.apache.http.impl.client.DefaultRequestDirector.tryConnect(DefaultRequestDirector.java:605)
	at org.apache.http.impl.client.DefaultRequestDirector.execute(DefaultRequestDirector.java:440)
	at org.apache.http.impl.client.AbstractHttpClient.doExecute(AbstractHttpClient.java:835)
	at org.apache.http.impl.client.CloseableHttpClient.execute(CloseableHttpClient.java:118)
	at org.apache.http.impl.client.CloseableHttpClient.execute(CloseableHttpClient.java:56)
	at com.sun.jersey.client.apache4.ApacheHttpClient4Handler.handle(ApacheHttpClient4Handler.java:173)
	... 78 more

2021-06-11 10:44:47.174 WARN  c.n.d.s.t.decorator.RetryableEurekaHttpClient     :130  [32m        [0;39m Request execution failed with message: java.net.ConnectException: Connection refused: connect
2021-06-11 10:44:47.177 INFO  com.netflix.discovery.DiscoveryClient             :1021 [32m        [0;39m DiscoveryClient_BUSINESS-CLIENT/business-9002 - was unable to refresh its cache! This periodic background refresh will be retried in 30 seconds. status = Cannot execute request on any known server stacktrace = com.netflix.discovery.shared.transport.TransportException: Cannot execute request on any known server
	at com.netflix.discovery.shared.transport.decorator.RetryableEurekaHttpClient.execute(RetryableEurekaHttpClient.java:112)
	at com.netflix.discovery.shared.transport.decorator.EurekaHttpClientDecorator.getApplications(EurekaHttpClientDecorator.java:134)
	at com.netflix.discovery.shared.transport.decorator.EurekaHttpClientDecorator$6.execute(EurekaHttpClientDecorator.java:137)
	at com.netflix.discovery.shared.transport.decorator.SessionedEurekaHttpClient.execute(SessionedEurekaHttpClient.java:77)
	at com.netflix.discovery.shared.transport.decorator.EurekaHttpClientDecorator.getApplications(EurekaHttpClientDecorator.java:134)
	at com.netflix.discovery.DiscoveryClient.getAndStoreFullRegistry(DiscoveryClient.java:1101)
	at com.netflix.discovery.DiscoveryClient.fetchRegistry(DiscoveryClient.java:1014)
	at com.netflix.discovery.DiscoveryClient.<init>(DiscoveryClient.java:441)
	at com.netflix.discovery.DiscoveryClient.<init>(DiscoveryClient.java:283)
	at com.netflix.discovery.DiscoveryClient.<init>(DiscoveryClient.java:279)
	at org.springframework.cloud.netflix.eureka.CloudEurekaClient.<init>(CloudEurekaClient.java:67)
	at org.springframework.cloud.netflix.eureka.EurekaClientAutoConfiguration$RefreshableEurekaClientConfiguration.eurekaClient(EurekaClientAutoConfiguration.java:316)
	at sun.reflect.NativeMethodAccessorImpl.invoke0(Native Method)
	at sun.reflect.NativeMethodAccessorImpl.invoke(NativeMethodAccessorImpl.java:62)
	at sun.reflect.DelegatingMethodAccessorImpl.invoke(DelegatingMethodAccessorImpl.java:43)
	at java.lang.reflect.Method.invoke(Method.java:498)
	at org.springframework.beans.factory.support.SimpleInstantiationStrategy.instantiate(SimpleInstantiationStrategy.java:154)
	at org.springframework.beans.factory.support.ConstructorResolver.instantiate(ConstructorResolver.java:650)
	at org.springframework.beans.factory.support.ConstructorResolver.instantiateUsingFactoryMethod(ConstructorResolver.java:635)
	at org.springframework.beans.factory.support.AbstractAutowireCapableBeanFactory.instantiateUsingFactoryMethod(AbstractAutowireCapableBeanFactory.java:1336)
	at org.springframework.beans.factory.support.AbstractAutowireCapableBeanFactory.createBeanInstance(AbstractAutowireCapableBeanFactory.java:1176)
	at org.springframework.beans.factory.support.AbstractAutowireCapableBeanFactory.doCreateBean(AbstractAutowireCapableBeanFactory.java:556)
	at org.springframework.beans.factory.support.AbstractAutowireCapableBeanFactory.createBean(AbstractAutowireCapableBeanFactory.java:516)
	at org.springframework.beans.factory.support.AbstractBeanFactory.lambda$doGetBean$1(AbstractBeanFactory.java:363)
	at org.springframework.cloud.context.scope.GenericScope$BeanLifecycleWrapper.getBean(GenericScope.java:389)
	at org.springframework.cloud.context.scope.GenericScope.get(GenericScope.java:186)
	at org.springframework.beans.factory.support.AbstractBeanFactory.doGetBean(AbstractBeanFactory.java:360)
	at org.springframework.beans.factory.support.AbstractBeanFactory.getBean(AbstractBeanFactory.java:202)
	at org.springframework.aop.target.SimpleBeanTargetSource.getTarget(SimpleBeanTargetSource.java:35)
	at org.springframework.cloud.netflix.eureka.serviceregistry.EurekaRegistration.getTargetObject(EurekaRegistration.java:129)
	at org.springframework.cloud.netflix.eureka.serviceregistry.EurekaRegistration.getEurekaClient(EurekaRegistration.java:117)
	at sun.reflect.NativeMethodAccessorImpl.invoke0(Native Method)
	at sun.reflect.NativeMethodAccessorImpl.invoke(NativeMethodAccessorImpl.java:62)
	at sun.reflect.DelegatingMethodAccessorImpl.invoke(DelegatingMethodAccessorImpl.java:43)
	at java.lang.reflect.Method.invoke(Method.java:498)
	at org.springframework.util.ReflectionUtils.invokeMethod(ReflectionUtils.java:282)
	at org.springframework.cloud.context.scope.GenericScope$LockedScopedProxyFactoryBean.invoke(GenericScope.java:499)
	at org.springframework.aop.framework.ReflectiveMethodInvocation.proceed(ReflectiveMethodInvocation.java:186)
	at org.springframework.aop.framework.CglibAopProxy$CglibMethodInvocation.proceed(CglibAopProxy.java:749)
	at org.springframework.aop.framework.CglibAopProxy$DynamicAdvisedInterceptor.intercept(CglibAopProxy.java:691)
	at org.springframework.cloud.netflix.eureka.serviceregistry.EurekaRegistration$$EnhancerBySpringCGLIB$$67997405.getEurekaClient(<generated>)
	at org.springframework.cloud.netflix.eureka.serviceregistry.EurekaServiceRegistry.maybeInitializeClient(EurekaServiceRegistry.java:57)
	at org.springframework.cloud.netflix.eureka.serviceregistry.EurekaServiceRegistry.register(EurekaServiceRegistry.java:38)
	at org.springframework.cloud.netflix.eureka.serviceregistry.EurekaAutoServiceRegistration.start(EurekaAutoServiceRegistration.java:83)
	at org.springframework.context.support.DefaultLifecycleProcessor.doStart(DefaultLifecycleProcessor.java:182)
	at org.springframework.context.support.DefaultLifecycleProcessor.access$200(DefaultLifecycleProcessor.java:53)
	at org.springframework.context.support.DefaultLifecycleProcessor$LifecycleGroup.start(DefaultLifecycleProcessor.java:360)
	at org.springframework.context.support.DefaultLifecycleProcessor.startBeans(DefaultLifecycleProcessor.java:158)
	at org.springframework.context.support.DefaultLifecycleProcessor.onRefresh(DefaultLifecycleProcessor.java:122)
	at org.springframework.context.support.AbstractApplicationContext.finishRefresh(AbstractApplicationContext.java:895)
	at org.springframework.context.support.AbstractApplicationContext.refresh(AbstractApplicationContext.java:554)
	at org.springframework.boot.web.servlet.context.ServletWebServerApplicationContext.refresh(ServletWebServerApplicationContext.java:143)
	at org.springframework.boot.SpringApplication.refresh(SpringApplication.java:758)
	at org.springframework.boot.SpringApplication.refresh(SpringApplication.java:750)
	at org.springframework.boot.SpringApplication.refreshContext(SpringApplication.java:405)
	at org.springframework.boot.SpringApplication.run(SpringApplication.java:315)
	at com.company.business.BusinessApplication.main(BusinessApplication.java:20)
	at sun.reflect.NativeMethodAccessorImpl.invoke0(Native Method)
	at sun.reflect.NativeMethodAccessorImpl.invoke(NativeMethodAccessorImpl.java:62)
	at sun.reflect.DelegatingMethodAccessorImpl.invoke(DelegatingMethodAccessorImpl.java:43)
	at java.lang.reflect.Method.invoke(Method.java:498)
	at org.springframework.boot.devtools.restart.RestartLauncher.run(RestartLauncher.java:49)

2021-06-11 10:44:47.179 INFO  com.netflix.discovery.DiscoveryClient             :443  [32m        [0;39m Initial registry fetch from primary servers failed
2021-06-11 10:44:47.180 WARN  com.netflix.discovery.DiscoveryClient             :304  [32m        [0;39m Using default backup registry implementation which does not do anything.
2021-06-11 10:44:47.181 INFO  com.netflix.discovery.DiscoveryClient             :448  [32m        [0;39m Initial registry fetch from backup servers failed
2021-06-11 10:44:47.184 INFO  com.netflix.discovery.DiscoveryClient             :1321 [32m        [0;39m Starting heartbeat executor: renew interval is: 30
2021-06-11 10:44:47.189 INFO  com.netflix.discovery.InstanceInfoReplicator      :60   [32m        [0;39m InstanceInfoReplicator onDemand update allowed rate per min is 4
2021-06-11 10:44:47.199 INFO  com.netflix.discovery.DiscoveryClient             :492  [32m        [0;39m Discovery Client initialized at timestamp 1623379487196 with initial instances count: 0
2021-06-11 10:44:47.222 INFO  o.s.c.n.e.serviceregistry.EurekaServiceRegistry   :41   [32m        [0;39m Registering application BUSINESS-CLIENT with eureka with status UP
2021-06-11 10:44:47.225 INFO  com.netflix.discovery.DiscoveryClient             :1352 [32m        [0;39m Saw local status change event StatusChangeEvent [timestamp=1623379487225, current=UP, previous=STARTING]
2021-06-11 10:44:47.231 INFO  com.netflix.discovery.DiscoveryClient             :873  [32m        [0;39m DiscoveryClient_BUSINESS-CLIENT/business-9002: registering service...
2021-06-11 10:44:47.236 INFO  org.apache.coyote.http11.Http11NioProtocol        :173  [32m        [0;39m Starting ProtocolHandler ["http-nio-9002"]
2021-06-11 10:44:47.320 INFO  o.s.boot.web.embedded.tomcat.TomcatWebServer      :220  [32m        [0;39m Tomcat started on port(s): 9002 (http) with context path '/business'
2021-06-11 10:44:47.323 INFO  o.s.c.n.e.s.EurekaAutoServiceRegistration         :145  [32m        [0;39m Updating port to 9002
2021-06-11 10:44:49.524 INFO  com.company.business.BusinessApplication          :61   [32m        [0;39m Started BusinessApplication in 39.093 seconds (JVM running for 43.327)
2021-06-11 10:44:49.531 INFO  com.company.business.BusinessApplication          :21   [32m        [0;39m å¯åŠ¨æˆåŠŸ
2021-06-11 10:44:49.532 INFO  com.company.business.BusinessApplication          :22   [32m        [0;39m Businessåœ°å€:	http://127.0.0.1:9002
2021-06-11 10:44:52.061 INFO  com.netflix.discovery.DiscoveryClient             :882  [32m        [0;39m DiscoveryClient_BUSINESS-CLIENT/business-9002 - registration status: 204
2021-06-11 10:45:17.189 INFO  com.netflix.discovery.DiscoveryClient             :1007 [32m        [0;39m Disable delta property : false
2021-06-11 10:45:17.189 INFO  com.netflix.discovery.DiscoveryClient             :1008 [32m        [0;39m Single vip registry refresh property : null
2021-06-11 10:45:17.190 INFO  com.netflix.discovery.DiscoveryClient             :1009 [32m        [0;39m Force full registry fetch : false
2021-06-11 10:45:17.190 INFO  com.netflix.discovery.DiscoveryClient             :1010 [32m        [0;39m Application is null : false
2021-06-11 10:45:17.191 INFO  com.netflix.discovery.DiscoveryClient             :1011 [32m        [0;39m Registered Applications size is zero : true
2021-06-11 10:45:17.191 INFO  com.netflix.discovery.DiscoveryClient             :1013 [32m        [0;39m Application version is -1: true
2021-06-11 10:45:17.191 INFO  com.netflix.discovery.DiscoveryClient             :1097 [32m        [0;39m Getting all instance registry info from the eureka server
2021-06-11 10:45:17.343 INFO  com.netflix.discovery.DiscoveryClient             :1106 [32m        [0;39m The response status is 200
2021-06-11 10:45:41.989 INFO  o.a.c.c.C.[Tomcat].[localhost].[/business]        :173  [32m        [0;39m Initializing Spring DispatcherServlet 'dispatcherServlet'
2021-06-11 10:45:41.990 INFO  org.springframework.web.servlet.DispatcherServlet :525  [32m        [0;39m Initializing Servlet 'dispatcherServlet'
2021-06-11 10:45:42.021 INFO  org.springframework.web.servlet.DispatcherServlet :547  [32m        [0;39m Completed initialization in 30 ms
2021-06-11 10:45:42.284 INFO  com.company.server.config.LogAspect               :77   [32m3AkcWXvi[0;39m ------------- ã€è¯¾ç¨‹è¡¨ã€‘æŸ¥è¯¢å¼€å§‹ -------------
2021-06-11 10:45:42.286 INFO  com.company.server.config.LogAspect               :78   [32m3AkcWXvi[0;39m è¯·æ±‚åœ°å€: http://192.168.200.1:9002/business/admin/course/list POST
2021-06-11 10:45:42.288 INFO  com.company.server.config.LogAspect               :79   [32m3AkcWXvi[0;39m ç±»åæ–¹æ³•: com.company.business.controller.admin.CourseController.list
2021-06-11 10:45:42.289 INFO  com.company.server.config.LogAspect               :80   [32m3AkcWXvi[0;39m è¿œç¨‹åœ°å€: 192.168.200.1
2021-06-11 10:45:42.331 INFO  com.company.server.config.LogAspect               :98   [32m3AkcWXvi[0;39m è¯·æ±‚å‚æ•°: [{"page":1,"size":5,"total":0}]
2021-06-11 10:45:42.751 INFO  com.alibaba.druid.pool.DruidDataSource            :986  [32m3AkcWXvi[0;39m {dataSource-1} inited
2021-06-11 10:45:44.460 DEBUG c.c.s.mapper.CourseMapper.selectByExample_COUNT   :137  [32m3AkcWXvi[0;39m ==>  Preparing: SELECT count(0) FROM course
2021-06-11 10:45:44.548 DEBUG c.c.s.mapper.CourseMapper.selectByExample_COUNT   :137  [32m3AkcWXvi[0;39m ==> Parameters: 
2021-06-11 10:45:44.628 TRACE c.c.s.mapper.CourseMapper.selectByExample_COUNT   :143  [32m3AkcWXvi[0;39m <==    Columns: count(0)
2021-06-11 10:45:44.630 TRACE c.c.s.mapper.CourseMapper.selectByExample_COUNT   :143  [32m3AkcWXvi[0;39m <==        Row: 2
2021-06-11 10:45:44.638 DEBUG c.c.s.mapper.CourseMapper.selectByExample_COUNT   :137  [32m3AkcWXvi[0;39m <==      Total: 1
2021-06-11 10:45:44.650 DEBUG c.c.server.mapper.CourseMapper.selectByExample    :137  [32m3AkcWXvi[0;39m ==>  Preparing: select id, name, summary, time, price, image, level, charge, status, enroll, sort, created_at, updated_at, teacher_id from course order by sort asc LIMIT ?
2021-06-11 10:45:44.654 DEBUG c.c.server.mapper.CourseMapper.selectByExample    :137  [32m3AkcWXvi[0;39m ==> Parameters: 5(Integer)
2021-06-11 10:45:44.663 TRACE c.c.server.mapper.CourseMapper.selectByExample    :143  [32m3AkcWXvi[0;39m <==    Columns: id, name, summary, time, price, image, level, charge, status, enroll, sort, created_at, updated_at, teacher_id
2021-06-11 10:45:44.672 TRACE c.c.server.mapper.CourseMapper.selectByExample    :143  [32m3AkcWXvi[0;39m <==        Row: x4DBLnpR, 02, 5, null, null, https://i0.hdslb.com/bfs/feed-admin/483eaa42a44d5f53471643cfe3ede43e0656711a.jpg@880w_388h_1c_95q, null, null, null, null, null, 2021-06-10 18:12:06, 2021-06-10 18:26:52.219, null
2021-06-11 10:45:44.682 TRACE c.c.server.mapper.CourseMapper.selectByExample    :143  [32m3AkcWXvi[0;39m <==        Row: 00000001, æµ‹è¯•è¯¾ç¨‹01, è¿™æ˜¯ä¸€é—¨æµ‹è¯•è¯¾ç¨‹, 7200, 19.90, , 1, C, P, 100, 0, 2021-06-10 16:08:29, 2021-06-10 18:11:58.561, null
2021-06-11 10:45:44.687 DEBUG c.c.server.mapper.CourseMapper.selectByExample    :137  [32m3AkcWXvi[0;39m <==      Total: 2
2021-06-11 10:45:44.771 INFO  com.company.server.config.LogAspect               :110  [32m3AkcWXvi[0;39m è¿”å›žç»“æžœ: {"content":{"list":[{"createdAt":1623319926000,"id":"x4DBLnpR","image":"https://i0.hdslb.com/bfs/feed-admin/483eaa42a44d5f53471643cfe3ede43e0656711a.jpg@880w_388h_1c_95q","name":"02","summary":"5","updatedAt":1623320812219},{"charge":"C","createdAt":1623312509000,"enroll":100,"id":"00000001","image":"","level":"1","name":"æµ‹è¯•è¯¾ç¨‹01","price":19.90,"sort":0,"status":"P","summary":"è¿™æ˜¯ä¸€é—¨æµ‹è¯•è¯¾ç¨‹","time":7200,"updatedAt":1623319918561}],"page":1,"size":5,"total":2},"success":true}
2021-06-11 10:45:44.773 INFO  com.company.server.config.LogAspect               :111  [32m3AkcWXvi[0;39m ------------- ç»“æŸ è€—æ—¶ï¼š2499 ms -------------
2021-06-11 10:45:51.862 INFO  com.company.server.config.LogAspect               :77   [32mf0SBd3f7[0;39m ------------- ã€å¤§ç« ã€‘æŸ¥è¯¢å¼€å§‹ -------------
2021-06-11 10:45:51.864 INFO  com.company.server.config.LogAspect               :78   [32mf0SBd3f7[0;39m è¯·æ±‚åœ°å€: http://192.168.200.1:9002/business/admin/chapter/list/ POST
2021-06-11 10:45:51.864 INFO  com.company.server.config.LogAspect               :79   [32mf0SBd3f7[0;39m ç±»åæ–¹æ³•: com.company.business.controller.admin.ChapterController.list
2021-06-11 10:45:51.865 INFO  com.company.server.config.LogAspect               :80   [32mf0SBd3f7[0;39m è¿œç¨‹åœ°å€: 192.168.200.1
2021-06-11 10:45:51.874 INFO  com.company.server.config.LogAspect               :98   [32mf0SBd3f7[0;39m è¯·æ±‚å‚æ•°: [{"courseId":"00000001","page":1,"size":5,"total":0}]
2021-06-11 10:45:51.929 DEBUG c.c.s.mapper.ChapterMapper.selectByExample_COUNT  :137  [32mf0SBd3f7[0;39m ==>  Preparing: SELECT count(0) FROM chapter WHERE (course_id = ?)
2021-06-11 10:45:51.932 DEBUG c.c.s.mapper.ChapterMapper.selectByExample_COUNT  :137  [32mf0SBd3f7[0;39m ==> Parameters: 00000001(String)
2021-06-11 10:45:51.937 TRACE c.c.s.mapper.ChapterMapper.selectByExample_COUNT  :143  [32mf0SBd3f7[0;39m <==    Columns: count(0)
2021-06-11 10:45:51.940 TRACE c.c.s.mapper.ChapterMapper.selectByExample_COUNT  :143  [32mf0SBd3f7[0;39m <==        Row: 4
2021-06-11 10:45:51.942 DEBUG c.c.s.mapper.ChapterMapper.selectByExample_COUNT  :137  [32mf0SBd3f7[0;39m <==      Total: 1
2021-06-11 10:45:51.945 DEBUG c.c.server.mapper.ChapterMapper.selectByExample   :137  [32mf0SBd3f7[0;39m ==>  Preparing: select id, course_id, name from chapter WHERE ( course_id = ? ) LIMIT ?
2021-06-11 10:45:51.948 DEBUG c.c.server.mapper.ChapterMapper.selectByExample   :137  [32mf0SBd3f7[0;39m ==> Parameters: 00000001(String), 5(Integer)
2021-06-11 10:45:51.953 TRACE c.c.server.mapper.ChapterMapper.selectByExample   :143  [32mf0SBd3f7[0;39m <==    Columns: id, course_id, name
2021-06-11 10:45:51.956 TRACE c.c.server.mapper.ChapterMapper.selectByExample   :143  [32mf0SBd3f7[0;39m <==        Row: tlP4PVwk, 00000001, nnnnnnn
2021-06-11 10:45:51.958 TRACE c.c.server.mapper.ChapterMapper.selectByExample   :143  [32mf0SBd3f7[0;39m <==        Row: vyD8nDR4, 00000001, nnnnnnn
2021-06-11 10:45:51.960 TRACE c.c.server.mapper.ChapterMapper.selectByExample   :143  [32mf0SBd3f7[0;39m <==        Row: ympVWlih, 00000001, æµ‹è¯•
2021-06-11 10:45:51.963 TRACE c.c.server.mapper.ChapterMapper.selectByExample   :143  [32mf0SBd3f7[0;39m <==        Row: ZxbbUVos, 00000001, hhhhh
2021-06-11 10:45:51.967 DEBUG c.c.server.mapper.ChapterMapper.selectByExample   :137  [32mf0SBd3f7[0;39m <==      Total: 4
2021-06-11 10:45:51.992 INFO  com.company.server.config.LogAspect               :110  [32mf0SBd3f7[0;39m è¿”å›žç»“æžœ: {"content":{"courseId":"00000001","list":[{"courseId":"00000001","id":"tlP4PVwk","name":"nnnnnnn"},{"courseId":"00000001","id":"vyD8nDR4","name":"nnnnnnn"},{"courseId":"00000001","id":"ympVWlih","name":"æµ‹è¯•"},{"courseId":"00000001","id":"ZxbbUVos","name":"hhhhh"}],"page":1,"size":5,"total":4},"success":true}
2021-06-11 10:45:51.993 INFO  com.company.server.config.LogAspect               :111  [32mf0SBd3f7[0;39m ------------- ç»“æŸ è€—æ—¶ï¼š131 ms -------------
2021-06-11 10:45:55.686 INFO  com.company.server.config.LogAspect               :77   [32m4egeqiZD[0;39m ------------- ã€å°èŠ‚ã€‘æŸ¥è¯¢å¼€å§‹ -------------
2021-06-11 10:45:55.687 INFO  com.company.server.config.LogAspect               :78   [32m4egeqiZD[0;39m è¯·æ±‚åœ°å€: http://192.168.200.1:9002/business/admin/section/list POST
2021-06-11 10:45:55.688 INFO  com.company.server.config.LogAspect               :79   [32m4egeqiZD[0;39m ç±»åæ–¹æ³•: com.company.business.controller.admin.SectionController.list
2021-06-11 10:45:55.689 INFO  com.company.server.config.LogAspect               :80   [32m4egeqiZD[0;39m è¿œç¨‹åœ°å€: 192.168.200.1
2021-06-11 10:45:55.695 INFO  com.company.server.config.LogAspect               :98   [32m4egeqiZD[0;39m è¯·æ±‚å‚æ•°: [{"chapterId":"ympVWlih","courseId":"00000001","page":1,"size":5,"total":0}]
2021-06-11 10:45:55.719 DEBUG c.c.s.mapper.SectionMapper.selectByExample_COUNT  :137  [32m4egeqiZD[0;39m ==>  Preparing: SELECT count(0) FROM section WHERE (course_id = ? AND chapter_id = ?)
2021-06-11 10:45:55.722 DEBUG c.c.s.mapper.SectionMapper.selectByExample_COUNT  :137  [32m4egeqiZD[0;39m ==> Parameters: 00000001(String), ympVWlih(String)
2021-06-11 10:45:55.893 TRACE c.c.s.mapper.SectionMapper.selectByExample_COUNT  :143  [32m4egeqiZD[0;39m <==    Columns: count(0)
2021-06-11 10:45:55.896 TRACE c.c.s.mapper.SectionMapper.selectByExample_COUNT  :143  [32m4egeqiZD[0;39m <==        Row: 0
2021-06-11 10:45:55.899 DEBUG c.c.s.mapper.SectionMapper.selectByExample_COUNT  :137  [32m4egeqiZD[0;39m <==      Total: 1
2021-06-11 10:45:55.902 INFO  com.company.server.config.LogAspect               :110  [32m4egeqiZD[0;39m è¿”å›žç»“æžœ: {"content":{"chapterId":"ympVWlih","courseId":"00000001","list":[],"page":1,"size":5,"total":0},"success":true}
2021-06-11 10:45:55.903 INFO  com.company.server.config.LogAspect               :111  [32m4egeqiZD[0;39m ------------- ç»“æŸ è€—æ—¶ï¼š217 ms -------------
2021-06-11 10:46:03.231 INFO  com.company.server.config.LogAspect               :77   [32mnvcpzjAP[0;39m ------------- ã€å°èŠ‚ã€‘ä¿å­˜å¼€å§‹ -------------
2021-06-11 10:46:03.232 INFO  com.company.server.config.LogAspect               :78   [32mnvcpzjAP[0;39m è¯·æ±‚åœ°å€: http://192.168.200.1:9002/business/admin/section/save POST
2021-06-11 10:46:03.233 INFO  com.company.server.config.LogAspect               :79   [32mnvcpzjAP[0;39m ç±»åæ–¹æ³•: com.company.business.controller.admin.SectionController.save
2021-06-11 10:46:03.233 INFO  com.company.server.config.LogAspect               :80   [32mnvcpzjAP[0;39m è¿œç¨‹åœ°å€: 192.168.200.1
2021-06-11 10:46:03.241 INFO  com.company.server.config.LogAspect               :98   [32mnvcpzjAP[0;39m è¯·æ±‚å‚æ•°: [{"chapterId":"ympVWlih","courseId":"00000001","time":5555555,"title":"13"}]
2021-06-11 10:46:03.254 DEBUG com.company.server.mapper.SectionMapper.insert    :137  [32mnvcpzjAP[0;39m ==>  Preparing: insert into section (id, title, course_id, chapter_id, video, time, charge, sort, created_at, updated_at) values (?, ?, ?, ?, ?, ?, ?, ?, ?, ?)
2021-06-11 10:46:03.259 DEBUG com.company.server.mapper.SectionMapper.insert    :137  [32mnvcpzjAP[0;39m ==> Parameters: 0hXThn8o(String), 13(String), 00000001(String), ympVWlih(String), null, 5555555(Integer), C(String), null, 2021-06-11 10:46:03.252(Timestamp), 2021-06-11 10:46:03.252(Timestamp)
2021-06-11 10:46:03.451 DEBUG com.company.server.mapper.SectionMapper.insert    :137  [32mnvcpzjAP[0;39m <==    Updates: 1
2021-06-11 10:46:03.458 DEBUG c.c.server.mapper.my.MyCourseMapper.updateTime    :137  [32mnvcpzjAP[0;39m ==>  Preparing: update course c set `time` = (select sum(`time`) from `section` where course_id = ?) where c.id = ?;
2021-06-11 10:46:03.460 DEBUG c.c.server.mapper.my.MyCourseMapper.updateTime    :137  [32mnvcpzjAP[0;39m ==> Parameters: 00000001(String), 00000001(String)
2021-06-11 10:46:03.656 DEBUG c.c.server.mapper.my.MyCourseMapper.updateTime    :137  [32mnvcpzjAP[0;39m <==    Updates: 1
2021-06-11 10:46:03.657 INFO  com.company.server.config.LogAspect               :110  [32mnvcpzjAP[0;39m è¿”å›žç»“æžœ: {"content":{"chapterId":"ympVWlih","courseId":"00000001","time":5555555,"title":"13"},"success":true}
2021-06-11 10:46:03.658 INFO  com.company.server.config.LogAspect               :111  [32mnvcpzjAP[0;39m ------------- ç»“æŸ è€—æ—¶ï¼š427 ms -------------
2021-06-11 10:46:03.755 INFO  com.company.server.config.LogAspect               :77   [32mVI7ktyFu[0;39m ------------- ã€å°èŠ‚ã€‘æŸ¥è¯¢å¼€å§‹ -------------
2021-06-11 10:46:03.756 INFO  com.company.server.config.LogAspect               :78   [32mVI7ktyFu[0;39m è¯·æ±‚åœ°å€: http://192.168.200.1:9002/business/admin/section/list POST
2021-06-11 10:46:03.757 INFO  com.company.server.config.LogAspect               :79   [32mVI7ktyFu[0;39m ç±»åæ–¹æ³•: com.company.business.controller.admin.SectionController.list
2021-06-11 10:46:03.758 INFO  com.company.server.config.LogAspect               :80   [32mVI7ktyFu[0;39m è¿œç¨‹åœ°å€: 192.168.200.1
2021-06-11 10:46:03.759 INFO  com.company.server.config.LogAspect               :98   [32mVI7ktyFu[0;39m è¯·æ±‚å‚æ•°: [{"chapterId":"ympVWlih","courseId":"00000001","page":1,"size":5,"total":0}]
2021-06-11 10:46:03.771 DEBUG c.c.s.mapper.SectionMapper.selectByExample_COUNT  :137  [32mVI7ktyFu[0;39m ==>  Preparing: SELECT count(0) FROM section WHERE (course_id = ? AND chapter_id = ?)
2021-06-11 10:46:03.775 DEBUG c.c.s.mapper.SectionMapper.selectByExample_COUNT  :137  [32mVI7ktyFu[0;39m ==> Parameters: 00000001(String), ympVWlih(String)
2021-06-11 10:46:03.779 TRACE c.c.s.mapper.SectionMapper.selectByExample_COUNT  :143  [32mVI7ktyFu[0;39m <==    Columns: count(0)
2021-06-11 10:46:03.781 TRACE c.c.s.mapper.SectionMapper.selectByExample_COUNT  :143  [32mVI7ktyFu[0;39m <==        Row: 1
2021-06-11 10:46:03.784 DEBUG c.c.s.mapper.SectionMapper.selectByExample_COUNT  :137  [32mVI7ktyFu[0;39m <==      Total: 1
2021-06-11 10:46:03.787 DEBUG c.c.server.mapper.SectionMapper.selectByExample   :137  [32mVI7ktyFu[0;39m ==>  Preparing: select id, title, course_id, chapter_id, video, time, charge, sort, created_at, updated_at from section WHERE ( course_id = ? and chapter_id = ? ) order by sort asc LIMIT ?
2021-06-11 10:46:03.790 DEBUG c.c.server.mapper.SectionMapper.selectByExample   :137  [32mVI7ktyFu[0;39m ==> Parameters: 00000001(String), ympVWlih(String), 5(Integer)
2021-06-11 10:46:03.795 TRACE c.c.server.mapper.SectionMapper.selectByExample   :143  [32mVI7ktyFu[0;39m <==    Columns: id, title, course_id, chapter_id, video, time, charge, sort, created_at, updated_at
2021-06-11 10:46:03.798 TRACE c.c.server.mapper.SectionMapper.selectByExample   :143  [32mVI7ktyFu[0;39m <==        Row: 0hXThn8o, 13, 00000001, ympVWlih, null, 5555555, C, null, 2021-06-11 10:46:03.252, 2021-06-11 10:46:03.252
2021-06-11 10:46:03.801 DEBUG c.c.server.mapper.SectionMapper.selectByExample   :137  [32mVI7ktyFu[0;39m <==      Total: 1
2021-06-11 10:46:03.804 INFO  com.company.server.config.LogAspect               :110  [32mVI7ktyFu[0;39m è¿”å›žç»“æžœ: {"content":{"chapterId":"ympVWlih","courseId":"00000001","list":[{"chapterId":"ympVWlih","charge":"C","courseId":"00000001","createdAt":1623379563252,"id":"0hXThn8o","time":5555555,"title":"13","updatedAt":1623379563252}],"page":1,"size":5,"total":1},"success":true}
2021-06-11 10:46:03.805 INFO  com.company.server.config.LogAspect               :111  [32mVI7ktyFu[0;39m ------------- ç»“æŸ è€—æ—¶ï¼š50 ms -------------
2021-06-11 10:46:06.647 INFO  com.company.server.config.LogAspect               :77   [32myJEPMmX5[0;39m ------------- ã€è¯¾ç¨‹è¡¨ã€‘æŸ¥è¯¢å¼€å§‹ -------------
2021-06-11 10:46:06.648 INFO  com.company.server.config.LogAspect               :78   [32myJEPMmX5[0;39m è¯·æ±‚åœ°å€: http://192.168.200.1:9002/business/admin/course/list POST
2021-06-11 10:46:06.649 INFO  com.company.server.config.LogAspect               :79   [32myJEPMmX5[0;39m ç±»åæ–¹æ³•: com.company.business.controller.admin.CourseController.list
2021-06-11 10:46:06.650 INFO  com.company.server.config.LogAspect               :80   [32myJEPMmX5[0;39m è¿œç¨‹åœ°å€: 192.168.200.1
2021-06-11 10:46:06.651 INFO  com.company.server.config.LogAspect               :98   [32myJEPMmX5[0;39m è¯·æ±‚å‚æ•°: [{"page":1,"size":5,"total":0}]
2021-06-11 10:46:06.657 DEBUG c.c.s.mapper.CourseMapper.selectByExample_COUNT   :137  [32myJEPMmX5[0;39m ==>  Preparing: SELECT count(0) FROM course
2021-06-11 10:46:06.661 DEBUG c.c.s.mapper.CourseMapper.selectByExample_COUNT   :137  [32myJEPMmX5[0;39m ==> Parameters: 
2021-06-11 10:46:06.666 TRACE c.c.s.mapper.CourseMapper.selectByExample_COUNT   :143  [32myJEPMmX5[0;39m <==    Columns: count(0)
2021-06-11 10:46:06.667 TRACE c.c.s.mapper.CourseMapper.selectByExample_COUNT   :143  [32myJEPMmX5[0;39m <==        Row: 2
2021-06-11 10:46:06.670 DEBUG c.c.s.mapper.CourseMapper.selectByExample_COUNT   :137  [32myJEPMmX5[0;39m <==      Total: 1
2021-06-11 10:46:06.672 DEBUG c.c.server.mapper.CourseMapper.selectByExample    :137  [32myJEPMmX5[0;39m ==>  Preparing: select id, name, summary, time, price, image, level, charge, status, enroll, sort, created_at, updated_at, teacher_id from course order by sort asc LIMIT ?
2021-06-11 10:46:06.675 DEBUG c.c.server.mapper.CourseMapper.selectByExample    :137  [32myJEPMmX5[0;39m ==> Parameters: 5(Integer)
2021-06-11 10:46:06.683 TRACE c.c.server.mapper.CourseMapper.selectByExample    :143  [32myJEPMmX5[0;39m <==    Columns: id, name, summary, time, price, image, level, charge, status, enroll, sort, created_at, updated_at, teacher_id
2021-06-11 10:46:06.686 TRACE c.c.server.mapper.CourseMapper.selectByExample    :143  [32myJEPMmX5[0;39m <==        Row: x4DBLnpR, 02, 5, null, null, https://i0.hdslb.com/bfs/feed-admin/483eaa42a44d5f53471643cfe3ede43e0656711a.jpg@880w_388h_1c_95q, null, null, null, null, null, 2021-06-10 18:12:06, 2021-06-10 18:26:52.219, null
2021-06-11 10:46:06.692 TRACE c.c.server.mapper.CourseMapper.selectByExample    :143  [32myJEPMmX5[0;39m <==        Row: 00000001, æµ‹è¯•è¯¾ç¨‹01, è¿™æ˜¯ä¸€é—¨æµ‹è¯•è¯¾ç¨‹, 5555555, 19.90, , 1, C, P, 100, 0, 2021-06-10 16:08:29, 2021-06-10 18:11:58.561, null
2021-06-11 10:46:06.696 DEBUG c.c.server.mapper.CourseMapper.selectByExample    :137  [32myJEPMmX5[0;39m <==      Total: 2
2021-06-11 10:46:06.701 INFO  com.company.server.config.LogAspect               :110  [32myJEPMmX5[0;39m è¿”å›žç»“æžœ: {"content":{"list":[{"createdAt":1623319926000,"id":"x4DBLnpR","image":"https://i0.hdslb.com/bfs/feed-admin/483eaa42a44d5f53471643cfe3ede43e0656711a.jpg@880w_388h_1c_95q","name":"02","summary":"5","updatedAt":1623320812219},{"charge":"C","createdAt":1623312509000,"enroll":100,"id":"00000001","image":"","level":"1","name":"æµ‹è¯•è¯¾ç¨‹01","price":19.90,"sort":0,"status":"P","summary":"è¿™æ˜¯ä¸€é—¨æµ‹è¯•è¯¾ç¨‹","time":5555555,"updatedAt":1623319918561}],"page":1,"size":5,"total":2},"success":true}
2021-06-11 10:46:06.702 INFO  com.company.server.config.LogAspect               :111  [32myJEPMmX5[0;39m ------------- ç»“æŸ è€—æ—¶ï¼š55 ms -------------
2021-06-11 10:46:13.360 INFO  com.company.server.config.LogAspect               :77   [32msO4IbDLq[0;39m ------------- ã€å¤§ç« ã€‘æŸ¥è¯¢å¼€å§‹ -------------
2021-06-11 10:46:13.361 INFO  com.company.server.config.LogAspect               :78   [32msO4IbDLq[0;39m è¯·æ±‚åœ°å€: http://192.168.200.1:9002/business/admin/chapter/list/ POST
2021-06-11 10:46:13.362 INFO  com.company.server.config.LogAspect               :79   [32msO4IbDLq[0;39m ç±»åæ–¹æ³•: com.company.business.controller.admin.ChapterController.list
2021-06-11 10:46:13.363 INFO  com.company.server.config.LogAspect               :80   [32msO4IbDLq[0;39m è¿œç¨‹åœ°å€: 192.168.200.1
2021-06-11 10:46:13.364 INFO  com.company.server.config.LogAspect               :98   [32msO4IbDLq[0;39m è¯·æ±‚å‚æ•°: [{"courseId":"00000001","page":1,"size":5,"total":0}]
2021-06-11 10:46:13.369 DEBUG c.c.s.mapper.ChapterMapper.selectByExample_COUNT  :137  [32msO4IbDLq[0;39m ==>  Preparing: SELECT count(0) FROM chapter WHERE (course_id = ?)
2021-06-11 10:46:13.373 DEBUG c.c.s.mapper.ChapterMapper.selectByExample_COUNT  :137  [32msO4IbDLq[0;39m ==> Parameters: 00000001(String)
2021-06-11 10:46:13.379 TRACE c.c.s.mapper.ChapterMapper.selectByExample_COUNT  :143  [32msO4IbDLq[0;39m <==    Columns: count(0)
2021-06-11 10:46:13.382 TRACE c.c.s.mapper.ChapterMapper.selectByExample_COUNT  :143  [32msO4IbDLq[0;39m <==        Row: 4
2021-06-11 10:46:13.385 DEBUG c.c.s.mapper.ChapterMapper.selectByExample_COUNT  :137  [32msO4IbDLq[0;39m <==      Total: 1
2021-06-11 10:46:13.389 DEBUG c.c.server.mapper.ChapterMapper.selectByExample   :137  [32msO4IbDLq[0;39m ==>  Preparing: select id, course_id, name from chapter WHERE ( course_id = ? ) LIMIT ?
2021-06-11 10:46:13.393 DEBUG c.c.server.mapper.ChapterMapper.selectByExample   :137  [32msO4IbDLq[0;39m ==> Parameters: 00000001(String), 5(Integer)
2021-06-11 10:46:13.398 TRACE c.c.server.mapper.ChapterMapper.selectByExample   :143  [32msO4IbDLq[0;39m <==    Columns: id, course_id, name
2021-06-11 10:46:13.400 TRACE c.c.server.mapper.ChapterMapper.selectByExample   :143  [32msO4IbDLq[0;39m <==        Row: tlP4PVwk, 00000001, nnnnnnn
2021-06-11 10:46:13.403 TRACE c.c.server.mapper.ChapterMapper.selectByExample   :143  [32msO4IbDLq[0;39m <==        Row: vyD8nDR4, 00000001, nnnnnnn
2021-06-11 10:46:13.406 TRACE c.c.server.mapper.ChapterMapper.selectByExample   :143  [32msO4IbDLq[0;39m <==        Row: ympVWlih, 00000001, æµ‹è¯•
2021-06-11 10:46:13.409 TRACE c.c.server.mapper.ChapterMapper.selectByExample   :143  [32msO4IbDLq[0;39m <==        Row: ZxbbUVos, 00000001, hhhhh
2021-06-11 10:46:13.411 DEBUG c.c.server.mapper.ChapterMapper.selectByExample   :137  [32msO4IbDLq[0;39m <==      Total: 4
2021-06-11 10:46:13.415 INFO  com.company.server.config.LogAspect               :110  [32msO4IbDLq[0;39m è¿”å›žç»“æžœ: {"content":{"courseId":"00000001","list":[{"courseId":"00000001","id":"tlP4PVwk","name":"nnnnnnn"},{"courseId":"00000001","id":"vyD8nDR4","name":"nnnnnnn"},{"courseId":"00000001","id":"ympVWlih","name":"æµ‹è¯•"},{"courseId":"00000001","id":"ZxbbUVos","name":"hhhhh"}],"page":1,"size":5,"total":4},"success":true}
2021-06-11 10:46:13.416 INFO  com.company.server.config.LogAspect               :111  [32msO4IbDLq[0;39m ------------- ç»“æŸ è€—æ—¶ï¼š56 ms -------------
2021-06-11 10:46:16.479 INFO  com.company.server.config.LogAspect               :77   [32mOI2DGK9U[0;39m ------------- ã€å°èŠ‚ã€‘æŸ¥è¯¢å¼€å§‹ -------------
2021-06-11 10:46:16.480 INFO  com.company.server.config.LogAspect               :78   [32mOI2DGK9U[0;39m è¯·æ±‚åœ°å€: http://192.168.200.1:9002/business/admin/section/list POST
2021-06-11 10:46:16.481 INFO  com.company.server.config.LogAspect               :79   [32mOI2DGK9U[0;39m ç±»åæ–¹æ³•: com.company.business.controller.admin.SectionController.list
2021-06-11 10:46:16.482 INFO  com.company.server.config.LogAspect               :80   [32mOI2DGK9U[0;39m è¿œç¨‹åœ°å€: 192.168.200.1
2021-06-11 10:46:16.483 INFO  com.company.server.config.LogAspect               :98   [32mOI2DGK9U[0;39m è¯·æ±‚å‚æ•°: [{"chapterId":"tlP4PVwk","courseId":"00000001","page":1,"size":5,"total":0}]
2021-06-11 10:46:16.491 DEBUG c.c.s.mapper.SectionMapper.selectByExample_COUNT  :137  [32mOI2DGK9U[0;39m ==>  Preparing: SELECT count(0) FROM section WHERE (course_id = ? AND chapter_id = ?)
2021-06-11 10:46:16.493 DEBUG c.c.s.mapper.SectionMapper.selectByExample_COUNT  :137  [32mOI2DGK9U[0;39m ==> Parameters: 00000001(String), tlP4PVwk(String)
2021-06-11 10:46:16.498 TRACE c.c.s.mapper.SectionMapper.selectByExample_COUNT  :143  [32mOI2DGK9U[0;39m <==    Columns: count(0)
2021-06-11 10:46:16.499 TRACE c.c.s.mapper.SectionMapper.selectByExample_COUNT  :143  [32mOI2DGK9U[0;39m <==        Row: 1
2021-06-11 10:46:16.501 DEBUG c.c.s.mapper.SectionMapper.selectByExample_COUNT  :137  [32mOI2DGK9U[0;39m <==      Total: 1
2021-06-11 10:46:16.504 DEBUG c.c.server.mapper.SectionMapper.selectByExample   :137  [32mOI2DGK9U[0;39m ==>  Preparing: select id, title, course_id, chapter_id, video, time, charge, sort, created_at, updated_at from section WHERE ( course_id = ? and chapter_id = ? ) order by sort asc LIMIT ?
2021-06-11 10:46:16.506 DEBUG c.c.server.mapper.SectionMapper.selectByExample   :137  [32mOI2DGK9U[0;39m ==> Parameters: 00000001(String), tlP4PVwk(String), 5(Integer)
2021-06-11 10:46:16.512 TRACE c.c.server.mapper.SectionMapper.selectByExample   :143  [32mOI2DGK9U[0;39m <==    Columns: id, title, course_id, chapter_id, video, time, charge, sort, created_at, updated_at
2021-06-11 10:46:16.515 TRACE c.c.server.mapper.SectionMapper.selectByExample   :143  [32mOI2DGK9U[0;39m <==        Row: uzQfy2VV, 1, 00000001, tlP4PVwk, null, null, C, null, 2021-06-10 23:56:04.069, 2021-06-10 23:56:04.069
2021-06-11 10:46:16.519 DEBUG c.c.server.mapper.SectionMapper.selectByExample   :137  [32mOI2DGK9U[0;39m <==      Total: 1
2021-06-11 10:46:16.522 INFO  com.company.server.config.LogAspect               :110  [32mOI2DGK9U[0;39m è¿”å›žç»“æžœ: {"content":{"chapterId":"tlP4PVwk","courseId":"00000001","list":[{"chapterId":"tlP4PVwk","charge":"C","courseId":"00000001","createdAt":1623340564069,"id":"uzQfy2VV","title":"1","updatedAt":1623340564069}],"page":1,"size":5,"total":1},"success":true}
2021-06-11 10:46:16.522 INFO  com.company.server.config.LogAspect               :111  [32mOI2DGK9U[0;39m ------------- ç»“æŸ è€—æ—¶ï¼š43 ms -------------
2021-06-11 10:46:24.990 INFO  com.company.server.config.LogAspect               :77   [32m6notQh3R[0;39m ------------- ã€å°èŠ‚ã€‘ä¿å­˜å¼€å§‹ -------------
2021-06-11 10:46:24.991 INFO  com.company.server.config.LogAspect               :78   [32m6notQh3R[0;39m è¯·æ±‚åœ°å€: http://192.168.200.1:9002/business/admin/section/save POST
2021-06-11 10:46:24.992 INFO  com.company.server.config.LogAspect               :79   [32m6notQh3R[0;39m ç±»åæ–¹æ³•: com.company.business.controller.admin.SectionController.save
2021-06-11 10:46:24.992 INFO  com.company.server.config.LogAspect               :80   [32m6notQh3R[0;39m è¿œç¨‹åœ°å€: 192.168.200.1
2021-06-11 10:46:24.993 INFO  com.company.server.config.LogAspect               :98   [32m6notQh3R[0;39m è¯·æ±‚å‚æ•°: [{"chapterId":"tlP4PVwk","charge":"C","courseId":"00000001","createdAt":1623340564000,"id":"uzQfy2VV","time":1,"title":"1","updatedAt":1623340564000}]
2021-06-11 10:46:24.994 DEBUG c.c.server.mapper.SectionMapper.updateByPrimaryKey:137  [32m6notQh3R[0;39m ==>  Preparing: update section set title = ?, course_id = ?, chapter_id = ?, video = ?, time = ?, charge = ?, sort = ?, created_at = ?, updated_at = ? where id = ?
2021-06-11 10:46:24.996 DEBUG c.c.server.mapper.SectionMapper.updateByPrimaryKey:137  [32m6notQh3R[0;39m ==> Parameters: 1(String), 00000001(String), tlP4PVwk(String), null, 1(Integer), C(String), null, 2021-06-10 23:56:04.0(Timestamp), 2021-06-11 10:46:24.993(Timestamp), uzQfy2VV(String)
2021-06-11 10:46:25.082 DEBUG c.c.server.mapper.SectionMapper.updateByPrimaryKey:137  [32m6notQh3R[0;39m <==    Updates: 1
2021-06-11 10:46:25.085 DEBUG c.c.server.mapper.my.MyCourseMapper.updateTime    :137  [32m6notQh3R[0;39m ==>  Preparing: update course c set `time` = (select sum(`time`) from `section` where course_id = ?) where c.id = ?;
2021-06-11 10:46:25.087 DEBUG c.c.server.mapper.my.MyCourseMapper.updateTime    :137  [32m6notQh3R[0;39m ==> Parameters: 00000001(String), 00000001(String)
2021-06-11 10:46:25.154 DEBUG c.c.server.mapper.my.MyCourseMapper.updateTime    :137  [32m6notQh3R[0;39m <==    Updates: 1
2021-06-11 10:46:25.156 INFO  com.company.server.config.LogAspect               :110  [32m6notQh3R[0;39m è¿”å›žç»“æžœ: {"content":{"chapterId":"tlP4PVwk","charge":"C","courseId":"00000001","createdAt":1623340564000,"id":"uzQfy2VV","time":1,"title":"1","updatedAt":1623340564000},"success":true}
2021-06-11 10:46:25.157 INFO  com.company.server.config.LogAspect               :111  [32m6notQh3R[0;39m ------------- ç»“æŸ è€—æ—¶ï¼š167 ms -------------
2021-06-11 10:46:25.245 INFO  com.company.server.config.LogAspect               :77   [32mZLGqEOzz[0;39m ------------- ã€å°èŠ‚ã€‘æŸ¥è¯¢å¼€å§‹ -------------
2021-06-11 10:46:25.246 INFO  com.company.server.config.LogAspect               :78   [32mZLGqEOzz[0;39m è¯·æ±‚åœ°å€: http://192.168.200.1:9002/business/admin/section/list POST
2021-06-11 10:46:25.248 INFO  com.company.server.config.LogAspect               :79   [32mZLGqEOzz[0;39m ç±»åæ–¹æ³•: com.company.business.controller.admin.SectionController.list
2021-06-11 10:46:25.249 INFO  com.company.server.config.LogAspect               :80   [32mZLGqEOzz[0;39m è¿œç¨‹åœ°å€: 192.168.200.1
2021-06-11 10:46:25.249 INFO  com.company.server.config.LogAspect               :98   [32mZLGqEOzz[0;39m è¯·æ±‚å‚æ•°: [{"chapterId":"tlP4PVwk","courseId":"00000001","page":1,"size":5,"total":0}]
2021-06-11 10:46:25.256 DEBUG c.c.s.mapper.SectionMapper.selectByExample_COUNT  :137  [32mZLGqEOzz[0;39m ==>  Preparing: SELECT count(0) FROM section WHERE (course_id = ? AND chapter_id = ?)
2021-06-11 10:46:25.260 DEBUG c.c.s.mapper.SectionMapper.selectByExample_COUNT  :137  [32mZLGqEOzz[0;39m ==> Parameters: 00000001(String), tlP4PVwk(String)
2021-06-11 10:46:25.264 TRACE c.c.s.mapper.SectionMapper.selectByExample_COUNT  :143  [32mZLGqEOzz[0;39m <==    Columns: count(0)
2021-06-11 10:46:25.267 TRACE c.c.s.mapper.SectionMapper.selectByExample_COUNT  :143  [32mZLGqEOzz[0;39m <==        Row: 1
2021-06-11 10:46:25.269 DEBUG c.c.s.mapper.SectionMapper.selectByExample_COUNT  :137  [32mZLGqEOzz[0;39m <==      Total: 1
2021-06-11 10:46:25.273 DEBUG c.c.server.mapper.SectionMapper.selectByExample   :137  [32mZLGqEOzz[0;39m ==>  Preparing: select id, title, course_id, chapter_id, video, time, charge, sort, created_at, updated_at from section WHERE ( course_id = ? and chapter_id = ? ) order by sort asc LIMIT ?
2021-06-11 10:46:25.277 DEBUG c.c.server.mapper.SectionMapper.selectByExample   :137  [32mZLGqEOzz[0;39m ==> Parameters: 00000001(String), tlP4PVwk(String), 5(Integer)
2021-06-11 10:46:25.285 TRACE c.c.server.mapper.SectionMapper.selectByExample   :143  [32mZLGqEOzz[0;39m <==    Columns: id, title, course_id, chapter_id, video, time, charge, sort, created_at, updated_at
2021-06-11 10:46:25.288 TRACE c.c.server.mapper.SectionMapper.selectByExample   :143  [32mZLGqEOzz[0;39m <==        Row: uzQfy2VV, 1, 00000001, tlP4PVwk, null, 1, C, null, 2021-06-10 23:56:04, 2021-06-11 10:46:24.993
2021-06-11 10:46:25.292 DEBUG c.c.server.mapper.SectionMapper.selectByExample   :137  [32mZLGqEOzz[0;39m <==      Total: 1
2021-06-11 10:46:25.296 INFO  com.company.server.config.LogAspect               :110  [32mZLGqEOzz[0;39m è¿”å›žç»“æžœ: {"content":{"chapterId":"tlP4PVwk","courseId":"00000001","list":[{"chapterId":"tlP4PVwk","charge":"C","courseId":"00000001","createdAt":1623340564000,"id":"uzQfy2VV","time":1,"title":"1","updatedAt":1623379584993}],"page":1,"size":5,"total":1},"success":true}
2021-06-11 10:46:25.296 INFO  com.company.server.config.LogAspect               :111  [32mZLGqEOzz[0;39m ------------- ç»“æŸ è€—æ—¶ï¼š51 ms -------------
2021-06-11 10:46:27.832 INFO  com.company.server.config.LogAspect               :77   [32m4z6cEiGm[0;39m ------------- ã€è¯¾ç¨‹è¡¨ã€‘æŸ¥è¯¢å¼€å§‹ -------------
2021-06-11 10:46:27.832 INFO  com.company.server.config.LogAspect               :78   [32m4z6cEiGm[0;39m è¯·æ±‚åœ°å€: http://192.168.200.1:9002/business/admin/course/list POST
2021-06-11 10:46:27.834 INFO  com.company.server.config.LogAspect               :79   [32m4z6cEiGm[0;39m ç±»åæ–¹æ³•: com.company.business.controller.admin.CourseController.list
2021-06-11 10:46:27.834 INFO  com.company.server.config.LogAspect               :80   [32m4z6cEiGm[0;39m è¿œç¨‹åœ°å€: 192.168.200.1
2021-06-11 10:46:27.835 INFO  com.company.server.config.LogAspect               :98   [32m4z6cEiGm[0;39m è¯·æ±‚å‚æ•°: [{"page":1,"size":5,"total":0}]
2021-06-11 10:46:27.838 DEBUG c.c.s.mapper.CourseMapper.selectByExample_COUNT   :137  [32m4z6cEiGm[0;39m ==>  Preparing: SELECT count(0) FROM course
2021-06-11 10:46:27.841 DEBUG c.c.s.mapper.CourseMapper.selectByExample_COUNT   :137  [32m4z6cEiGm[0;39m ==> Parameters: 
2021-06-11 10:46:27.848 TRACE c.c.s.mapper.CourseMapper.selectByExample_COUNT   :143  [32m4z6cEiGm[0;39m <==    Columns: count(0)
2021-06-11 10:46:27.850 TRACE c.c.s.mapper.CourseMapper.selectByExample_COUNT   :143  [32m4z6cEiGm[0;39m <==        Row: 2
2021-06-11 10:46:27.853 DEBUG c.c.s.mapper.CourseMapper.selectByExample_COUNT   :137  [32m4z6cEiGm[0;39m <==      Total: 1
2021-06-11 10:46:27.857 DEBUG c.c.server.mapper.CourseMapper.selectByExample    :137  [32m4z6cEiGm[0;39m ==>  Preparing: select id, name, summary, time, price, image, level, charge, status, enroll, sort, created_at, updated_at, teacher_id from course order by sort asc LIMIT ?
2021-06-11 10:46:27.859 DEBUG c.c.server.mapper.CourseMapper.selectByExample    :137  [32m4z6cEiGm[0;39m ==> Parameters: 5(Integer)
2021-06-11 10:46:27.863 TRACE c.c.server.mapper.CourseMapper.selectByExample    :143  [32m4z6cEiGm[0;39m <==    Columns: id, name, summary, time, price, image, level, charge, status, enroll, sort, created_at, updated_at, teacher_id
2021-06-11 10:46:27.866 TRACE c.c.server.mapper.CourseMapper.selectByExample    :143  [32m4z6cEiGm[0;39m <==        Row: x4DBLnpR, 02, 5, null, null, https://i0.hdslb.com/bfs/feed-admin/483eaa42a44d5f53471643cfe3ede43e0656711a.jpg@880w_388h_1c_95q, null, null, null, null, null, 2021-06-10 18:12:06, 2021-06-10 18:26:52.219, null
2021-06-11 10:46:27.871 TRACE c.c.server.mapper.CourseMapper.selectByExample    :143  [32m4z6cEiGm[0;39m <==        Row: 00000001, æµ‹è¯•è¯¾ç¨‹01, è¿™æ˜¯ä¸€é—¨æµ‹è¯•è¯¾ç¨‹, 5555556, 19.90, , 1, C, P, 100, 0, 2021-06-10 16:08:29, 2021-06-10 18:11:58.561, null
2021-06-11 10:46:27.874 DEBUG c.c.server.mapper.CourseMapper.selectByExample    :137  [32m4z6cEiGm[0;39m <==      Total: 2
2021-06-11 10:46:27.877 INFO  com.company.server.config.LogAspect               :110  [32m4z6cEiGm[0;39m è¿”å›žç»“æžœ: {"content":{"list":[{"createdAt":1623319926000,"id":"x4DBLnpR","image":"https://i0.hdslb.com/bfs/feed-admin/483eaa42a44d5f53471643cfe3ede43e0656711a.jpg@880w_388h_1c_95q","name":"02","summary":"5","updatedAt":1623320812219},{"charge":"C","createdAt":1623312509000,"enroll":100,"id":"00000001","image":"","level":"1","name":"æµ‹è¯•è¯¾ç¨‹01","price":19.90,"sort":0,"status":"P","summary":"è¿™æ˜¯ä¸€é—¨æµ‹è¯•è¯¾ç¨‹","time":5555556,"updatedAt":1623319918561}],"page":1,"size":5,"total":2},"success":true}
2021-06-11 10:46:27.878 INFO  com.company.server.config.LogAspect               :111  [32m4z6cEiGm[0;39m ------------- ç»“æŸ è€—æ—¶ï¼š46 ms -------------
2021-06-11 10:46:33.370 INFO  com.company.server.config.LogAspect               :77   [32md1Zate78[0;39m ------------- ã€å¤§ç« ã€‘æŸ¥è¯¢å¼€å§‹ -------------
2021-06-11 10:46:33.371 INFO  com.company.server.config.LogAspect               :78   [32md1Zate78[0;39m è¯·æ±‚åœ°å€: http://192.168.200.1:9002/business/admin/chapter/list/ POST
2021-06-11 10:46:33.372 INFO  com.company.server.config.LogAspect               :79   [32md1Zate78[0;39m ç±»åæ–¹æ³•: com.company.business.controller.admin.ChapterController.list
2021-06-11 10:46:33.373 INFO  com.company.server.config.LogAspect               :80   [32md1Zate78[0;39m è¿œç¨‹åœ°å€: 192.168.200.1
2021-06-11 10:46:33.373 INFO  com.company.server.config.LogAspect               :98   [32md1Zate78[0;39m è¯·æ±‚å‚æ•°: [{"courseId":"x4DBLnpR","page":1,"size":5,"total":0}]
2021-06-11 10:46:33.376 DEBUG c.c.s.mapper.ChapterMapper.selectByExample_COUNT  :137  [32md1Zate78[0;39m ==>  Preparing: SELECT count(0) FROM chapter WHERE (course_id = ?)
2021-06-11 10:46:33.378 DEBUG c.c.s.mapper.ChapterMapper.selectByExample_COUNT  :137  [32md1Zate78[0;39m ==> Parameters: x4DBLnpR(String)
2021-06-11 10:46:33.381 TRACE c.c.s.mapper.ChapterMapper.selectByExample_COUNT  :143  [32md1Zate78[0;39m <==    Columns: count(0)
2021-06-11 10:46:33.382 TRACE c.c.s.mapper.ChapterMapper.selectByExample_COUNT  :143  [32md1Zate78[0;39m <==        Row: 7
2021-06-11 10:46:33.384 DEBUG c.c.s.mapper.ChapterMapper.selectByExample_COUNT  :137  [32md1Zate78[0;39m <==      Total: 1
2021-06-11 10:46:33.387 DEBUG c.c.server.mapper.ChapterMapper.selectByExample   :137  [32md1Zate78[0;39m ==>  Preparing: select id, course_id, name from chapter WHERE ( course_id = ? ) LIMIT ?
2021-06-11 10:46:33.390 DEBUG c.c.server.mapper.ChapterMapper.selectByExample   :137  [32md1Zate78[0;39m ==> Parameters: x4DBLnpR(String), 5(Integer)
2021-06-11 10:46:33.393 TRACE c.c.server.mapper.ChapterMapper.selectByExample   :143  [32md1Zate78[0;39m <==    Columns: id, course_id, name
2021-06-11 10:46:33.395 TRACE c.c.server.mapper.ChapterMapper.selectByExample   :143  [32md1Zate78[0;39m <==        Row: JnoEDBAk, x4DBLnpR, ç« 001
2021-06-11 10:46:33.397 TRACE c.c.server.mapper.ChapterMapper.selectByExample   :143  [32md1Zate78[0;39m <==        Row: kHrEATME, x4DBLnpR, æµ‹è¯•
2021-06-11 10:46:33.399 TRACE c.c.server.mapper.ChapterMapper.selectByExample   :143  [32md1Zate78[0;39m <==        Row: lr75Ik8n, x4DBLnpR, nnnnnnn
2021-06-11 10:46:33.401 TRACE c.c.server.mapper.ChapterMapper.selectByExample   :143  [32md1Zate78[0;39m <==        Row: mEEpwSGW, x4DBLnpR, test
2021-06-11 10:46:33.403 TRACE c.c.server.mapper.ChapterMapper.selectByExample   :143  [32md1Zate78[0;39m <==        Row: qqgG0xmL, x4DBLnpR, ç« 001000
2021-06-11 10:46:33.406 DEBUG c.c.server.mapper.ChapterMapper.selectByExample   :137  [32md1Zate78[0;39m <==      Total: 5
2021-06-11 10:46:33.408 INFO  com.company.server.config.LogAspect               :110  [32md1Zate78[0;39m è¿”å›žç»“æžœ: {"content":{"courseId":"x4DBLnpR","list":[{"courseId":"x4DBLnpR","id":"JnoEDBAk","name":"ç« 001"},{"courseId":"x4DBLnpR","id":"kHrEATME","name":"æµ‹è¯•"},{"courseId":"x4DBLnpR","id":"lr75Ik8n","name":"nnnnnnn"},{"courseId":"x4DBLnpR","id":"mEEpwSGW","name":"test"},{"courseId":"x4DBLnpR","id":"qqgG0xmL","name":"ç« 001000"}],"page":1,"size":5,"total":7},"success":true}
2021-06-11 10:46:33.408 INFO  com.company.server.config.LogAspect               :111  [32md1Zate78[0;39m ------------- ç»“æŸ è€—æ—¶ï¼š38 ms -------------
2021-06-11 10:46:34.985 INFO  com.company.server.config.LogAspect               :77   [32mBgrEhkK6[0;39m ------------- ã€å°èŠ‚ã€‘æŸ¥è¯¢å¼€å§‹ -------------
2021-06-11 10:46:34.986 INFO  com.company.server.config.LogAspect               :78   [32mBgrEhkK6[0;39m è¯·æ±‚åœ°å€: http://192.168.200.1:9002/business/admin/section/list POST
2021-06-11 10:46:34.986 INFO  com.company.server.config.LogAspect               :79   [32mBgrEhkK6[0;39m ç±»åæ–¹æ³•: com.company.business.controller.admin.SectionController.list
2021-06-11 10:46:34.988 INFO  com.company.server.config.LogAspect               :80   [32mBgrEhkK6[0;39m è¿œç¨‹åœ°å€: 192.168.200.1
2021-06-11 10:46:34.988 INFO  com.company.server.config.LogAspect               :98   [32mBgrEhkK6[0;39m è¯·æ±‚å‚æ•°: [{"chapterId":"JnoEDBAk","courseId":"x4DBLnpR","page":1,"size":5,"total":0}]
2021-06-11 10:46:34.994 DEBUG c.c.s.mapper.SectionMapper.selectByExample_COUNT  :137  [32mBgrEhkK6[0;39m ==>  Preparing: SELECT count(0) FROM section WHERE (course_id = ? AND chapter_id = ?)
2021-06-11 10:46:34.996 DEBUG c.c.s.mapper.SectionMapper.selectByExample_COUNT  :137  [32mBgrEhkK6[0;39m ==> Parameters: x4DBLnpR(String), JnoEDBAk(String)
2021-06-11 10:46:34.999 TRACE c.c.s.mapper.SectionMapper.selectByExample_COUNT  :143  [32mBgrEhkK6[0;39m <==    Columns: count(0)
2021-06-11 10:46:35.002 TRACE c.c.s.mapper.SectionMapper.selectByExample_COUNT  :143  [32mBgrEhkK6[0;39m <==        Row: 0
2021-06-11 10:46:35.003 DEBUG c.c.s.mapper.SectionMapper.selectByExample_COUNT  :137  [32mBgrEhkK6[0;39m <==      Total: 1
2021-06-11 10:46:35.006 INFO  com.company.server.config.LogAspect               :110  [32mBgrEhkK6[0;39m è¿”å›žç»“æžœ: {"content":{"chapterId":"JnoEDBAk","courseId":"x4DBLnpR","list":[],"page":1,"size":5,"total":0},"success":true}
2021-06-11 10:46:35.006 INFO  com.company.server.config.LogAspect               :111  [32mBgrEhkK6[0;39m ------------- ç»“æŸ è€—æ—¶ï¼š21 ms -------------
2021-06-11 10:46:42.555 INFO  com.company.server.config.LogAspect               :77   [32mIBoKpVS5[0;39m ------------- ã€å°èŠ‚ã€‘ä¿å­˜å¼€å§‹ -------------
2021-06-11 10:46:42.556 INFO  com.company.server.config.LogAspect               :78   [32mIBoKpVS5[0;39m è¯·æ±‚åœ°å€: http://192.168.200.1:9002/business/admin/section/save POST
2021-06-11 10:46:42.557 INFO  com.company.server.config.LogAspect               :79   [32mIBoKpVS5[0;39m ç±»åæ–¹æ³•: com.company.business.controller.admin.SectionController.save
2021-06-11 10:46:42.557 INFO  com.company.server.config.LogAspect               :80   [32mIBoKpVS5[0;39m è¿œç¨‹åœ°å€: 192.168.200.1
2021-06-11 10:46:42.557 INFO  com.company.server.config.LogAspect               :98   [32mIBoKpVS5[0;39m è¯·æ±‚å‚æ•°: [{"chapterId":"JnoEDBAk","courseId":"x4DBLnpR","time":10,"title":"4"}]
2021-06-11 10:46:42.558 DEBUG com.company.server.mapper.SectionMapper.insert    :137  [32mIBoKpVS5[0;39m ==>  Preparing: insert into section (id, title, course_id, chapter_id, video, time, charge, sort, created_at, updated_at) values (?, ?, ?, ?, ?, ?, ?, ?, ?, ?)
2021-06-11 10:46:42.560 DEBUG com.company.server.mapper.SectionMapper.insert    :137  [32mIBoKpVS5[0;39m ==> Parameters: 3hig0it2(String), 4(String), x4DBLnpR(String), JnoEDBAk(String), null, 10(Integer), C(String), null, 2021-06-11 10:46:42.557(Timestamp), 2021-06-11 10:46:42.557(Timestamp)
2021-06-11 10:46:42.773 DEBUG com.company.server.mapper.SectionMapper.insert    :137  [32mIBoKpVS5[0;39m <==    Updates: 1
2021-06-11 10:46:42.777 DEBUG c.c.server.mapper.my.MyCourseMapper.updateTime    :137  [32mIBoKpVS5[0;39m ==>  Preparing: update course c set `time` = (select sum(`time`) from `section` where course_id = ?) where c.id = ?;
2021-06-11 10:46:42.779 DEBUG c.c.server.mapper.my.MyCourseMapper.updateTime    :137  [32mIBoKpVS5[0;39m ==> Parameters: x4DBLnpR(String), x4DBLnpR(String)
2021-06-11 10:46:42.965 DEBUG c.c.server.mapper.my.MyCourseMapper.updateTime    :137  [32mIBoKpVS5[0;39m <==    Updates: 1
2021-06-11 10:46:42.966 INFO  com.company.server.config.LogAspect               :110  [32mIBoKpVS5[0;39m è¿”å›žç»“æžœ: {"content":{"chapterId":"JnoEDBAk","courseId":"x4DBLnpR","time":10,"title":"4"},"success":true}
2021-06-11 10:46:42.967 INFO  com.company.server.config.LogAspect               :111  [32mIBoKpVS5[0;39m ------------- ç»“æŸ è€—æ—¶ï¼š413 ms -------------
2021-06-11 10:46:43.061 INFO  com.company.server.config.LogAspect               :77   [32mR0vm3j3B[0;39m ------------- ã€å°èŠ‚ã€‘æŸ¥è¯¢å¼€å§‹ -------------
2021-06-11 10:46:43.063 INFO  com.company.server.config.LogAspect               :78   [32mR0vm3j3B[0;39m è¯·æ±‚åœ°å€: http://192.168.200.1:9002/business/admin/section/list POST
2021-06-11 10:46:43.064 INFO  com.company.server.config.LogAspect               :79   [32mR0vm3j3B[0;39m ç±»åæ–¹æ³•: com.company.business.controller.admin.SectionController.list
2021-06-11 10:46:43.065 INFO  com.company.server.config.LogAspect               :80   [32mR0vm3j3B[0;39m è¿œç¨‹åœ°å€: 192.168.200.1
2021-06-11 10:46:43.066 INFO  com.company.server.config.LogAspect               :98   [32mR0vm3j3B[0;39m è¯·æ±‚å‚æ•°: [{"chapterId":"JnoEDBAk","courseId":"x4DBLnpR","page":1,"size":5,"total":0}]
2021-06-11 10:46:43.074 DEBUG c.c.s.mapper.SectionMapper.selectByExample_COUNT  :137  [32mR0vm3j3B[0;39m ==>  Preparing: SELECT count(0) FROM section WHERE (course_id = ? AND chapter_id = ?)
2021-06-11 10:46:43.077 DEBUG c.c.s.mapper.SectionMapper.selectByExample_COUNT  :137  [32mR0vm3j3B[0;39m ==> Parameters: x4DBLnpR(String), JnoEDBAk(String)
2021-06-11 10:46:43.082 TRACE c.c.s.mapper.SectionMapper.selectByExample_COUNT  :143  [32mR0vm3j3B[0;39m <==    Columns: count(0)
2021-06-11 10:46:43.084 TRACE c.c.s.mapper.SectionMapper.selectByExample_COUNT  :143  [32mR0vm3j3B[0;39m <==        Row: 1
2021-06-11 10:46:43.087 DEBUG c.c.s.mapper.SectionMapper.selectByExample_COUNT  :137  [32mR0vm3j3B[0;39m <==      Total: 1
2021-06-11 10:46:43.092 DEBUG c.c.server.mapper.SectionMapper.selectByExample   :137  [32mR0vm3j3B[0;39m ==>  Preparing: select id, title, course_id, chapter_id, video, time, charge, sort, created_at, updated_at from section WHERE ( course_id = ? and chapter_id = ? ) order by sort asc LIMIT ?
2021-06-11 10:46:43.096 DEBUG c.c.server.mapper.SectionMapper.selectByExample   :137  [32mR0vm3j3B[0;39m ==> Parameters: x4DBLnpR(String), JnoEDBAk(String), 5(Integer)
2021-06-11 10:46:43.103 TRACE c.c.server.mapper.SectionMapper.selectByExample   :143  [32mR0vm3j3B[0;39m <==    Columns: id, title, course_id, chapter_id, video, time, charge, sort, created_at, updated_at
2021-06-11 10:46:43.108 TRACE c.c.server.mapper.SectionMapper.selectByExample   :143  [32mR0vm3j3B[0;39m <==        Row: 3hig0it2, 4, x4DBLnpR, JnoEDBAk, null, 10, C, null, 2021-06-11 10:46:42.557, 2021-06-11 10:46:42.557
2021-06-11 10:46:43.112 DEBUG c.c.server.mapper.SectionMapper.selectByExample   :137  [32mR0vm3j3B[0;39m <==      Total: 1
2021-06-11 10:46:43.115 INFO  com.company.server.config.LogAspect               :110  [32mR0vm3j3B[0;39m è¿”å›žç»“æžœ: {"content":{"chapterId":"JnoEDBAk","courseId":"x4DBLnpR","list":[{"chapterId":"JnoEDBAk","charge":"C","courseId":"x4DBLnpR","createdAt":1623379602557,"id":"3hig0it2","time":10,"title":"4","updatedAt":1623379602557}],"page":1,"size":5,"total":1},"success":true}
2021-06-11 10:46:43.116 INFO  com.company.server.config.LogAspect               :111  [32mR0vm3j3B[0;39m ------------- ç»“æŸ è€—æ—¶ï¼š55 ms -------------
2021-06-11 10:46:45.846 INFO  com.company.server.config.LogAspect               :77   [32mNjUGrpLc[0;39m ------------- ã€è¯¾ç¨‹è¡¨ã€‘æŸ¥è¯¢å¼€å§‹ -------------
2021-06-11 10:46:45.847 INFO  com.company.server.config.LogAspect               :78   [32mNjUGrpLc[0;39m è¯·æ±‚åœ°å€: http://192.168.200.1:9002/business/admin/course/list POST
2021-06-11 10:46:45.848 INFO  com.company.server.config.LogAspect               :79   [32mNjUGrpLc[0;39m ç±»åæ–¹æ³•: com.company.business.controller.admin.CourseController.list
2021-06-11 10:46:45.848 INFO  com.company.server.config.LogAspect               :80   [32mNjUGrpLc[0;39m è¿œç¨‹åœ°å€: 192.168.200.1
2021-06-11 10:46:45.849 INFO  com.company.server.config.LogAspect               :98   [32mNjUGrpLc[0;39m è¯·æ±‚å‚æ•°: [{"page":1,"size":5,"total":0}]
2021-06-11 10:46:45.852 DEBUG c.c.s.mapper.CourseMapper.selectByExample_COUNT   :137  [32mNjUGrpLc[0;39m ==>  Preparing: SELECT count(0) FROM course
2021-06-11 10:46:45.854 DEBUG c.c.s.mapper.CourseMapper.selectByExample_COUNT   :137  [32mNjUGrpLc[0;39m ==> Parameters: 
2021-06-11 10:46:45.859 TRACE c.c.s.mapper.CourseMapper.selectByExample_COUNT   :143  [32mNjUGrpLc[0;39m <==    Columns: count(0)
2021-06-11 10:46:45.861 TRACE c.c.s.mapper.CourseMapper.selectByExample_COUNT   :143  [32mNjUGrpLc[0;39m <==        Row: 2
2021-06-11 10:46:45.864 DEBUG c.c.s.mapper.CourseMapper.selectByExample_COUNT   :137  [32mNjUGrpLc[0;39m <==      Total: 1
2021-06-11 10:46:45.867 DEBUG c.c.server.mapper.CourseMapper.selectByExample    :137  [32mNjUGrpLc[0;39m ==>  Preparing: select id, name, summary, time, price, image, level, charge, status, enroll, sort, created_at, updated_at, teacher_id from course order by sort asc LIMIT ?
2021-06-11 10:46:45.869 DEBUG c.c.server.mapper.CourseMapper.selectByExample    :137  [32mNjUGrpLc[0;39m ==> Parameters: 5(Integer)
2021-06-11 10:46:45.875 TRACE c.c.server.mapper.CourseMapper.selectByExample    :143  [32mNjUGrpLc[0;39m <==    Columns: id, name, summary, time, price, image, level, charge, status, enroll, sort, created_at, updated_at, teacher_id
2021-06-11 10:46:45.879 TRACE c.c.server.mapper.CourseMapper.selectByExample    :143  [32mNjUGrpLc[0;39m <==        Row: x4DBLnpR, 02, 5, 10, null, https://i0.hdslb.com/bfs/feed-admin/483eaa42a44d5f53471643cfe3ede43e0656711a.jpg@880w_388h_1c_95q, null, null, null, null, null, 2021-06-10 18:12:06, 2021-06-10 18:26:52.219, null
2021-06-11 10:46:45.884 TRACE c.c.server.mapper.CourseMapper.selectByExample    :143  [32mNjUGrpLc[0;39m <==        Row: 00000001, æµ‹è¯•è¯¾ç¨‹01, è¿™æ˜¯ä¸€é—¨æµ‹è¯•è¯¾ç¨‹, 5555556, 19.90, , 1, C, P, 100, 0, 2021-06-10 16:08:29, 2021-06-10 18:11:58.561, null
2021-06-11 10:46:45.888 DEBUG c.c.server.mapper.CourseMapper.selectByExample    :137  [32mNjUGrpLc[0;39m <==      Total: 2
2021-06-11 10:46:45.892 INFO  com.company.server.config.LogAspect               :110  [32mNjUGrpLc[0;39m è¿”å›žç»“æžœ: {"content":{"list":[{"createdAt":1623319926000,"id":"x4DBLnpR","image":"https://i0.hdslb.com/bfs/feed-admin/483eaa42a44d5f53471643cfe3ede43e0656711a.jpg@880w_388h_1c_95q","name":"02","summary":"5","time":10,"updatedAt":1623320812219},{"charge":"C","createdAt":1623312509000,"enroll":100,"id":"00000001","image":"","level":"1","name":"æµ‹è¯•è¯¾ç¨‹01","price":19.90,"sort":0,"status":"P","summary":"è¿™æ˜¯ä¸€é—¨æµ‹è¯•è¯¾ç¨‹","time":5555556,"updatedAt":1623319918561}],"page":1,"size":5,"total":2},"success":true}
2021-06-11 10:46:45.893 INFO  com.company.server.config.LogAspect               :111  [32mNjUGrpLc[0;39m ------------- ç»“æŸ è€—æ—¶ï¼š46 ms -------------
