2021-06-10 14:07:42.018 INFO  c.n.d.shared.resolver.aws.ConfigClusterResolver   :43   [32m        [0;39m Resolving eureka endpoints via configuration
2021-06-10 14:12:42.027 INFO  c.n.d.shared.resolver.aws.ConfigClusterResolver   :43   [32m        [0;39m Resolving eureka endpoints via configuration
2021-06-10 14:17:40.931 INFO  c.n.d.shared.resolver.aws.ConfigClusterResolver   :43   [32m        [0;39m Resolving eureka endpoints via configuration
2021-06-10 14:22:40.941 INFO  c.n.d.shared.resolver.aws.ConfigClusterResolver   :43   [32m        [0;39m Resolving eureka endpoints via configuration
2021-06-10 14:27:40.944 INFO  c.n.d.shared.resolver.aws.ConfigClusterResolver   :43   [32m        [0;39m Resolving eureka endpoints via configuration
2021-06-10 14:32:40.960 INFO  c.n.d.shared.resolver.aws.ConfigClusterResolver   :43   [32m        [0;39m Resolving eureka endpoints via configuration
2021-06-10 14:37:40.962 INFO  c.n.d.shared.resolver.aws.ConfigClusterResolver   :43   [32m        [0;39m Resolving eureka endpoints via configuration
2021-06-10 14:42:40.964 INFO  c.n.d.shared.resolver.aws.ConfigClusterResolver   :43   [32m        [0;39m Resolving eureka endpoints via configuration
2021-06-10 14:47:40.979 INFO  c.n.d.shared.resolver.aws.ConfigClusterResolver   :43   [32m        [0;39m Resolving eureka endpoints via configuration
2021-06-10 14:52:25.770 INFO  com.company.server.config.LogAspect               :77   [32m0gUZ4ucF[0;39m ------------- ã€å¤§ç« ã€‘æŸ¥è¯¢å¼€å§‹ -------------
2021-06-10 14:52:25.771 INFO  com.company.server.config.LogAspect               :78   [32m0gUZ4ucF[0;39m è¯·æ±‚åœ°å€: http://172.22.32.90:9002/business/admin/chapter/list POST
2021-06-10 14:52:25.772 INFO  com.company.server.config.LogAspect               :79   [32m0gUZ4ucF[0;39m ç±»åæ–¹æ³•: com.company.business.controller.admin.ChapterController.list
2021-06-10 14:52:25.772 INFO  com.company.server.config.LogAspect               :80   [32m0gUZ4ucF[0;39m è¿œç¨‹åœ°å€: 172.22.32.90
2021-06-10 14:52:25.772 INFO  com.company.server.config.LogAspect               :98   [32m0gUZ4ucF[0;39m è¯·æ±‚å‚æ•°: [{"page":1,"size":5,"total":0}]
2021-06-10 14:52:25.798 DEBUG c.c.s.mapper.ChapterMapper.selectByExample_COUNT  :137  [32m0gUZ4ucF[0;39m ==>  Preparing: SELECT count(0) FROM chapter
2021-06-10 14:52:25.799 DEBUG c.c.s.mapper.ChapterMapper.selectByExample_COUNT  :137  [32m0gUZ4ucF[0;39m ==> Parameters: 
2021-06-10 14:52:25.802 TRACE c.c.s.mapper.ChapterMapper.selectByExample_COUNT  :143  [32m0gUZ4ucF[0;39m <==    Columns: count(0)
2021-06-10 14:52:25.802 TRACE c.c.s.mapper.ChapterMapper.selectByExample_COUNT  :143  [32m0gUZ4ucF[0;39m <==        Row: 10
2021-06-10 14:52:25.803 DEBUG c.c.s.mapper.ChapterMapper.selectByExample_COUNT  :137  [32m0gUZ4ucF[0;39m <==      Total: 1
2021-06-10 14:52:25.803 DEBUG c.c.server.mapper.ChapterMapper.selectByExample   :137  [32m0gUZ4ucF[0;39m ==>  Preparing: select id, course_id, name from chapter LIMIT ?
2021-06-10 14:52:25.803 DEBUG c.c.server.mapper.ChapterMapper.selectByExample   :137  [32m0gUZ4ucF[0;39m ==> Parameters: 5(Integer)
2021-06-10 14:52:25.804 TRACE c.c.server.mapper.ChapterMapper.selectByExample   :143  [32m0gUZ4ucF[0;39m <==    Columns: id, course_id, name
2021-06-10 14:52:25.804 TRACE c.c.server.mapper.ChapterMapper.selectByExample   :143  [32m0gUZ4ucF[0;39m <==        Row: jcUNOtPO, 12, test
2021-06-10 14:52:25.804 TRACE c.c.server.mapper.ChapterMapper.selectByExample   :143  [32m0gUZ4ucF[0;39m <==        Row: JnoEDBAk, 444, ç« 001
2021-06-10 14:52:25.805 TRACE c.c.server.mapper.ChapterMapper.selectByExample   :143  [32m0gUZ4ucF[0;39m <==        Row: kHrEATME, 456, æµ‹è¯•
2021-06-10 14:52:25.805 TRACE c.c.server.mapper.ChapterMapper.selectByExample   :143  [32m0gUZ4ucF[0;39m <==        Row: lr75Ik8n, 444, nnnnnnn
2021-06-10 14:52:25.805 TRACE c.c.server.mapper.ChapterMapper.selectByExample   :143  [32m0gUZ4ucF[0;39m <==        Row: mEEpwSGW, 123, test
2021-06-10 14:52:25.805 DEBUG c.c.server.mapper.ChapterMapper.selectByExample   :137  [32m0gUZ4ucF[0;39m <==      Total: 5
2021-06-10 14:52:25.806 INFO  com.company.server.config.LogAspect               :110  [32m0gUZ4ucF[0;39m è¿”å›žç»“æžœ: {"content":{"list":[{"courseId":"12","id":"jcUNOtPO","name":"test"},{"courseId":"444","id":"JnoEDBAk","name":"ç« 001"},{"courseId":"456","id":"kHrEATME","name":"æµ‹è¯•"},{"courseId":"444","id":"lr75Ik8n","name":"nnnnnnn"},{"courseId":"123","id":"mEEpwSGW","name":"test"}],"page":1,"size":5,"total":10},"success":true}
2021-06-10 14:52:25.806 INFO  com.company.server.config.LogAspect               :111  [32m0gUZ4ucF[0;39m ------------- ç»“æŸ è€—æ—¶ï¼š36 ms -------------
2021-06-10 14:52:26.665 INFO  com.company.server.config.LogAspect               :77   [32m5O3gksKJ[0;39m ------------- ã€å°èŠ‚ã€‘æŸ¥è¯¢å¼€å§‹ -------------
2021-06-10 14:52:26.666 INFO  com.company.server.config.LogAspect               :78   [32m5O3gksKJ[0;39m è¯·æ±‚åœ°å€: http://172.22.32.90:9002/business/admin/section/list POST
2021-06-10 14:52:26.666 INFO  com.company.server.config.LogAspect               :79   [32m5O3gksKJ[0;39m ç±»åæ–¹æ³•: com.company.business.controller.admin.SectionController.list
2021-06-10 14:52:26.666 INFO  com.company.server.config.LogAspect               :80   [32m5O3gksKJ[0;39m è¿œç¨‹åœ°å€: 172.22.32.90
2021-06-10 14:52:26.666 INFO  com.company.server.config.LogAspect               :98   [32m5O3gksKJ[0;39m è¯·æ±‚å‚æ•°: [{"page":1,"size":5,"total":0}]
2021-06-10 14:52:26.667 DEBUG c.c.s.mapper.SectionMapper.selectByExample_COUNT  :137  [32m5O3gksKJ[0;39m ==>  Preparing: SELECT count(0) FROM section
2021-06-10 14:52:26.667 DEBUG c.c.s.mapper.SectionMapper.selectByExample_COUNT  :137  [32m5O3gksKJ[0;39m ==> Parameters: 
2021-06-10 14:52:26.668 TRACE c.c.s.mapper.SectionMapper.selectByExample_COUNT  :143  [32m5O3gksKJ[0;39m <==    Columns: count(0)
2021-06-10 14:52:26.669 TRACE c.c.s.mapper.SectionMapper.selectByExample_COUNT  :143  [32m5O3gksKJ[0;39m <==        Row: 6
2021-06-10 14:52:26.669 DEBUG c.c.s.mapper.SectionMapper.selectByExample_COUNT  :137  [32m5O3gksKJ[0;39m <==      Total: 1
2021-06-10 14:52:26.669 DEBUG c.c.server.mapper.SectionMapper.selectByExample   :137  [32m5O3gksKJ[0;39m ==>  Preparing: select id, title, course_id, chapter_id, video, time, charge, sort, created_at, updated_at from section LIMIT ?
2021-06-10 14:52:26.670 DEBUG c.c.server.mapper.SectionMapper.selectByExample   :137  [32m5O3gksKJ[0;39m ==> Parameters: 5(Integer)
2021-06-10 14:52:26.671 TRACE c.c.server.mapper.SectionMapper.selectByExample   :143  [32m5O3gksKJ[0;39m <==    Columns: id, title, course_id, chapter_id, video, time, charge, sort, created_at, updated_at
2021-06-10 14:52:26.671 TRACE c.c.server.mapper.SectionMapper.selectByExample   :143  [32m5O3gksKJ[0;39m <==        Row: dV3S1r5H, 4, 456, null, null, null, null, null, null, null
2021-06-10 14:52:26.671 TRACE c.c.server.mapper.SectionMapper.selectByExample   :143  [32m5O3gksKJ[0;39m <==        Row: fVPTEPU7, 1, null, null, 5, null, C, null, null, null
2021-06-10 14:52:26.671 TRACE c.c.server.mapper.SectionMapper.selectByExample   :143  [32m5O3gksKJ[0;39m <==        Row: h636Qomu, 1, 2, 3, 4, 5, F, 7, null, null
2021-06-10 14:52:26.672 TRACE c.c.server.mapper.SectionMapper.selectByExample   :143  [32m5O3gksKJ[0;39m <==        Row: hd1cNCIV, 7, null, null, null, null, C, null, null, null
2021-06-10 14:52:26.672 TRACE c.c.server.mapper.SectionMapper.selectByExample   :143  [32m5O3gksKJ[0;39m <==        Row: lMKvVsMc, 13, null, null, null, null, F, null, null, null
2021-06-10 14:52:26.672 DEBUG c.c.server.mapper.SectionMapper.selectByExample   :137  [32m5O3gksKJ[0;39m <==      Total: 5
2021-06-10 14:52:26.673 INFO  com.company.server.config.LogAspect               :110  [32m5O3gksKJ[0;39m è¿”å›žç»“æžœ: {"content":{"list":[{"courseId":"456","id":"dV3S1r5H","title":"4"},{"charge":"C","id":"fVPTEPU7","title":"1","video":"5"},{"chapterId":"3","charge":"F","courseId":"2","id":"h636Qomu","sort":7,"time":5,"title":"1","video":"4"},{"charge":"C","id":"hd1cNCIV","title":"7"},{"charge":"F","id":"lMKvVsMc","title":"13"}],"page":1,"size":5,"total":6},"success":true}
2021-06-10 14:52:26.674 INFO  com.company.server.config.LogAspect               :111  [32m5O3gksKJ[0;39m ------------- ç»“æŸ è€—æ—¶ï¼š9 ms -------------
2021-06-10 14:52:40.990 INFO  c.n.d.shared.resolver.aws.ConfigClusterResolver   :43   [32m        [0;39m Resolving eureka endpoints via configuration
2021-06-10 14:52:54.742 INFO  com.company.server.config.LogAspect               :77   [32mfw6ZBBKi[0;39m ------------- ã€å°èŠ‚ã€‘æŸ¥è¯¢å¼€å§‹ -------------
2021-06-10 14:52:54.742 INFO  com.company.server.config.LogAspect               :78   [32mfw6ZBBKi[0;39m è¯·æ±‚åœ°å€: http://172.22.32.90:9002/business/admin/section/list POST
2021-06-10 14:52:54.743 INFO  com.company.server.config.LogAspect               :79   [32mfw6ZBBKi[0;39m ç±»åæ–¹æ³•: com.company.business.controller.admin.SectionController.list
2021-06-10 14:52:54.743 INFO  com.company.server.config.LogAspect               :80   [32mfw6ZBBKi[0;39m è¿œç¨‹åœ°å€: 172.22.32.90
2021-06-10 14:52:54.744 INFO  com.company.server.config.LogAspect               :98   [32mfw6ZBBKi[0;39m è¯·æ±‚å‚æ•°: [{"page":1,"size":5,"total":0}]
2021-06-10 14:52:54.745 DEBUG c.c.s.mapper.SectionMapper.selectByExample_COUNT  :137  [32mfw6ZBBKi[0;39m ==>  Preparing: SELECT count(0) FROM section
2021-06-10 14:52:54.746 DEBUG c.c.s.mapper.SectionMapper.selectByExample_COUNT  :137  [32mfw6ZBBKi[0;39m ==> Parameters: 
2021-06-10 14:52:54.748 TRACE c.c.s.mapper.SectionMapper.selectByExample_COUNT  :143  [32mfw6ZBBKi[0;39m <==    Columns: count(0)
2021-06-10 14:52:54.748 TRACE c.c.s.mapper.SectionMapper.selectByExample_COUNT  :143  [32mfw6ZBBKi[0;39m <==        Row: 6
2021-06-10 14:52:54.749 DEBUG c.c.s.mapper.SectionMapper.selectByExample_COUNT  :137  [32mfw6ZBBKi[0;39m <==      Total: 1
2021-06-10 14:52:54.750 DEBUG c.c.server.mapper.SectionMapper.selectByExample   :137  [32mfw6ZBBKi[0;39m ==>  Preparing: select id, title, course_id, chapter_id, video, time, charge, sort, created_at, updated_at from section LIMIT ?
2021-06-10 14:52:54.751 DEBUG c.c.server.mapper.SectionMapper.selectByExample   :137  [32mfw6ZBBKi[0;39m ==> Parameters: 5(Integer)
2021-06-10 14:52:54.752 TRACE c.c.server.mapper.SectionMapper.selectByExample   :143  [32mfw6ZBBKi[0;39m <==    Columns: id, title, course_id, chapter_id, video, time, charge, sort, created_at, updated_at
2021-06-10 14:52:54.752 TRACE c.c.server.mapper.SectionMapper.selectByExample   :143  [32mfw6ZBBKi[0;39m <==        Row: dV3S1r5H, 4, 456, null, null, null, null, null, null, null
2021-06-10 14:52:54.753 TRACE c.c.server.mapper.SectionMapper.selectByExample   :143  [32mfw6ZBBKi[0;39m <==        Row: fVPTEPU7, 1, null, null, 5, null, C, null, null, null
2021-06-10 14:52:54.753 TRACE c.c.server.mapper.SectionMapper.selectByExample   :143  [32mfw6ZBBKi[0;39m <==        Row: h636Qomu, 1, 2, 3, 4, 5, F, 7, null, null
2021-06-10 14:52:54.754 TRACE c.c.server.mapper.SectionMapper.selectByExample   :143  [32mfw6ZBBKi[0;39m <==        Row: hd1cNCIV, 7, null, null, null, null, C, null, null, null
2021-06-10 14:52:54.754 TRACE c.c.server.mapper.SectionMapper.selectByExample   :143  [32mfw6ZBBKi[0;39m <==        Row: lMKvVsMc, 13, null, null, null, null, F, null, null, null
2021-06-10 14:52:54.754 DEBUG c.c.server.mapper.SectionMapper.selectByExample   :137  [32mfw6ZBBKi[0;39m <==      Total: 5
2021-06-10 14:52:54.755 INFO  com.company.server.config.LogAspect               :110  [32mfw6ZBBKi[0;39m è¿”å›žç»“æžœ: {"content":{"list":[{"courseId":"456","id":"dV3S1r5H","title":"4"},{"charge":"C","id":"fVPTEPU7","title":"1","video":"5"},{"chapterId":"3","charge":"F","courseId":"2","id":"h636Qomu","sort":7,"time":5,"title":"1","video":"4"},{"charge":"C","id":"hd1cNCIV","title":"7"},{"charge":"F","id":"lMKvVsMc","title":"13"}],"page":1,"size":5,"total":6},"success":true}
2021-06-10 14:52:54.756 INFO  com.company.server.config.LogAspect               :111  [32mfw6ZBBKi[0;39m ------------- ç»“æŸ è€—æ—¶ï¼š14 ms -------------
2021-06-10 14:53:15.482 INFO  com.company.server.config.LogAspect               :77   [32mgHzGNhId[0;39m ------------- ã€å°èŠ‚ã€‘åˆ é™¤å¼€å§‹ -------------
2021-06-10 14:53:15.482 INFO  com.company.server.config.LogAspect               :78   [32mgHzGNhId[0;39m è¯·æ±‚åœ°å€: http://172.22.32.90:9002/business/admin/section/delete/dV3S1r5H DELETE
2021-06-10 14:53:15.482 INFO  com.company.server.config.LogAspect               :79   [32mgHzGNhId[0;39m ç±»åæ–¹æ³•: com.company.business.controller.admin.SectionController.delete
2021-06-10 14:53:15.482 INFO  com.company.server.config.LogAspect               :80   [32mgHzGNhId[0;39m è¿œç¨‹åœ°å€: 172.22.32.90
2021-06-10 14:53:15.483 INFO  com.company.server.config.LogAspect               :98   [32mgHzGNhId[0;39m è¯·æ±‚å‚æ•°: ["dV3S1r5H"]
2021-06-10 14:53:15.483 DEBUG c.c.server.mapper.SectionMapper.deleteByPrimaryKey:137  [32mgHzGNhId[0;39m ==>  Preparing: delete from section where id = ?
2021-06-10 14:53:15.484 DEBUG c.c.server.mapper.SectionMapper.deleteByPrimaryKey:137  [32mgHzGNhId[0;39m ==> Parameters: dV3S1r5H(String)
2021-06-10 14:53:15.645 DEBUG c.c.server.mapper.SectionMapper.deleteByPrimaryKey:137  [32mgHzGNhId[0;39m <==    Updates: 1
2021-06-10 14:53:15.645 INFO  com.company.server.config.LogAspect               :110  [32mgHzGNhId[0;39m è¿”å›žç»“æžœ: {"success":true}
2021-06-10 14:53:15.645 INFO  com.company.server.config.LogAspect               :111  [32mgHzGNhId[0;39m ------------- ç»“æŸ è€—æ—¶ï¼š163 ms -------------
2021-06-10 14:53:15.672 INFO  com.company.server.config.LogAspect               :77   [32mRNF5QNuO[0;39m ------------- ã€å°èŠ‚ã€‘æŸ¥è¯¢å¼€å§‹ -------------
2021-06-10 14:53:15.672 INFO  com.company.server.config.LogAspect               :78   [32mRNF5QNuO[0;39m è¯·æ±‚åœ°å€: http://172.22.32.90:9002/business/admin/section/list POST
2021-06-10 14:53:15.672 INFO  com.company.server.config.LogAspect               :79   [32mRNF5QNuO[0;39m ç±»åæ–¹æ³•: com.company.business.controller.admin.SectionController.list
2021-06-10 14:53:15.673 INFO  com.company.server.config.LogAspect               :80   [32mRNF5QNuO[0;39m è¿œç¨‹åœ°å€: 172.22.32.90
2021-06-10 14:53:15.673 INFO  com.company.server.config.LogAspect               :98   [32mRNF5QNuO[0;39m è¯·æ±‚å‚æ•°: [{"page":1,"size":5,"total":0}]
2021-06-10 14:53:15.673 DEBUG c.c.s.mapper.SectionMapper.selectByExample_COUNT  :137  [32mRNF5QNuO[0;39m ==>  Preparing: SELECT count(0) FROM section
2021-06-10 14:53:15.674 DEBUG c.c.s.mapper.SectionMapper.selectByExample_COUNT  :137  [32mRNF5QNuO[0;39m ==> Parameters: 
2021-06-10 14:53:15.675 TRACE c.c.s.mapper.SectionMapper.selectByExample_COUNT  :143  [32mRNF5QNuO[0;39m <==    Columns: count(0)
2021-06-10 14:53:15.675 TRACE c.c.s.mapper.SectionMapper.selectByExample_COUNT  :143  [32mRNF5QNuO[0;39m <==        Row: 5
2021-06-10 14:53:15.675 DEBUG c.c.s.mapper.SectionMapper.selectByExample_COUNT  :137  [32mRNF5QNuO[0;39m <==      Total: 1
2021-06-10 14:53:15.676 DEBUG c.c.server.mapper.SectionMapper.selectByExample   :137  [32mRNF5QNuO[0;39m ==>  Preparing: select id, title, course_id, chapter_id, video, time, charge, sort, created_at, updated_at from section LIMIT ?
2021-06-10 14:53:15.676 DEBUG c.c.server.mapper.SectionMapper.selectByExample   :137  [32mRNF5QNuO[0;39m ==> Parameters: 5(Integer)
2021-06-10 14:53:15.677 TRACE c.c.server.mapper.SectionMapper.selectByExample   :143  [32mRNF5QNuO[0;39m <==    Columns: id, title, course_id, chapter_id, video, time, charge, sort, created_at, updated_at
2021-06-10 14:53:15.677 TRACE c.c.server.mapper.SectionMapper.selectByExample   :143  [32mRNF5QNuO[0;39m <==        Row: fVPTEPU7, 1, null, null, 5, null, C, null, null, null
2021-06-10 14:53:15.677 TRACE c.c.server.mapper.SectionMapper.selectByExample   :143  [32mRNF5QNuO[0;39m <==        Row: h636Qomu, 1, 2, 3, 4, 5, F, 7, null, null
2021-06-10 14:53:15.678 TRACE c.c.server.mapper.SectionMapper.selectByExample   :143  [32mRNF5QNuO[0;39m <==        Row: hd1cNCIV, 7, null, null, null, null, C, null, null, null
2021-06-10 14:53:15.678 TRACE c.c.server.mapper.SectionMapper.selectByExample   :143  [32mRNF5QNuO[0;39m <==        Row: lMKvVsMc, 13, null, null, null, null, F, null, null, null
2021-06-10 14:53:15.678 TRACE c.c.server.mapper.SectionMapper.selectByExample   :143  [32mRNF5QNuO[0;39m <==        Row: nlLobVJh, 2222, null, null, null, null, F, null, null, null
2021-06-10 14:53:15.678 DEBUG c.c.server.mapper.SectionMapper.selectByExample   :137  [32mRNF5QNuO[0;39m <==      Total: 5
2021-06-10 14:53:15.679 INFO  com.company.server.config.LogAspect               :110  [32mRNF5QNuO[0;39m è¿”å›žç»“æžœ: {"content":{"list":[{"charge":"C","id":"fVPTEPU7","title":"1","video":"5"},{"chapterId":"3","charge":"F","courseId":"2","id":"h636Qomu","sort":7,"time":5,"title":"1","video":"4"},{"charge":"C","id":"hd1cNCIV","title":"7"},{"charge":"F","id":"lMKvVsMc","title":"13"},{"charge":"F","id":"nlLobVJh","title":"2222"}],"page":1,"size":5,"total":5},"success":true}
2021-06-10 14:53:15.679 INFO  com.company.server.config.LogAspect               :111  [32mRNF5QNuO[0;39m ------------- ç»“æŸ è€—æ—¶ï¼š7 ms -------------
2021-06-10 14:53:18.421 INFO  com.company.server.config.LogAspect               :77   [32mgTzt47IG[0;39m ------------- ã€å°èŠ‚ã€‘æŸ¥è¯¢å¼€å§‹ -------------
2021-06-10 14:53:18.421 INFO  com.company.server.config.LogAspect               :78   [32mgTzt47IG[0;39m è¯·æ±‚åœ°å€: http://172.22.32.90:9002/business/admin/section/list POST
2021-06-10 14:53:18.422 INFO  com.company.server.config.LogAspect               :79   [32mgTzt47IG[0;39m ç±»åæ–¹æ³•: com.company.business.controller.admin.SectionController.list
2021-06-10 14:53:18.422 INFO  com.company.server.config.LogAspect               :80   [32mgTzt47IG[0;39m è¿œç¨‹åœ°å€: 172.22.32.90
2021-06-10 14:53:18.422 INFO  com.company.server.config.LogAspect               :98   [32mgTzt47IG[0;39m è¯·æ±‚å‚æ•°: [{"page":1,"size":5,"total":0}]
2021-06-10 14:53:18.423 DEBUG c.c.s.mapper.SectionMapper.selectByExample_COUNT  :137  [32mgTzt47IG[0;39m ==>  Preparing: SELECT count(0) FROM section
2021-06-10 14:53:18.424 DEBUG c.c.s.mapper.SectionMapper.selectByExample_COUNT  :137  [32mgTzt47IG[0;39m ==> Parameters: 
2021-06-10 14:53:18.426 TRACE c.c.s.mapper.SectionMapper.selectByExample_COUNT  :143  [32mgTzt47IG[0;39m <==    Columns: count(0)
2021-06-10 14:53:18.427 TRACE c.c.s.mapper.SectionMapper.selectByExample_COUNT  :143  [32mgTzt47IG[0;39m <==        Row: 5
2021-06-10 14:53:18.427 DEBUG c.c.s.mapper.SectionMapper.selectByExample_COUNT  :137  [32mgTzt47IG[0;39m <==      Total: 1
2021-06-10 14:53:18.428 DEBUG c.c.server.mapper.SectionMapper.selectByExample   :137  [32mgTzt47IG[0;39m ==>  Preparing: select id, title, course_id, chapter_id, video, time, charge, sort, created_at, updated_at from section LIMIT ?
2021-06-10 14:53:18.429 DEBUG c.c.server.mapper.SectionMapper.selectByExample   :137  [32mgTzt47IG[0;39m ==> Parameters: 5(Integer)
2021-06-10 14:53:18.430 TRACE c.c.server.mapper.SectionMapper.selectByExample   :143  [32mgTzt47IG[0;39m <==    Columns: id, title, course_id, chapter_id, video, time, charge, sort, created_at, updated_at
2021-06-10 14:53:18.430 TRACE c.c.server.mapper.SectionMapper.selectByExample   :143  [32mgTzt47IG[0;39m <==        Row: fVPTEPU7, 1, null, null, 5, null, C, null, null, null
2021-06-10 14:53:18.431 TRACE c.c.server.mapper.SectionMapper.selectByExample   :143  [32mgTzt47IG[0;39m <==        Row: h636Qomu, 1, 2, 3, 4, 5, F, 7, null, null
2021-06-10 14:53:18.431 TRACE c.c.server.mapper.SectionMapper.selectByExample   :143  [32mgTzt47IG[0;39m <==        Row: hd1cNCIV, 7, null, null, null, null, C, null, null, null
2021-06-10 14:53:18.432 TRACE c.c.server.mapper.SectionMapper.selectByExample   :143  [32mgTzt47IG[0;39m <==        Row: lMKvVsMc, 13, null, null, null, null, F, null, null, null
2021-06-10 14:53:18.432 TRACE c.c.server.mapper.SectionMapper.selectByExample   :143  [32mgTzt47IG[0;39m <==        Row: nlLobVJh, 2222, null, null, null, null, F, null, null, null
2021-06-10 14:53:18.432 DEBUG c.c.server.mapper.SectionMapper.selectByExample   :137  [32mgTzt47IG[0;39m <==      Total: 5
2021-06-10 14:53:18.433 INFO  com.company.server.config.LogAspect               :110  [32mgTzt47IG[0;39m è¿”å›žç»“æžœ: {"content":{"list":[{"charge":"C","id":"fVPTEPU7","title":"1","video":"5"},{"chapterId":"3","charge":"F","courseId":"2","id":"h636Qomu","sort":7,"time":5,"title":"1","video":"4"},{"charge":"C","id":"hd1cNCIV","title":"7"},{"charge":"F","id":"lMKvVsMc","title":"13"},{"charge":"F","id":"nlLobVJh","title":"2222"}],"page":1,"size":5,"total":5},"success":true}
2021-06-10 14:53:18.433 INFO  com.company.server.config.LogAspect               :111  [32mgTzt47IG[0;39m ------------- ç»“æŸ è€—æ—¶ï¼š12 ms -------------
2021-06-10 14:54:07.416 INFO  com.company.server.config.LogAspect               :77   [32mRH9odKPJ[0;39m ------------- ã€å°èŠ‚ã€‘æŸ¥è¯¢å¼€å§‹ -------------
2021-06-10 14:54:07.416 INFO  com.company.server.config.LogAspect               :78   [32mRH9odKPJ[0;39m è¯·æ±‚åœ°å€: http://172.22.32.90:9002/business/admin/section/list POST
2021-06-10 14:54:07.416 INFO  com.company.server.config.LogAspect               :79   [32mRH9odKPJ[0;39m ç±»åæ–¹æ³•: com.company.business.controller.admin.SectionController.list
2021-06-10 14:54:07.417 INFO  com.company.server.config.LogAspect               :80   [32mRH9odKPJ[0;39m è¿œç¨‹åœ°å€: 172.22.32.90
2021-06-10 14:54:07.417 INFO  com.company.server.config.LogAspect               :98   [32mRH9odKPJ[0;39m è¯·æ±‚å‚æ•°: [{"page":1,"size":5,"total":0}]
2021-06-10 14:54:07.418 DEBUG c.c.s.mapper.SectionMapper.selectByExample_COUNT  :137  [32mRH9odKPJ[0;39m ==>  Preparing: SELECT count(0) FROM section
2021-06-10 14:54:07.419 DEBUG c.c.s.mapper.SectionMapper.selectByExample_COUNT  :137  [32mRH9odKPJ[0;39m ==> Parameters: 
2021-06-10 14:54:07.421 TRACE c.c.s.mapper.SectionMapper.selectByExample_COUNT  :143  [32mRH9odKPJ[0;39m <==    Columns: count(0)
2021-06-10 14:54:07.421 TRACE c.c.s.mapper.SectionMapper.selectByExample_COUNT  :143  [32mRH9odKPJ[0;39m <==        Row: 5
2021-06-10 14:54:07.421 DEBUG c.c.s.mapper.SectionMapper.selectByExample_COUNT  :137  [32mRH9odKPJ[0;39m <==      Total: 1
2021-06-10 14:54:07.422 DEBUG c.c.server.mapper.SectionMapper.selectByExample   :137  [32mRH9odKPJ[0;39m ==>  Preparing: select id, title, course_id, chapter_id, video, time, charge, sort, created_at, updated_at from section LIMIT ?
2021-06-10 14:54:07.422 DEBUG c.c.server.mapper.SectionMapper.selectByExample   :137  [32mRH9odKPJ[0;39m ==> Parameters: 5(Integer)
2021-06-10 14:54:07.424 TRACE c.c.server.mapper.SectionMapper.selectByExample   :143  [32mRH9odKPJ[0;39m <==    Columns: id, title, course_id, chapter_id, video, time, charge, sort, created_at, updated_at
2021-06-10 14:54:07.424 TRACE c.c.server.mapper.SectionMapper.selectByExample   :143  [32mRH9odKPJ[0;39m <==        Row: fVPTEPU7, 1, null, null, 5, null, C, null, null, null
2021-06-10 14:54:07.424 TRACE c.c.server.mapper.SectionMapper.selectByExample   :143  [32mRH9odKPJ[0;39m <==        Row: h636Qomu, 1, 2, 3, 4, 5, F, 7, null, null
2021-06-10 14:54:07.425 TRACE c.c.server.mapper.SectionMapper.selectByExample   :143  [32mRH9odKPJ[0;39m <==        Row: hd1cNCIV, 7, null, null, null, null, C, null, null, null
2021-06-10 14:54:07.425 TRACE c.c.server.mapper.SectionMapper.selectByExample   :143  [32mRH9odKPJ[0;39m <==        Row: lMKvVsMc, 13, null, null, null, null, F, null, null, null
2021-06-10 14:54:07.426 TRACE c.c.server.mapper.SectionMapper.selectByExample   :143  [32mRH9odKPJ[0;39m <==        Row: nlLobVJh, 2222, null, null, null, null, F, null, null, null
2021-06-10 14:54:07.426 DEBUG c.c.server.mapper.SectionMapper.selectByExample   :137  [32mRH9odKPJ[0;39m <==      Total: 5
2021-06-10 14:54:07.427 INFO  com.company.server.config.LogAspect               :110  [32mRH9odKPJ[0;39m è¿”å›žç»“æžœ: {"content":{"list":[{"charge":"C","id":"fVPTEPU7","title":"1","video":"5"},{"chapterId":"3","charge":"F","courseId":"2","id":"h636Qomu","sort":7,"time":5,"title":"1","video":"4"},{"charge":"C","id":"hd1cNCIV","title":"7"},{"charge":"F","id":"lMKvVsMc","title":"13"},{"charge":"F","id":"nlLobVJh","title":"2222"}],"page":1,"size":5,"total":5},"success":true}
2021-06-10 14:54:07.427 INFO  com.company.server.config.LogAspect               :111  [32mRH9odKPJ[0;39m ------------- ç»“æŸ è€—æ—¶ï¼š11 ms -------------
2021-06-10 14:54:31.208 INFO  com.company.server.config.LogAspect               :77   [32mNFHgdGgC[0;39m ------------- ã€å°èŠ‚ã€‘æŸ¥è¯¢å¼€å§‹ -------------
2021-06-10 14:54:31.209 INFO  com.company.server.config.LogAspect               :78   [32mNFHgdGgC[0;39m è¯·æ±‚åœ°å€: http://172.22.32.90:9002/business/admin/section/list POST
2021-06-10 14:54:31.209 INFO  com.company.server.config.LogAspect               :79   [32mNFHgdGgC[0;39m ç±»åæ–¹æ³•: com.company.business.controller.admin.SectionController.list
2021-06-10 14:54:31.209 INFO  com.company.server.config.LogAspect               :80   [32mNFHgdGgC[0;39m è¿œç¨‹åœ°å€: 172.22.32.90
2021-06-10 14:54:31.210 INFO  com.company.server.config.LogAspect               :98   [32mNFHgdGgC[0;39m è¯·æ±‚å‚æ•°: [{"page":1,"size":5,"total":0}]
2021-06-10 14:54:31.211 DEBUG c.c.s.mapper.SectionMapper.selectByExample_COUNT  :137  [32mNFHgdGgC[0;39m ==>  Preparing: SELECT count(0) FROM section
2021-06-10 14:54:31.212 DEBUG c.c.s.mapper.SectionMapper.selectByExample_COUNT  :137  [32mNFHgdGgC[0;39m ==> Parameters: 
2021-06-10 14:54:31.213 TRACE c.c.s.mapper.SectionMapper.selectByExample_COUNT  :143  [32mNFHgdGgC[0;39m <==    Columns: count(0)
2021-06-10 14:54:31.214 TRACE c.c.s.mapper.SectionMapper.selectByExample_COUNT  :143  [32mNFHgdGgC[0;39m <==        Row: 5
2021-06-10 14:54:31.214 DEBUG c.c.s.mapper.SectionMapper.selectByExample_COUNT  :137  [32mNFHgdGgC[0;39m <==      Total: 1
2021-06-10 14:54:31.215 DEBUG c.c.server.mapper.SectionMapper.selectByExample   :137  [32mNFHgdGgC[0;39m ==>  Preparing: select id, title, course_id, chapter_id, video, time, charge, sort, created_at, updated_at from section LIMIT ?
2021-06-10 14:54:31.215 DEBUG c.c.server.mapper.SectionMapper.selectByExample   :137  [32mNFHgdGgC[0;39m ==> Parameters: 5(Integer)
2021-06-10 14:54:31.217 TRACE c.c.server.mapper.SectionMapper.selectByExample   :143  [32mNFHgdGgC[0;39m <==    Columns: id, title, course_id, chapter_id, video, time, charge, sort, created_at, updated_at
2021-06-10 14:54:31.217 TRACE c.c.server.mapper.SectionMapper.selectByExample   :143  [32mNFHgdGgC[0;39m <==        Row: fVPTEPU7, 1, null, null, 5, null, C, null, null, null
2021-06-10 14:54:31.217 TRACE c.c.server.mapper.SectionMapper.selectByExample   :143  [32mNFHgdGgC[0;39m <==        Row: h636Qomu, 1, 2, 3, 4, 5, F, 7, null, null
2021-06-10 14:54:31.218 TRACE c.c.server.mapper.SectionMapper.selectByExample   :143  [32mNFHgdGgC[0;39m <==        Row: hd1cNCIV, 7, null, null, null, null, C, null, null, null
2021-06-10 14:54:31.218 TRACE c.c.server.mapper.SectionMapper.selectByExample   :143  [32mNFHgdGgC[0;39m <==        Row: lMKvVsMc, 13, null, null, null, null, F, null, null, null
2021-06-10 14:54:31.218 TRACE c.c.server.mapper.SectionMapper.selectByExample   :143  [32mNFHgdGgC[0;39m <==        Row: nlLobVJh, 2222, null, null, null, null, F, null, null, null
2021-06-10 14:54:31.219 DEBUG c.c.server.mapper.SectionMapper.selectByExample   :137  [32mNFHgdGgC[0;39m <==      Total: 5
2021-06-10 14:54:31.220 INFO  com.company.server.config.LogAspect               :110  [32mNFHgdGgC[0;39m è¿”å›žç»“æžœ: {"content":{"list":[{"charge":"C","id":"fVPTEPU7","title":"1","video":"5"},{"chapterId":"3","charge":"F","courseId":"2","id":"h636Qomu","sort":7,"time":5,"title":"1","video":"4"},{"charge":"C","id":"hd1cNCIV","title":"7"},{"charge":"F","id":"lMKvVsMc","title":"13"},{"charge":"F","id":"nlLobVJh","title":"2222"}],"page":1,"size":5,"total":5},"success":true}
2021-06-10 14:54:31.220 INFO  com.company.server.config.LogAspect               :111  [32mNFHgdGgC[0;39m ------------- ç»“æŸ è€—æ—¶ï¼š12 ms -------------
2021-06-10 14:55:11.619 INFO  com.company.server.config.LogAspect               :77   [32mS99uzOKC[0;39m ------------- ã€å°èŠ‚ã€‘æŸ¥è¯¢å¼€å§‹ -------------
2021-06-10 14:55:11.620 INFO  com.company.server.config.LogAspect               :78   [32mS99uzOKC[0;39m è¯·æ±‚åœ°å€: http://172.22.32.90:9002/business/admin/section/list POST
2021-06-10 14:55:11.620 INFO  com.company.server.config.LogAspect               :79   [32mS99uzOKC[0;39m ç±»åæ–¹æ³•: com.company.business.controller.admin.SectionController.list
2021-06-10 14:55:11.620 INFO  com.company.server.config.LogAspect               :80   [32mS99uzOKC[0;39m è¿œç¨‹åœ°å€: 172.22.32.90
2021-06-10 14:55:11.620 INFO  com.company.server.config.LogAspect               :98   [32mS99uzOKC[0;39m è¯·æ±‚å‚æ•°: [{"page":1,"size":5,"total":0}]
2021-06-10 14:55:11.622 DEBUG c.c.s.mapper.SectionMapper.selectByExample_COUNT  :137  [32mS99uzOKC[0;39m ==>  Preparing: SELECT count(0) FROM section
2021-06-10 14:55:11.622 DEBUG c.c.s.mapper.SectionMapper.selectByExample_COUNT  :137  [32mS99uzOKC[0;39m ==> Parameters: 
2021-06-10 14:55:11.625 TRACE c.c.s.mapper.SectionMapper.selectByExample_COUNT  :143  [32mS99uzOKC[0;39m <==    Columns: count(0)
2021-06-10 14:55:11.625 TRACE c.c.s.mapper.SectionMapper.selectByExample_COUNT  :143  [32mS99uzOKC[0;39m <==        Row: 5
2021-06-10 14:55:11.626 DEBUG c.c.s.mapper.SectionMapper.selectByExample_COUNT  :137  [32mS99uzOKC[0;39m <==      Total: 1
2021-06-10 14:55:11.626 DEBUG c.c.server.mapper.SectionMapper.selectByExample   :137  [32mS99uzOKC[0;39m ==>  Preparing: select id, title, course_id, chapter_id, video, time, charge, sort, created_at, updated_at from section LIMIT ?
2021-06-10 14:55:11.627 DEBUG c.c.server.mapper.SectionMapper.selectByExample   :137  [32mS99uzOKC[0;39m ==> Parameters: 5(Integer)
2021-06-10 14:55:11.628 TRACE c.c.server.mapper.SectionMapper.selectByExample   :143  [32mS99uzOKC[0;39m <==    Columns: id, title, course_id, chapter_id, video, time, charge, sort, created_at, updated_at
2021-06-10 14:55:11.629 TRACE c.c.server.mapper.SectionMapper.selectByExample   :143  [32mS99uzOKC[0;39m <==        Row: fVPTEPU7, 1, null, null, 5, null, C, null, null, null
2021-06-10 14:55:11.630 TRACE c.c.server.mapper.SectionMapper.selectByExample   :143  [32mS99uzOKC[0;39m <==        Row: h636Qomu, 1, 2, 3, 4, 5, F, 7, null, null
2021-06-10 14:55:11.630 TRACE c.c.server.mapper.SectionMapper.selectByExample   :143  [32mS99uzOKC[0;39m <==        Row: hd1cNCIV, 7, null, null, null, null, C, null, null, null
2021-06-10 14:55:11.631 TRACE c.c.server.mapper.SectionMapper.selectByExample   :143  [32mS99uzOKC[0;39m <==        Row: lMKvVsMc, 13, null, null, null, null, F, null, null, null
2021-06-10 14:55:11.631 TRACE c.c.server.mapper.SectionMapper.selectByExample   :143  [32mS99uzOKC[0;39m <==        Row: nlLobVJh, 2222, null, null, null, null, F, null, null, null
2021-06-10 14:55:11.632 DEBUG c.c.server.mapper.SectionMapper.selectByExample   :137  [32mS99uzOKC[0;39m <==      Total: 5
2021-06-10 14:55:11.632 INFO  com.company.server.config.LogAspect               :110  [32mS99uzOKC[0;39m è¿”å›žç»“æžœ: {"content":{"list":[{"charge":"C","id":"fVPTEPU7","title":"1","video":"5"},{"chapterId":"3","charge":"F","courseId":"2","id":"h636Qomu","sort":7,"time":5,"title":"1","video":"4"},{"charge":"C","id":"hd1cNCIV","title":"7"},{"charge":"F","id":"lMKvVsMc","title":"13"},{"charge":"F","id":"nlLobVJh","title":"2222"}],"page":1,"size":5,"total":5},"success":true}
2021-06-10 14:55:11.632 INFO  com.company.server.config.LogAspect               :111  [32mS99uzOKC[0;39m ------------- ç»“æŸ è€—æ—¶ï¼š13 ms -------------
2021-06-10 14:55:46.815 INFO  com.company.server.config.LogAspect               :77   [32mJrP204hx[0;39m ------------- ã€å°èŠ‚ã€‘æŸ¥è¯¢å¼€å§‹ -------------
2021-06-10 14:55:46.816 INFO  com.company.server.config.LogAspect               :78   [32mJrP204hx[0;39m è¯·æ±‚åœ°å€: http://172.22.32.90:9002/business/admin/section/list POST
2021-06-10 14:55:46.816 INFO  com.company.server.config.LogAspect               :79   [32mJrP204hx[0;39m ç±»åæ–¹æ³•: com.company.business.controller.admin.SectionController.list
2021-06-10 14:55:46.817 INFO  com.company.server.config.LogAspect               :80   [32mJrP204hx[0;39m è¿œç¨‹åœ°å€: 172.22.32.90
2021-06-10 14:55:46.817 INFO  com.company.server.config.LogAspect               :98   [32mJrP204hx[0;39m è¯·æ±‚å‚æ•°: [{"page":1,"size":5,"total":0}]
2021-06-10 14:55:46.819 DEBUG c.c.s.mapper.SectionMapper.selectByExample_COUNT  :137  [32mJrP204hx[0;39m ==>  Preparing: SELECT count(0) FROM section
2021-06-10 14:55:46.819 DEBUG c.c.s.mapper.SectionMapper.selectByExample_COUNT  :137  [32mJrP204hx[0;39m ==> Parameters: 
2021-06-10 14:55:46.821 TRACE c.c.s.mapper.SectionMapper.selectByExample_COUNT  :143  [32mJrP204hx[0;39m <==    Columns: count(0)
2021-06-10 14:55:46.821 TRACE c.c.s.mapper.SectionMapper.selectByExample_COUNT  :143  [32mJrP204hx[0;39m <==        Row: 5
2021-06-10 14:55:46.822 DEBUG c.c.s.mapper.SectionMapper.selectByExample_COUNT  :137  [32mJrP204hx[0;39m <==      Total: 1
2021-06-10 14:55:46.822 DEBUG c.c.server.mapper.SectionMapper.selectByExample   :137  [32mJrP204hx[0;39m ==>  Preparing: select id, title, course_id, chapter_id, video, time, charge, sort, created_at, updated_at from section LIMIT ?
2021-06-10 14:55:46.823 DEBUG c.c.server.mapper.SectionMapper.selectByExample   :137  [32mJrP204hx[0;39m ==> Parameters: 5(Integer)
2021-06-10 14:55:46.824 TRACE c.c.server.mapper.SectionMapper.selectByExample   :143  [32mJrP204hx[0;39m <==    Columns: id, title, course_id, chapter_id, video, time, charge, sort, created_at, updated_at
2021-06-10 14:55:46.824 TRACE c.c.server.mapper.SectionMapper.selectByExample   :143  [32mJrP204hx[0;39m <==        Row: fVPTEPU7, 1, null, null, 5, null, C, null, null, null
2021-06-10 14:55:46.824 TRACE c.c.server.mapper.SectionMapper.selectByExample   :143  [32mJrP204hx[0;39m <==        Row: h636Qomu, 1, 2, 3, 4, 5, F, 7, null, null
2021-06-10 14:55:46.825 TRACE c.c.server.mapper.SectionMapper.selectByExample   :143  [32mJrP204hx[0;39m <==        Row: hd1cNCIV, 7, null, null, null, null, C, null, null, null
2021-06-10 14:55:46.825 TRACE c.c.server.mapper.SectionMapper.selectByExample   :143  [32mJrP204hx[0;39m <==        Row: lMKvVsMc, 13, null, null, null, null, F, null, null, null
2021-06-10 14:55:46.826 TRACE c.c.server.mapper.SectionMapper.selectByExample   :143  [32mJrP204hx[0;39m <==        Row: nlLobVJh, 2222, null, null, null, null, F, null, null, null
2021-06-10 14:55:46.826 DEBUG c.c.server.mapper.SectionMapper.selectByExample   :137  [32mJrP204hx[0;39m <==      Total: 5
2021-06-10 14:55:46.827 INFO  com.company.server.config.LogAspect               :110  [32mJrP204hx[0;39m è¿”å›žç»“æžœ: {"content":{"list":[{"charge":"C","id":"fVPTEPU7","title":"1","video":"5"},{"chapterId":"3","charge":"F","courseId":"2","id":"h636Qomu","sort":7,"time":5,"title":"1","video":"4"},{"charge":"C","id":"hd1cNCIV","title":"7"},{"charge":"F","id":"lMKvVsMc","title":"13"},{"charge":"F","id":"nlLobVJh","title":"2222"}],"page":1,"size":5,"total":5},"success":true}
2021-06-10 14:55:46.827 INFO  com.company.server.config.LogAspect               :111  [32mJrP204hx[0;39m ------------- ç»“æŸ è€—æ—¶ï¼š12 ms -------------
2021-06-10 14:57:41.001 INFO  c.n.d.shared.resolver.aws.ConfigClusterResolver   :43   [32m        [0;39m Resolving eureka endpoints via configuration
2021-06-10 15:00:16.122 INFO  com.company.server.config.LogAspect               :77   [32mbCyB6i53[0;39m ------------- ã€å°èŠ‚ã€‘æŸ¥è¯¢å¼€å§‹ -------------
2021-06-10 15:00:16.123 INFO  com.company.server.config.LogAspect               :78   [32mbCyB6i53[0;39m è¯·æ±‚åœ°å€: http://172.22.32.90:9002/business/admin/section/list POST
2021-06-10 15:00:16.123 INFO  com.company.server.config.LogAspect               :79   [32mbCyB6i53[0;39m ç±»åæ–¹æ³•: com.company.business.controller.admin.SectionController.list
2021-06-10 15:00:16.123 INFO  com.company.server.config.LogAspect               :80   [32mbCyB6i53[0;39m è¿œç¨‹åœ°å€: 172.22.32.90
2021-06-10 15:00:16.124 INFO  com.company.server.config.LogAspect               :98   [32mbCyB6i53[0;39m è¯·æ±‚å‚æ•°: [{"page":1,"size":5,"total":0}]
2021-06-10 15:00:16.126 WARN  com.alibaba.druid.pool.DruidAbstractDataSource    :1489 [32mbCyB6i53[0;39m discard long time none received connection. , jdbcUrl : jdbc:mysql://localhost:3306/mooc, version : 1.2.5, lastPacketReceivedIdleMillis : 269302
2021-06-10 15:00:16.146 DEBUG c.c.s.mapper.SectionMapper.selectByExample_COUNT  :137  [32mbCyB6i53[0;39m ==>  Preparing: SELECT count(0) FROM section
2021-06-10 15:00:16.146 DEBUG c.c.s.mapper.SectionMapper.selectByExample_COUNT  :137  [32mbCyB6i53[0;39m ==> Parameters: 
2021-06-10 15:00:16.150 TRACE c.c.s.mapper.SectionMapper.selectByExample_COUNT  :143  [32mbCyB6i53[0;39m <==    Columns: count(0)
2021-06-10 15:00:16.151 TRACE c.c.s.mapper.SectionMapper.selectByExample_COUNT  :143  [32mbCyB6i53[0;39m <==        Row: 5
2021-06-10 15:00:16.151 DEBUG c.c.s.mapper.SectionMapper.selectByExample_COUNT  :137  [32mbCyB6i53[0;39m <==      Total: 1
2021-06-10 15:00:16.152 DEBUG c.c.server.mapper.SectionMapper.selectByExample   :137  [32mbCyB6i53[0;39m ==>  Preparing: select id, title, course_id, chapter_id, video, time, charge, sort, created_at, updated_at from section LIMIT ?
2021-06-10 15:00:16.152 DEBUG c.c.server.mapper.SectionMapper.selectByExample   :137  [32mbCyB6i53[0;39m ==> Parameters: 5(Integer)
2021-06-10 15:00:16.153 TRACE c.c.server.mapper.SectionMapper.selectByExample   :143  [32mbCyB6i53[0;39m <==    Columns: id, title, course_id, chapter_id, video, time, charge, sort, created_at, updated_at
2021-06-10 15:00:16.154 TRACE c.c.server.mapper.SectionMapper.selectByExample   :143  [32mbCyB6i53[0;39m <==        Row: fVPTEPU7, 1, null, null, 5, null, C, null, null, null
2021-06-10 15:00:16.154 TRACE c.c.server.mapper.SectionMapper.selectByExample   :143  [32mbCyB6i53[0;39m <==        Row: h636Qomu, 1, 2, 3, 4, 5, F, 7, null, null
2021-06-10 15:00:16.154 TRACE c.c.server.mapper.SectionMapper.selectByExample   :143  [32mbCyB6i53[0;39m <==        Row: hd1cNCIV, 7, null, null, null, null, C, null, null, null
2021-06-10 15:00:16.154 TRACE c.c.server.mapper.SectionMapper.selectByExample   :143  [32mbCyB6i53[0;39m <==        Row: lMKvVsMc, 13, null, null, null, null, F, null, null, null
2021-06-10 15:00:16.155 TRACE c.c.server.mapper.SectionMapper.selectByExample   :143  [32mbCyB6i53[0;39m <==        Row: nlLobVJh, 2222, null, null, null, null, F, null, null, null
2021-06-10 15:00:16.155 DEBUG c.c.server.mapper.SectionMapper.selectByExample   :137  [32mbCyB6i53[0;39m <==      Total: 5
2021-06-10 15:00:16.156 INFO  com.company.server.config.LogAspect               :110  [32mbCyB6i53[0;39m è¿”å›žç»“æžœ: {"content":{"list":[{"charge":"C","id":"fVPTEPU7","title":"1","video":"5"},{"chapterId":"3","charge":"F","courseId":"2","id":"h636Qomu","sort":7,"time":5,"title":"1","video":"4"},{"charge":"C","id":"hd1cNCIV","title":"7"},{"charge":"F","id":"lMKvVsMc","title":"13"},{"charge":"F","id":"nlLobVJh","title":"2222"}],"page":1,"size":5,"total":5},"success":true}
2021-06-10 15:00:16.156 INFO  com.company.server.config.LogAspect               :111  [32mbCyB6i53[0;39m ------------- ç»“æŸ è€—æ—¶ï¼š34 ms -------------
2021-06-10 15:00:49.743 INFO  com.company.server.config.LogAspect               :77   [32mbuYYiXpM[0;39m ------------- ã€å°èŠ‚ã€‘æŸ¥è¯¢å¼€å§‹ -------------
2021-06-10 15:00:49.744 INFO  com.company.server.config.LogAspect               :78   [32mbuYYiXpM[0;39m è¯·æ±‚åœ°å€: http://172.22.32.90:9002/business/admin/section/list POST
2021-06-10 15:00:49.744 INFO  com.company.server.config.LogAspect               :79   [32mbuYYiXpM[0;39m ç±»åæ–¹æ³•: com.company.business.controller.admin.SectionController.list
2021-06-10 15:00:49.744 INFO  com.company.server.config.LogAspect               :80   [32mbuYYiXpM[0;39m è¿œç¨‹åœ°å€: 172.22.32.90
2021-06-10 15:00:49.744 INFO  com.company.server.config.LogAspect               :98   [32mbuYYiXpM[0;39m è¯·æ±‚å‚æ•°: [{"page":1,"size":5,"total":0}]
2021-06-10 15:00:49.745 DEBUG c.c.s.mapper.SectionMapper.selectByExample_COUNT  :137  [32mbuYYiXpM[0;39m ==>  Preparing: SELECT count(0) FROM section
2021-06-10 15:00:49.746 DEBUG c.c.s.mapper.SectionMapper.selectByExample_COUNT  :137  [32mbuYYiXpM[0;39m ==> Parameters: 
2021-06-10 15:00:49.747 TRACE c.c.s.mapper.SectionMapper.selectByExample_COUNT  :143  [32mbuYYiXpM[0;39m <==    Columns: count(0)
2021-06-10 15:00:49.748 TRACE c.c.s.mapper.SectionMapper.selectByExample_COUNT  :143  [32mbuYYiXpM[0;39m <==        Row: 5
2021-06-10 15:00:49.748 DEBUG c.c.s.mapper.SectionMapper.selectByExample_COUNT  :137  [32mbuYYiXpM[0;39m <==      Total: 1
2021-06-10 15:00:49.748 DEBUG c.c.server.mapper.SectionMapper.selectByExample   :137  [32mbuYYiXpM[0;39m ==>  Preparing: select id, title, course_id, chapter_id, video, time, charge, sort, created_at, updated_at from section LIMIT ?
2021-06-10 15:00:49.749 DEBUG c.c.server.mapper.SectionMapper.selectByExample   :137  [32mbuYYiXpM[0;39m ==> Parameters: 5(Integer)
2021-06-10 15:00:49.750 TRACE c.c.server.mapper.SectionMapper.selectByExample   :143  [32mbuYYiXpM[0;39m <==    Columns: id, title, course_id, chapter_id, video, time, charge, sort, created_at, updated_at
2021-06-10 15:00:49.750 TRACE c.c.server.mapper.SectionMapper.selectByExample   :143  [32mbuYYiXpM[0;39m <==        Row: fVPTEPU7, 1, null, null, 5, null, C, null, null, null
2021-06-10 15:00:49.751 TRACE c.c.server.mapper.SectionMapper.selectByExample   :143  [32mbuYYiXpM[0;39m <==        Row: h636Qomu, 1, 2, 3, 4, 5, F, 7, null, null
2021-06-10 15:00:49.751 TRACE c.c.server.mapper.SectionMapper.selectByExample   :143  [32mbuYYiXpM[0;39m <==        Row: hd1cNCIV, 7, null, null, null, null, C, null, null, null
2021-06-10 15:00:49.751 TRACE c.c.server.mapper.SectionMapper.selectByExample   :143  [32mbuYYiXpM[0;39m <==        Row: lMKvVsMc, 13, null, null, null, null, F, null, null, null
2021-06-10 15:00:49.752 TRACE c.c.server.mapper.SectionMapper.selectByExample   :143  [32mbuYYiXpM[0;39m <==        Row: nlLobVJh, 2222, null, null, null, null, F, null, null, null
2021-06-10 15:00:49.752 DEBUG c.c.server.mapper.SectionMapper.selectByExample   :137  [32mbuYYiXpM[0;39m <==      Total: 5
2021-06-10 15:00:49.752 INFO  com.company.server.config.LogAspect               :110  [32mbuYYiXpM[0;39m è¿”å›žç»“æžœ: {"content":{"list":[{"charge":"C","id":"fVPTEPU7","title":"1","video":"5"},{"chapterId":"3","charge":"F","courseId":"2","id":"h636Qomu","sort":7,"time":5,"title":"1","video":"4"},{"charge":"C","id":"hd1cNCIV","title":"7"},{"charge":"F","id":"lMKvVsMc","title":"13"},{"charge":"F","id":"nlLobVJh","title":"2222"}],"page":1,"size":5,"total":5},"success":true}
2021-06-10 15:00:49.753 INFO  com.company.server.config.LogAspect               :111  [32mbuYYiXpM[0;39m ------------- ç»“æŸ è€—æ—¶ï¼š10 ms -------------
2021-06-10 15:01:01.111 INFO  com.company.server.config.LogAspect               :77   [32mL1rwSlVQ[0;39m ------------- ã€å°èŠ‚ã€‘æŸ¥è¯¢å¼€å§‹ -------------
2021-06-10 15:01:01.111 INFO  com.company.server.config.LogAspect               :78   [32mL1rwSlVQ[0;39m è¯·æ±‚åœ°å€: http://172.22.32.90:9002/business/admin/section/list POST
2021-06-10 15:01:01.112 INFO  com.company.server.config.LogAspect               :79   [32mL1rwSlVQ[0;39m ç±»åæ–¹æ³•: com.company.business.controller.admin.SectionController.list
2021-06-10 15:01:01.112 INFO  com.company.server.config.LogAspect               :80   [32mL1rwSlVQ[0;39m è¿œç¨‹åœ°å€: 172.22.32.90
2021-06-10 15:01:01.112 INFO  com.company.server.config.LogAspect               :98   [32mL1rwSlVQ[0;39m è¯·æ±‚å‚æ•°: [{"page":1,"size":5,"total":0}]
2021-06-10 15:01:01.113 DEBUG c.c.s.mapper.SectionMapper.selectByExample_COUNT  :137  [32mL1rwSlVQ[0;39m ==>  Preparing: SELECT count(0) FROM section
2021-06-10 15:01:01.113 DEBUG c.c.s.mapper.SectionMapper.selectByExample_COUNT  :137  [32mL1rwSlVQ[0;39m ==> Parameters: 
2021-06-10 15:01:01.114 TRACE c.c.s.mapper.SectionMapper.selectByExample_COUNT  :143  [32mL1rwSlVQ[0;39m <==    Columns: count(0)
2021-06-10 15:01:01.115 TRACE c.c.s.mapper.SectionMapper.selectByExample_COUNT  :143  [32mL1rwSlVQ[0;39m <==        Row: 5
2021-06-10 15:01:01.115 DEBUG c.c.s.mapper.SectionMapper.selectByExample_COUNT  :137  [32mL1rwSlVQ[0;39m <==      Total: 1
2021-06-10 15:01:01.116 DEBUG c.c.server.mapper.SectionMapper.selectByExample   :137  [32mL1rwSlVQ[0;39m ==>  Preparing: select id, title, course_id, chapter_id, video, time, charge, sort, created_at, updated_at from section LIMIT ?
2021-06-10 15:01:01.116 DEBUG c.c.server.mapper.SectionMapper.selectByExample   :137  [32mL1rwSlVQ[0;39m ==> Parameters: 5(Integer)
2021-06-10 15:01:01.117 TRACE c.c.server.mapper.SectionMapper.selectByExample   :143  [32mL1rwSlVQ[0;39m <==    Columns: id, title, course_id, chapter_id, video, time, charge, sort, created_at, updated_at
2021-06-10 15:01:01.117 TRACE c.c.server.mapper.SectionMapper.selectByExample   :143  [32mL1rwSlVQ[0;39m <==        Row: fVPTEPU7, 1, null, null, 5, null, C, null, null, null
2021-06-10 15:01:01.117 TRACE c.c.server.mapper.SectionMapper.selectByExample   :143  [32mL1rwSlVQ[0;39m <==        Row: h636Qomu, 1, 2, 3, 4, 5, F, 7, null, null
2021-06-10 15:01:01.118 TRACE c.c.server.mapper.SectionMapper.selectByExample   :143  [32mL1rwSlVQ[0;39m <==        Row: hd1cNCIV, 7, null, null, null, null, C, null, null, null
2021-06-10 15:01:01.118 TRACE c.c.server.mapper.SectionMapper.selectByExample   :143  [32mL1rwSlVQ[0;39m <==        Row: lMKvVsMc, 13, null, null, null, null, F, null, null, null
2021-06-10 15:01:01.118 TRACE c.c.server.mapper.SectionMapper.selectByExample   :143  [32mL1rwSlVQ[0;39m <==        Row: nlLobVJh, 2222, null, null, null, null, F, null, null, null
2021-06-10 15:01:01.118 DEBUG c.c.server.mapper.SectionMapper.selectByExample   :137  [32mL1rwSlVQ[0;39m <==      Total: 5
2021-06-10 15:01:01.119 INFO  com.company.server.config.LogAspect               :110  [32mL1rwSlVQ[0;39m è¿”å›žç»“æžœ: {"content":{"list":[{"charge":"C","id":"fVPTEPU7","title":"1","video":"5"},{"chapterId":"3","charge":"F","courseId":"2","id":"h636Qomu","sort":7,"time":5,"title":"1","video":"4"},{"charge":"C","id":"hd1cNCIV","title":"7"},{"charge":"F","id":"lMKvVsMc","title":"13"},{"charge":"F","id":"nlLobVJh","title":"2222"}],"page":1,"size":5,"total":5},"success":true}
2021-06-10 15:01:01.120 INFO  com.company.server.config.LogAspect               :111  [32mL1rwSlVQ[0;39m ------------- ç»“æŸ è€—æ—¶ï¼š9 ms -------------
2021-06-10 15:01:58.200 INFO  com.company.server.config.LogAspect               :77   [32mvzaMnNGB[0;39m ------------- ã€å¤§ç« ã€‘æŸ¥è¯¢å¼€å§‹ -------------
2021-06-10 15:01:58.200 INFO  com.company.server.config.LogAspect               :78   [32mvzaMnNGB[0;39m è¯·æ±‚åœ°å€: http://172.22.32.90:9002/business/admin/chapter/list POST
2021-06-10 15:01:58.200 INFO  com.company.server.config.LogAspect               :79   [32mvzaMnNGB[0;39m ç±»åæ–¹æ³•: com.company.business.controller.admin.ChapterController.list
2021-06-10 15:01:58.201 INFO  com.company.server.config.LogAspect               :80   [32mvzaMnNGB[0;39m è¿œç¨‹åœ°å€: 172.22.32.90
2021-06-10 15:01:58.201 INFO  com.company.server.config.LogAspect               :98   [32mvzaMnNGB[0;39m è¯·æ±‚å‚æ•°: [{"page":1,"size":5,"total":0}]
2021-06-10 15:01:58.202 DEBUG c.c.s.mapper.ChapterMapper.selectByExample_COUNT  :137  [32mvzaMnNGB[0;39m ==>  Preparing: SELECT count(0) FROM chapter
2021-06-10 15:01:58.202 DEBUG c.c.s.mapper.ChapterMapper.selectByExample_COUNT  :137  [32mvzaMnNGB[0;39m ==> Parameters: 
2021-06-10 15:01:58.204 TRACE c.c.s.mapper.ChapterMapper.selectByExample_COUNT  :143  [32mvzaMnNGB[0;39m <==    Columns: count(0)
2021-06-10 15:01:58.204 TRACE c.c.s.mapper.ChapterMapper.selectByExample_COUNT  :143  [32mvzaMnNGB[0;39m <==        Row: 10
2021-06-10 15:01:58.204 DEBUG c.c.s.mapper.ChapterMapper.selectByExample_COUNT  :137  [32mvzaMnNGB[0;39m <==      Total: 1
2021-06-10 15:01:58.205 DEBUG c.c.server.mapper.ChapterMapper.selectByExample   :137  [32mvzaMnNGB[0;39m ==>  Preparing: select id, course_id, name from chapter LIMIT ?
2021-06-10 15:01:58.205 DEBUG c.c.server.mapper.ChapterMapper.selectByExample   :137  [32mvzaMnNGB[0;39m ==> Parameters: 5(Integer)
2021-06-10 15:01:58.206 TRACE c.c.server.mapper.ChapterMapper.selectByExample   :143  [32mvzaMnNGB[0;39m <==    Columns: id, course_id, name
2021-06-10 15:01:58.206 TRACE c.c.server.mapper.ChapterMapper.selectByExample   :143  [32mvzaMnNGB[0;39m <==        Row: jcUNOtPO, 12, test
2021-06-10 15:01:58.207 TRACE c.c.server.mapper.ChapterMapper.selectByExample   :143  [32mvzaMnNGB[0;39m <==        Row: JnoEDBAk, 444, ç« 001
2021-06-10 15:01:58.207 TRACE c.c.server.mapper.ChapterMapper.selectByExample   :143  [32mvzaMnNGB[0;39m <==        Row: kHrEATME, 456, æµ‹è¯•
2021-06-10 15:01:58.208 TRACE c.c.server.mapper.ChapterMapper.selectByExample   :143  [32mvzaMnNGB[0;39m <==        Row: lr75Ik8n, 444, nnnnnnn
2021-06-10 15:01:58.208 TRACE c.c.server.mapper.ChapterMapper.selectByExample   :143  [32mvzaMnNGB[0;39m <==        Row: mEEpwSGW, 123, test
2021-06-10 15:01:58.209 DEBUG c.c.server.mapper.ChapterMapper.selectByExample   :137  [32mvzaMnNGB[0;39m <==      Total: 5
2021-06-10 15:01:58.209 INFO  com.company.server.config.LogAspect               :110  [32mvzaMnNGB[0;39m è¿”å›žç»“æžœ: {"content":{"list":[{"courseId":"12","id":"jcUNOtPO","name":"test"},{"courseId":"444","id":"JnoEDBAk","name":"ç« 001"},{"courseId":"456","id":"kHrEATME","name":"æµ‹è¯•"},{"courseId":"444","id":"lr75Ik8n","name":"nnnnnnn"},{"courseId":"123","id":"mEEpwSGW","name":"test"}],"page":1,"size":5,"total":10},"success":true}
2021-06-10 15:01:58.209 INFO  com.company.server.config.LogAspect               :111  [32mvzaMnNGB[0;39m ------------- ç»“æŸ è€—æ—¶ï¼š9 ms -------------
2021-06-10 15:02:41.007 INFO  c.n.d.shared.resolver.aws.ConfigClusterResolver   :43   [32m        [0;39m Resolving eureka endpoints via configuration
2021-06-10 15:07:41.014 INFO  c.n.d.shared.resolver.aws.ConfigClusterResolver   :43   [32m        [0;39m Resolving eureka endpoints via configuration
2021-06-10 15:08:51.517 INFO  com.company.server.config.LogAspect               :77   [32mLxdqn1jn[0;39m ------------- ã€å¤§ç« ã€‘æŸ¥è¯¢å¼€å§‹ -------------
2021-06-10 15:08:51.518 INFO  com.company.server.config.LogAspect               :78   [32mLxdqn1jn[0;39m è¯·æ±‚åœ°å€: http://172.22.32.90:9002/business/admin/chapter/list POST
2021-06-10 15:08:51.518 INFO  com.company.server.config.LogAspect               :79   [32mLxdqn1jn[0;39m ç±»åæ–¹æ³•: com.company.business.controller.admin.ChapterController.list
2021-06-10 15:08:51.518 INFO  com.company.server.config.LogAspect               :80   [32mLxdqn1jn[0;39m è¿œç¨‹åœ°å€: 172.22.32.90
2021-06-10 15:08:51.519 INFO  com.company.server.config.LogAspect               :98   [32mLxdqn1jn[0;39m è¯·æ±‚å‚æ•°: [{"page":1,"size":5,"total":0}]
2021-06-10 15:08:51.522 WARN  com.alibaba.druid.pool.DruidAbstractDataSource    :1489 [32mLxdqn1jn[0;39m discard long time none received connection. , jdbcUrl : jdbc:mysql://localhost:3306/mooc, version : 1.2.5, lastPacketReceivedIdleMillis : 413316
2021-06-10 15:08:51.545 DEBUG c.c.s.mapper.ChapterMapper.selectByExample_COUNT  :137  [32mLxdqn1jn[0;39m ==>  Preparing: SELECT count(0) FROM chapter
2021-06-10 15:08:51.546 DEBUG c.c.s.mapper.ChapterMapper.selectByExample_COUNT  :137  [32mLxdqn1jn[0;39m ==> Parameters: 
2021-06-10 15:08:51.549 TRACE c.c.s.mapper.ChapterMapper.selectByExample_COUNT  :143  [32mLxdqn1jn[0;39m <==    Columns: count(0)
2021-06-10 15:08:51.550 TRACE c.c.s.mapper.ChapterMapper.selectByExample_COUNT  :143  [32mLxdqn1jn[0;39m <==        Row: 10
2021-06-10 15:08:51.550 DEBUG c.c.s.mapper.ChapterMapper.selectByExample_COUNT  :137  [32mLxdqn1jn[0;39m <==      Total: 1
2021-06-10 15:08:51.551 DEBUG c.c.server.mapper.ChapterMapper.selectByExample   :137  [32mLxdqn1jn[0;39m ==>  Preparing: select id, course_id, name from chapter LIMIT ?
2021-06-10 15:08:51.552 DEBUG c.c.server.mapper.ChapterMapper.selectByExample   :137  [32mLxdqn1jn[0;39m ==> Parameters: 5(Integer)
2021-06-10 15:08:51.553 TRACE c.c.server.mapper.ChapterMapper.selectByExample   :143  [32mLxdqn1jn[0;39m <==    Columns: id, course_id, name
2021-06-10 15:08:51.553 TRACE c.c.server.mapper.ChapterMapper.selectByExample   :143  [32mLxdqn1jn[0;39m <==        Row: jcUNOtPO, 12, test
2021-06-10 15:08:51.554 TRACE c.c.server.mapper.ChapterMapper.selectByExample   :143  [32mLxdqn1jn[0;39m <==        Row: JnoEDBAk, 444, ç« 001
2021-06-10 15:08:51.554 TRACE c.c.server.mapper.ChapterMapper.selectByExample   :143  [32mLxdqn1jn[0;39m <==        Row: kHrEATME, 456, æµ‹è¯•
2021-06-10 15:08:51.554 TRACE c.c.server.mapper.ChapterMapper.selectByExample   :143  [32mLxdqn1jn[0;39m <==        Row: lr75Ik8n, 444, nnnnnnn
2021-06-10 15:08:51.554 TRACE c.c.server.mapper.ChapterMapper.selectByExample   :143  [32mLxdqn1jn[0;39m <==        Row: mEEpwSGW, 123, test
2021-06-10 15:08:51.554 DEBUG c.c.server.mapper.ChapterMapper.selectByExample   :137  [32mLxdqn1jn[0;39m <==      Total: 5
2021-06-10 15:08:51.555 INFO  com.company.server.config.LogAspect               :110  [32mLxdqn1jn[0;39m è¿”å›žç»“æžœ: {"content":{"list":[{"courseId":"12","id":"jcUNOtPO","name":"test"},{"courseId":"444","id":"JnoEDBAk","name":"ç« 001"},{"courseId":"456","id":"kHrEATME","name":"æµ‹è¯•"},{"courseId":"444","id":"lr75Ik8n","name":"nnnnnnn"},{"courseId":"123","id":"mEEpwSGW","name":"test"}],"page":1,"size":5,"total":10},"success":true}
2021-06-10 15:08:51.555 INFO  com.company.server.config.LogAspect               :111  [32mLxdqn1jn[0;39m ------------- ç»“æŸ è€—æ—¶ï¼š38 ms -------------
2021-06-10 15:08:53.773 INFO  com.company.server.config.LogAspect               :77   [32mrEKSwT2Y[0;39m ------------- ã€å¤§ç« ã€‘æŸ¥è¯¢å¼€å§‹ -------------
2021-06-10 15:08:53.773 INFO  com.company.server.config.LogAspect               :78   [32mrEKSwT2Y[0;39m è¯·æ±‚åœ°å€: http://172.22.32.90:9002/business/admin/chapter/list POST
2021-06-10 15:08:53.773 INFO  com.company.server.config.LogAspect               :79   [32mrEKSwT2Y[0;39m ç±»åæ–¹æ³•: com.company.business.controller.admin.ChapterController.list
2021-06-10 15:08:53.773 INFO  com.company.server.config.LogAspect               :80   [32mrEKSwT2Y[0;39m è¿œç¨‹åœ°å€: 172.22.32.90
2021-06-10 15:08:53.774 INFO  com.company.server.config.LogAspect               :98   [32mrEKSwT2Y[0;39m è¯·æ±‚å‚æ•°: [{"page":1,"size":5,"total":0}]
2021-06-10 15:08:53.775 DEBUG c.c.s.mapper.ChapterMapper.selectByExample_COUNT  :137  [32mrEKSwT2Y[0;39m ==>  Preparing: SELECT count(0) FROM chapter
2021-06-10 15:08:53.776 DEBUG c.c.s.mapper.ChapterMapper.selectByExample_COUNT  :137  [32mrEKSwT2Y[0;39m ==> Parameters: 
2021-06-10 15:08:53.779 TRACE c.c.s.mapper.ChapterMapper.selectByExample_COUNT  :143  [32mrEKSwT2Y[0;39m <==    Columns: count(0)
2021-06-10 15:08:53.779 TRACE c.c.s.mapper.ChapterMapper.selectByExample_COUNT  :143  [32mrEKSwT2Y[0;39m <==        Row: 10
2021-06-10 15:08:53.779 DEBUG c.c.s.mapper.ChapterMapper.selectByExample_COUNT  :137  [32mrEKSwT2Y[0;39m <==      Total: 1
2021-06-10 15:08:53.781 DEBUG c.c.server.mapper.ChapterMapper.selectByExample   :137  [32mrEKSwT2Y[0;39m ==>  Preparing: select id, course_id, name from chapter LIMIT ?
2021-06-10 15:08:53.782 DEBUG c.c.server.mapper.ChapterMapper.selectByExample   :137  [32mrEKSwT2Y[0;39m ==> Parameters: 5(Integer)
2021-06-10 15:08:53.783 TRACE c.c.server.mapper.ChapterMapper.selectByExample   :143  [32mrEKSwT2Y[0;39m <==    Columns: id, course_id, name
2021-06-10 15:08:53.783 TRACE c.c.server.mapper.ChapterMapper.selectByExample   :143  [32mrEKSwT2Y[0;39m <==        Row: jcUNOtPO, 12, test
2021-06-10 15:08:53.784 TRACE c.c.server.mapper.ChapterMapper.selectByExample   :143  [32mrEKSwT2Y[0;39m <==        Row: JnoEDBAk, 444, ç« 001
2021-06-10 15:08:53.784 TRACE c.c.server.mapper.ChapterMapper.selectByExample   :143  [32mrEKSwT2Y[0;39m <==        Row: kHrEATME, 456, æµ‹è¯•
2021-06-10 15:08:53.784 TRACE c.c.server.mapper.ChapterMapper.selectByExample   :143  [32mrEKSwT2Y[0;39m <==        Row: lr75Ik8n, 444, nnnnnnn
2021-06-10 15:08:53.785 TRACE c.c.server.mapper.ChapterMapper.selectByExample   :143  [32mrEKSwT2Y[0;39m <==        Row: mEEpwSGW, 123, test
2021-06-10 15:08:53.785 DEBUG c.c.server.mapper.ChapterMapper.selectByExample   :137  [32mrEKSwT2Y[0;39m <==      Total: 5
2021-06-10 15:08:53.786 INFO  com.company.server.config.LogAspect               :110  [32mrEKSwT2Y[0;39m è¿”å›žç»“æžœ: {"content":{"list":[{"courseId":"12","id":"jcUNOtPO","name":"test"},{"courseId":"444","id":"JnoEDBAk","name":"ç« 001"},{"courseId":"456","id":"kHrEATME","name":"æµ‹è¯•"},{"courseId":"444","id":"lr75Ik8n","name":"nnnnnnn"},{"courseId":"123","id":"mEEpwSGW","name":"test"}],"page":1,"size":5,"total":10},"success":true}
2021-06-10 15:08:53.786 INFO  com.company.server.config.LogAspect               :111  [32mrEKSwT2Y[0;39m ------------- ç»“æŸ è€—æ—¶ï¼š14 ms -------------
2021-06-10 15:08:58.737 INFO  com.company.server.config.LogAspect               :77   [32mWOzomDJ3[0;39m ------------- ã€å¤§ç« ã€‘æŸ¥è¯¢å¼€å§‹ -------------
2021-06-10 15:08:58.737 INFO  com.company.server.config.LogAspect               :78   [32mWOzomDJ3[0;39m è¯·æ±‚åœ°å€: http://172.22.32.90:9002/business/admin/chapter/list POST
2021-06-10 15:08:58.737 INFO  com.company.server.config.LogAspect               :79   [32mWOzomDJ3[0;39m ç±»åæ–¹æ³•: com.company.business.controller.admin.ChapterController.list
2021-06-10 15:08:58.738 INFO  com.company.server.config.LogAspect               :80   [32mWOzomDJ3[0;39m è¿œç¨‹åœ°å€: 172.22.32.90
2021-06-10 15:08:58.738 INFO  com.company.server.config.LogAspect               :98   [32mWOzomDJ3[0;39m è¯·æ±‚å‚æ•°: [{"page":1,"size":5,"total":0}]
2021-06-10 15:08:58.739 DEBUG c.c.s.mapper.ChapterMapper.selectByExample_COUNT  :137  [32mWOzomDJ3[0;39m ==>  Preparing: SELECT count(0) FROM chapter
2021-06-10 15:08:58.740 DEBUG c.c.s.mapper.ChapterMapper.selectByExample_COUNT  :137  [32mWOzomDJ3[0;39m ==> Parameters: 
2021-06-10 15:08:58.753 TRACE c.c.s.mapper.ChapterMapper.selectByExample_COUNT  :143  [32mWOzomDJ3[0;39m <==    Columns: count(0)
2021-06-10 15:08:58.753 TRACE c.c.s.mapper.ChapterMapper.selectByExample_COUNT  :143  [32mWOzomDJ3[0;39m <==        Row: 10
2021-06-10 15:08:58.754 DEBUG c.c.s.mapper.ChapterMapper.selectByExample_COUNT  :137  [32mWOzomDJ3[0;39m <==      Total: 1
2021-06-10 15:08:58.755 DEBUG c.c.server.mapper.ChapterMapper.selectByExample   :137  [32mWOzomDJ3[0;39m ==>  Preparing: select id, course_id, name from chapter LIMIT ?
2021-06-10 15:08:58.755 DEBUG c.c.server.mapper.ChapterMapper.selectByExample   :137  [32mWOzomDJ3[0;39m ==> Parameters: 5(Integer)
2021-06-10 15:08:58.757 TRACE c.c.server.mapper.ChapterMapper.selectByExample   :143  [32mWOzomDJ3[0;39m <==    Columns: id, course_id, name
2021-06-10 15:08:58.757 TRACE c.c.server.mapper.ChapterMapper.selectByExample   :143  [32mWOzomDJ3[0;39m <==        Row: jcUNOtPO, 12, test
2021-06-10 15:08:58.758 TRACE c.c.server.mapper.ChapterMapper.selectByExample   :143  [32mWOzomDJ3[0;39m <==        Row: JnoEDBAk, 444, ç« 001
2021-06-10 15:08:58.758 TRACE c.c.server.mapper.ChapterMapper.selectByExample   :143  [32mWOzomDJ3[0;39m <==        Row: kHrEATME, 456, æµ‹è¯•
2021-06-10 15:08:58.759 TRACE c.c.server.mapper.ChapterMapper.selectByExample   :143  [32mWOzomDJ3[0;39m <==        Row: lr75Ik8n, 444, nnnnnnn
2021-06-10 15:08:58.759 TRACE c.c.server.mapper.ChapterMapper.selectByExample   :143  [32mWOzomDJ3[0;39m <==        Row: mEEpwSGW, 123, test
2021-06-10 15:08:58.759 DEBUG c.c.server.mapper.ChapterMapper.selectByExample   :137  [32mWOzomDJ3[0;39m <==      Total: 5
2021-06-10 15:08:58.760 INFO  com.company.server.config.LogAspect               :110  [32mWOzomDJ3[0;39m è¿”å›žç»“æžœ: {"content":{"list":[{"courseId":"12","id":"jcUNOtPO","name":"test"},{"courseId":"444","id":"JnoEDBAk","name":"ç« 001"},{"courseId":"456","id":"kHrEATME","name":"æµ‹è¯•"},{"courseId":"444","id":"lr75Ik8n","name":"nnnnnnn"},{"courseId":"123","id":"mEEpwSGW","name":"test"}],"page":1,"size":5,"total":10},"success":true}
2021-06-10 15:08:58.760 INFO  com.company.server.config.LogAspect               :111  [32mWOzomDJ3[0;39m ------------- ç»“æŸ è€—æ—¶ï¼š23 ms -------------
2021-06-10 15:12:41.018 INFO  c.n.d.shared.resolver.aws.ConfigClusterResolver   :43   [32m        [0;39m Resolving eureka endpoints via configuration
2021-06-10 15:17:41.023 INFO  c.n.d.shared.resolver.aws.ConfigClusterResolver   :43   [32m        [0;39m Resolving eureka endpoints via configuration
2021-06-10 15:21:48.541 INFO  o.s.c.n.e.serviceregistry.EurekaServiceRegistry   :65   [32m        [0;39m Unregistering application BUSINESS-CLIENT with eureka with status DOWN
2021-06-10 15:21:48.542 INFO  com.netflix.discovery.DiscoveryClient             :1352 [32m        [0;39m Saw local status change event StatusChangeEvent [timestamp=1623309708542, current=DOWN, previous=UP]
2021-06-10 15:21:48.542 INFO  com.netflix.discovery.DiscoveryClient             :873  [32m        [0;39m DiscoveryClient_BUSINESS-CLIENT/business-9002: registering service...
2021-06-10 15:21:48.558 INFO  com.netflix.discovery.DiscoveryClient             :882  [32m        [0;39m DiscoveryClient_BUSINESS-CLIENT/business-9002 - registration status: 204
2021-06-10 15:21:49.056 INFO  o.s.scheduling.concurrent.ThreadPoolTaskExecutor  :218  [32m        [0;39m Shutting down ExecutorService 'applicationTaskExecutor'
2021-06-10 15:21:49.060 INFO  com.alibaba.druid.pool.DruidDataSource            :2039 [32m        [0;39m {dataSource-1} closing ...
2021-06-10 15:21:49.063 INFO  com.alibaba.druid.pool.DruidDataSource            :2111 [32m        [0;39m {dataSource-1} closed
2021-06-10 15:21:49.064 INFO  com.netflix.discovery.DiscoveryClient             :935  [32m        [0;39m Shutting down DiscoveryClient ...
2021-06-10 15:21:52.075 INFO  com.netflix.discovery.DiscoveryClient             :971  [32m        [0;39m Unregistering ...
2021-06-10 15:21:52.111 INFO  com.netflix.discovery.DiscoveryClient             :973  [32m        [0;39m DiscoveryClient_BUSINESS-CLIENT/business-9002 - deregister  status: 200
2021-06-10 15:21:52.122 INFO  com.netflix.discovery.DiscoveryClient             :960  [32m        [0;39m Completed shut down of DiscoveryClient
2021-06-10 15:21:53.629 INFO  com.company.business.BusinessApplication          :651  [32m        [0;39m No active profile set, falling back to default profiles: default
2021-06-10 15:21:53.981 INFO  o.springframework.cloud.context.scope.GenericScope:295  [32m        [0;39m BeanFactory id=b9c67fa5-3a92-3ff4-b0c5-944974c2609a
2021-06-10 15:21:54.143 INFO  o.s.boot.web.embedded.tomcat.TomcatWebServer      :108  [32m        [0;39m Tomcat initialized with port(s): 9002 (http)
2021-06-10 15:21:54.144 INFO  org.apache.coyote.http11.Http11NioProtocol        :173  [32m        [0;39m Initializing ProtocolHandler ["http-nio-9002"]
2021-06-10 15:21:54.144 INFO  org.apache.catalina.core.StandardService          :173  [32m        [0;39m Starting service [Tomcat]
2021-06-10 15:21:54.144 INFO  org.apache.catalina.core.StandardEngine           :173  [32m        [0;39m Starting Servlet engine: [Apache Tomcat/9.0.39]
2021-06-10 15:21:54.169 INFO  o.a.c.c.C.[Tomcat].[localhost].[/business]        :173  [32m        [0;39m Initializing Spring embedded WebApplicationContext
2021-06-10 15:21:54.169 INFO  o.s.b.w.s.c.ServletWebServerApplicationContext    :285  [32m        [0;39m Root WebApplicationContext: initialization completed in 536 ms
2021-06-10 15:21:54.315 WARN  com.netflix.config.sources.URLConfigurationSource :121  [32m        [0;39m No URLs will be polled as dynamic configuration sources.
2021-06-10 15:21:54.315 INFO  com.netflix.config.sources.URLConfigurationSource :122  [32m        [0;39m To enable URLs as dynamic configuration sources, define System property archaius.configurationSource.additionalUrls or make config.properties available on classpath.
2021-06-10 15:21:54.419 INFO  o.s.scheduling.concurrent.ThreadPoolTaskExecutor  :181  [32m        [0;39m Initializing ExecutorService 'applicationTaskExecutor'
2021-06-10 15:21:54.569 WARN  o.s.b.d.autoconfigure.OptionalLiveReloadServer    :61   [32m        [0;39m Unable to start LiveReload server
2021-06-10 15:21:55.188 INFO  o.s.c.n.e.c.DiscoveryClientOptionalArgsConfiguration:78   [32m        [0;39m Eureka HTTP Client uses Jersey
2021-06-10 15:21:55.833 WARN  o.s.c.l.c.BlockingLoadBalancerClientAutoConfiguration$BlockingLoadBalancerClientRibbonWarnLogger:106  [32m        [0;39m You already have RibbonLoadBalancerClient on your classpath. It will be used by default. As Spring Cloud Ribbon is in maintenance mode. We recommend switching to BlockingLoadBalancerClient instead. In order to use it, set the value of `spring.cloud.loadbalancer.ribbon.enabled` to `false` or remove spring-cloud-starter-netflix-ribbon from your project.
2021-06-10 15:21:55.875 INFO  o.s.cloud.netflix.eureka.InstanceInfoFactory      :72   [32m        [0;39m Setting initial instance status as: STARTING
2021-06-10 15:21:55.877 INFO  com.netflix.discovery.DiscoveryClient             :372  [32m        [0;39m Initializing Eureka in region us-east-1
2021-06-10 15:21:55.883 INFO  c.n.discovery.provider.DiscoveryJerseyProvider    :70   [32m        [0;39m Using JSON encoding codec LegacyJacksonJson
2021-06-10 15:21:55.883 INFO  c.n.discovery.provider.DiscoveryJerseyProvider    :71   [32m        [0;39m Using JSON decoding codec LegacyJacksonJson
2021-06-10 15:21:55.883 INFO  c.n.discovery.provider.DiscoveryJerseyProvider    :80   [32m        [0;39m Using XML encoding codec XStreamXml
2021-06-10 15:21:55.883 INFO  c.n.discovery.provider.DiscoveryJerseyProvider    :81   [32m        [0;39m Using XML decoding codec XStreamXml
2021-06-10 15:21:55.940 INFO  c.n.d.shared.resolver.aws.ConfigClusterResolver   :43   [32m        [0;39m Resolving eureka endpoints via configuration
2021-06-10 15:21:55.940 INFO  com.netflix.discovery.DiscoveryClient             :1007 [32m        [0;39m Disable delta property : false
2021-06-10 15:21:55.941 INFO  com.netflix.discovery.DiscoveryClient             :1008 [32m        [0;39m Single vip registry refresh property : null
2021-06-10 15:21:55.941 INFO  com.netflix.discovery.DiscoveryClient             :1009 [32m        [0;39m Force full registry fetch : false
2021-06-10 15:21:55.941 INFO  com.netflix.discovery.DiscoveryClient             :1010 [32m        [0;39m Application is null : false
2021-06-10 15:21:55.941 INFO  com.netflix.discovery.DiscoveryClient             :1011 [32m        [0;39m Registered Applications size is zero : true
2021-06-10 15:21:55.941 INFO  com.netflix.discovery.DiscoveryClient             :1013 [32m        [0;39m Application version is -1: true
2021-06-10 15:21:55.941 INFO  com.netflix.discovery.DiscoveryClient             :1097 [32m        [0;39m Getting all instance registry info from the eureka server
2021-06-10 15:21:55.945 INFO  com.netflix.discovery.DiscoveryClient             :1106 [32m        [0;39m The response status is 200
2021-06-10 15:21:55.945 INFO  com.netflix.discovery.DiscoveryClient             :1321 [32m        [0;39m Starting heartbeat executor: renew interval is: 30
2021-06-10 15:21:55.946 INFO  com.netflix.discovery.InstanceInfoReplicator      :60   [32m        [0;39m InstanceInfoReplicator onDemand update allowed rate per min is 4
2021-06-10 15:21:55.946 INFO  com.netflix.discovery.DiscoveryClient             :492  [32m        [0;39m Discovery Client initialized at timestamp 1623309715946 with initial instances count: 2
2021-06-10 15:21:55.951 INFO  o.s.c.n.e.serviceregistry.EurekaServiceRegistry   :41   [32m        [0;39m Registering application BUSINESS-CLIENT with eureka with status UP
2021-06-10 15:21:55.952 INFO  com.netflix.discovery.DiscoveryClient             :1352 [32m        [0;39m Saw local status change event StatusChangeEvent [timestamp=1623309715952, current=UP, previous=STARTING]
2021-06-10 15:21:55.952 INFO  com.netflix.discovery.DiscoveryClient             :873  [32m        [0;39m DiscoveryClient_BUSINESS-CLIENT/business-9002: registering service...
2021-06-10 15:21:55.954 INFO  org.apache.coyote.http11.Http11NioProtocol        :173  [32m        [0;39m Starting ProtocolHandler ["http-nio-9002"]
2021-06-10 15:21:55.957 INFO  o.s.boot.web.embedded.tomcat.TomcatWebServer      :220  [32m        [0;39m Tomcat started on port(s): 9002 (http) with context path '/business'
2021-06-10 15:21:55.958 INFO  o.s.c.n.e.s.EurekaAutoServiceRegistration         :145  [32m        [0;39m Updating port to 9002
2021-06-10 15:21:55.969 INFO  com.netflix.discovery.DiscoveryClient             :882  [32m        [0;39m DiscoveryClient_BUSINESS-CLIENT/business-9002 - registration status: 204
2021-06-10 15:21:56.547 INFO  com.company.business.BusinessApplication          :61   [32m        [0;39m Started BusinessApplication in 4.219 seconds (JVM running for 172386.635)
2021-06-10 15:21:56.549 INFO  o.s.b.d.a.ConditionEvaluationDeltaLoggingListener :63   [32m        [0;39m Condition evaluation unchanged
2021-06-10 15:21:56.549 INFO  com.company.business.BusinessApplication          :21   [32m        [0;39m å¯åŠ¨æˆåŠŸ
2021-06-10 15:21:56.549 INFO  com.company.business.BusinessApplication          :22   [32m        [0;39m Businessåœ°å€:	http://127.0.0.1:9002
